

================================================================
== Vitis HLS Report for 'Block_entry5165_proc'
================================================================
* Date:           Thu Nov 28 03:52:38 2024

* Version:        2022.1 (Build 3526262 on Mon Apr 18 15:47:01 MDT 2022)
* Project:        matrix_mul_hls
* Solution:       solution1 (Vivado IP Flow Target)
* Product family: virtexuplus
* Target device:  xcu50-fsvh2104-2-e


================================================================
== Performance Estimates
================================================================
+ Timing: 
    * Summary: 
    +--------+---------+----------+------------+
    |  Clock |  Target | Estimated| Uncertainty|
    +--------+---------+----------+------------+
    |ap_clk  |  3.33 ns|  1.974 ns|     0.90 ns|
    +--------+---------+----------+------------+

+ Latency: 
    * Summary: 
    +---------+---------+----------+----------+-----+-----+---------+
    |  Latency (cycles) |  Latency (absolute) |  Interval | Pipeline|
    |   min   |   max   |    min   |    max   | min | max |   Type  |
    +---------+---------+----------+----------+-----+-----+---------+
    |        0|        0|      0 ns|      0 ns|    0|    0|       no|
    +---------+---------+----------+----------+-----+-----+---------+

    + Detail: 
        * Instance: 
        N/A

        * Loop: 
        N/A



================================================================
== Utilization Estimates
================================================================
* Summary: 
+---------------------+---------+------+---------+--------+-----+
|         Name        | BRAM_18K|  DSP |    FF   |   LUT  | URAM|
+---------------------+---------+------+---------+--------+-----+
|DSP                  |        -|     -|        -|       -|    -|
|Expression           |        -|     -|        0|     217|    -|
|FIFO                 |        -|     -|        -|       -|    -|
|Instance             |        -|     -|        -|       -|    -|
|Memory               |        -|     -|        -|       -|    -|
|Multiplexer          |        -|     -|        -|      63|    -|
|Register             |        -|     -|      255|       -|    -|
+---------------------+---------+------+---------+--------+-----+
|Total                |        0|     0|      255|     280|    0|
+---------------------+---------+------+---------+--------+-----+
|Available SLR        |     1344|  2976|   871680|  435840|  320|
+---------------------+---------+------+---------+--------+-----+
|Utilization SLR (%)  |        0|     0|       ~0|      ~0|    0|
+---------------------+---------+------+---------+--------+-----+
|Available            |     2688|  5952|  1743360|  871680|  640|
+---------------------+---------+------+---------+--------+-----+
|Utilization (%)      |        0|     0|       ~0|      ~0|    0|
+---------------------+---------+------+---------+--------+-----+

+ Detail: 
    * Instance: 
    N/A

    * DSP: 
    N/A

    * Memory: 
    N/A

    * FIFO: 
    N/A

    * Expression: 
    +------------------------+----------+----+---+----+------------+------------+
    |      Variable Name     | Operation| DSP| FF| LUT| Bitwidth P0| Bitwidth P1|
    +------------------------+----------+----+---+----+------------+------------+
    |add_ln38_1_fu_94_p2     |         +|   0|  0|  68|          61|           1|
    |add_ln38_2_fu_106_p2    |         +|   0|  0|  39|          32|           4|
    |add_ln38_fu_70_p2       |         +|   0|  0|  40|          33|           2|
    |cmp1922_out_0_fu_48_p2  |      icmp|   0|  0|  20|          32|           1|
    |icmp_ln38_fu_100_p2     |      icmp|   0|  0|  20|          32|           1|
    |ap_block_state1         |        or|   0|  0|   2|           1|           1|
    |select_ln38_fu_122_p3   |    select|   0|  0|  28|           1|          28|
    +------------------------+----------+----+---+----+------------+------------+
    |Total                   |          |   0|  0| 217|         192|          38|
    +------------------------+----------+----+---+----+------------+------------+

    * Multiplexer: 
    +-------------+----+-----------+-----+-----------+
    |     Name    | LUT| Input Size| Bits| Total Bits|
    +-------------+----+-----------+-----+-----------+
    |ap_done      |   9|          2|    1|          2|
    |ap_return_0  |   9|          2|    1|          2|
    |ap_return_1  |   9|          2|   62|        124|
    |ap_return_2  |   9|          2|   64|        128|
    |ap_return_3  |   9|          2|   37|         74|
    |ap_return_4  |   9|          2|   61|        122|
    |ap_return_5  |   9|          2|   28|         56|
    +-------------+----+-----------+-----+-----------+
    |Total        |  63|         14|  254|        508|
    +-------------+----+-----------+-----+-----------+

    * Register: 
    +------------------+----+----+-----+-----------+
    |       Name       | FF | LUT| Bits| Const Bits|
    +------------------+----+----+-----+-----------+
    |ap_CS_fsm         |   1|   0|    1|          0|
    |ap_done_reg       |   1|   0|    1|          0|
    |ap_return_0_preg  |   1|   0|    1|          0|
    |ap_return_1_preg  |  62|   0|   62|          0|
    |ap_return_2_preg  |  64|   0|   64|          0|
    |ap_return_3_preg  |  37|   0|   37|          0|
    |ap_return_4_preg  |  61|   0|   61|          0|
    |ap_return_5_preg  |  28|   0|   28|          0|
    +------------------+----+----+-----+-----------+
    |Total             | 255|   0|  255|          0|
    +------------------+----+----+-----+-----------+



================================================================
== Interface
================================================================
* Summary: 
+-------------+-----+-----+------------+----------------------+--------------+
|  RTL Ports  | Dir | Bits|  Protocol  |     Source Object    |    C Type    |
+-------------+-----+-----+------------+----------------------+--------------+
|ap_clk       |   in|    1|  ap_ctrl_hs|  Block_entry5165_proc|  return value|
|ap_rst       |   in|    1|  ap_ctrl_hs|  Block_entry5165_proc|  return value|
|ap_start     |   in|    1|  ap_ctrl_hs|  Block_entry5165_proc|  return value|
|ap_done      |  out|    1|  ap_ctrl_hs|  Block_entry5165_proc|  return value|
|ap_continue  |   in|    1|  ap_ctrl_hs|  Block_entry5165_proc|  return value|
|ap_idle      |  out|    1|  ap_ctrl_hs|  Block_entry5165_proc|  return value|
|ap_ready     |  out|    1|  ap_ctrl_hs|  Block_entry5165_proc|  return value|
|ap_return_0  |  out|    1|  ap_ctrl_hs|  Block_entry5165_proc|  return value|
|ap_return_1  |  out|   62|  ap_ctrl_hs|  Block_entry5165_proc|  return value|
|ap_return_2  |  out|   64|  ap_ctrl_hs|  Block_entry5165_proc|  return value|
|ap_return_3  |  out|   37|  ap_ctrl_hs|  Block_entry5165_proc|  return value|
|ap_return_4  |  out|   61|  ap_ctrl_hs|  Block_entry5165_proc|  return value|
|ap_return_5  |  out|   28|  ap_ctrl_hs|  Block_entry5165_proc|  return value|
|N            |   in|   32|     ap_none|                     N|        scalar|
|P            |   in|   32|     ap_none|                     P|        scalar|
|M            |   in|   32|     ap_none|                     M|        scalar|
+-------------+-----+-----+------------+----------------------+--------------+

