

================================================================
== Vitis HLS Report for 'Loop_VITIS_LOOP_38_1_proc_Pipeline_store_c'
================================================================
* Date:           Thu Nov 28 03:52:41 2024

* Version:        2022.1 (Build 3526262 on Mon Apr 18 15:47:01 MDT 2022)
* Project:        matrix_mul_hls
* Solution:       solution1 (Vivado IP Flow Target)
* Product family: virtexuplus
* Target device:  xcu50-fsvh2104-2-e


================================================================
== Performance Estimates
================================================================
+ Timing: 
    * Summary: 
    +--------+---------+----------+------------+
    |  Clock |  Target | Estimated| Uncertainty|
    +--------+---------+----------+------------+
    |ap_clk  |  3.33 ns|  2.431 ns|     0.90 ns|
    +--------+---------+----------+------------+

+ Latency: 
    * Summary: 
    +---------+---------+----------+----------+-----+-----+---------+
    |  Latency (cycles) |  Latency (absolute) |  Interval | Pipeline|
    |   min   |   max   |    min   |    max   | min | max |   Type  |
    +---------+---------+----------+----------+-----+-----+---------+
    |      264|      264|  0.879 us|  0.879 us|  264|  264|       no|
    +---------+---------+----------+----------+-----+-----+---------+

    + Detail: 
        * Instance: 
        N/A

        * Loop: 
        +-----------+---------+---------+----------+-----------+-----------+------+----------+
        |           |  Latency (cycles) | Iteration|  Initiation Interval  | Trip |          |
        | Loop Name |   min   |   max   |  Latency |  achieved |   target  | Count| Pipelined|
        +-----------+---------+---------+----------+-----------+-----------+------+----------+
        |- store_c  |      262|      262|        23|         16|          1|    16|       yes|
        +-----------+---------+---------+----------+-----------+-----------+------+----------+



================================================================
== Utilization Estimates
================================================================
* Summary: 
+---------------------+---------+------+---------+--------+-----+
|         Name        | BRAM_18K|  DSP |    FF   |   LUT  | URAM|
+---------------------+---------+------+---------+--------+-----+
|DSP                  |        -|     -|        -|       -|    -|
|Expression           |        -|     -|        0|     301|    -|
|FIFO                 |        -|     -|        -|       -|    -|
|Instance             |        -|     -|        -|       -|    -|
|Memory               |        -|     -|        -|       -|    -|
|Multiplexer          |        -|     -|        -|     243|    -|
|Register             |        -|     -|      638|       -|    -|
+---------------------+---------+------+---------+--------+-----+
|Total                |        0|     0|      638|     544|    0|
+---------------------+---------+------+---------+--------+-----+
|Available SLR        |     1344|  2976|   871680|  435840|  320|
+---------------------+---------+------+---------+--------+-----+
|Utilization SLR (%)  |        0|     0|       ~0|      ~0|    0|
+---------------------+---------+------+---------+--------+-----+
|Available            |     2688|  5952|  1743360|  871680|  640|
+---------------------+---------+------+---------+--------+-----+
|Utilization (%)      |        0|     0|       ~0|      ~0|    0|
+---------------------+---------+------+---------+--------+-----+

+ Detail: 
    * Instance: 
    N/A

    * DSP: 
    N/A

    * Memory: 
    N/A

    * FIFO: 
    N/A

    * Expression: 
    +----------------------------+----------+----+---+----+------------+------------+
    |        Variable Name       | Operation| DSP| FF| LUT| Bitwidth P0| Bitwidth P1|
    +----------------------------+----------+----+---+----+------------+------------+
    |add_ln97_fu_501_p2          |         +|   0|  0|  12|           5|           1|
    |empty_46_fu_544_p2          |         +|   0|  0|  62|          62|          62|
    |empty_47_fu_557_p2          |         +|   0|  0|  71|          64|          64|
    |next_mul4264_fu_530_p2      |         +|   0|  0|  44|          37|          37|
    |tmp6_fu_539_p2              |         +|   0|  0|  62|          62|          62|
    |ap_block_pp0_stage0_11001   |       and|   0|  0|   2|           1|           1|
    |ap_block_pp0_stage10_11001  |       and|   0|  0|   2|           1|           1|
    |ap_block_pp0_stage11_11001  |       and|   0|  0|   2|           1|           1|
    |ap_block_pp0_stage12_11001  |       and|   0|  0|   2|           1|           1|
    |ap_block_pp0_stage13_11001  |       and|   0|  0|   2|           1|           1|
    |ap_block_pp0_stage14_11001  |       and|   0|  0|   2|           1|           1|
    |ap_block_pp0_stage15_11001  |       and|   0|  0|   2|           1|           1|
    |ap_block_pp0_stage1_11001   |       and|   0|  0|   2|           1|           1|
    |ap_block_pp0_stage3_11001   |       and|   0|  0|   2|           1|           1|
    |ap_block_pp0_stage4_11001   |       and|   0|  0|   2|           1|           1|
    |ap_block_pp0_stage5_11001   |       and|   0|  0|   2|           1|           1|
    |ap_block_pp0_stage6_11001   |       and|   0|  0|   2|           1|           1|
    |ap_block_pp0_stage7_01001   |       and|   0|  0|   2|           1|           1|
    |ap_block_pp0_stage8_11001   |       and|   0|  0|   2|           1|           1|
    |ap_block_pp0_stage9_11001   |       and|   0|  0|   2|           1|           1|
    |ap_block_state10_io         |       and|   0|  0|   2|           1|           1|
    |ap_block_state3_io          |       and|   0|  0|   2|           1|           1|
    |icmp_ln97_fu_495_p2         |      icmp|   0|  0|  10|           5|           6|
    |ap_block_pp0_stage2_11001   |        or|   0|  0|   2|           1|           1|
    |ap_block_pp0_stage7_11001   |        or|   0|  0|   2|           1|           1|
    |ap_enable_pp0               |       xor|   0|  0|   2|           1|           2|
    +----------------------------+----------+----+---+----+------------+------------+
    |Total                       |          |   0|  0| 301|         255|         253|
    +----------------------------+----------+----+---+----+------------+------------+

    * Multiplexer: 
    +-----------------------------+----+-----------+-----+-----------+
    |             Name            | LUT| Input Size| Bits| Total Bits|
    +-----------------------------+----+-----------+-----+-----------+
    |ap_NS_fsm                    |  81|         17|    1|         17|
    |ap_done_int                  |   9|          2|    1|          2|
    |ap_enable_reg_pp0_iter0      |   9|          2|    1|          2|
    |ap_enable_reg_pp0_iter0_reg  |   9|          2|    1|          2|
    |ap_enable_reg_pp0_iter1      |   9|          2|    1|          2|
    |gmem2_blk_n_AW               |   9|          2|    1|          2|
    |gmem2_blk_n_B                |   9|          2|    1|          2|
    |gmem2_blk_n_W                |   9|          2|    1|          2|
    |ii_fu_110                    |   9|          2|    5|         10|
    |m_axi_gmem2_WDATA            |  81|         17|   32|        544|
    |phi_mul4263_fu_106           |   9|          2|   37|         74|
    +-----------------------------+----+-----------+-----+-----------+
    |Total                        | 243|         52|   82|        659|
    +-----------------------------+----+-----------+-----+-----------+

    * Register: 
    +-----------------------------+----+----+-----+-----------+
    |             Name            | FF | LUT| Bits| Const Bits|
    +-----------------------------+----+----+-----+-----------+
    |ap_CS_fsm                    |  16|   0|   16|          0|
    |ap_done_reg                  |   1|   0|    1|          0|
    |ap_enable_reg_pp0_iter0_reg  |   1|   0|    1|          0|
    |ap_enable_reg_pp0_iter1      |   1|   0|    1|          0|
    |gmem2_addr_reg_774           |  64|   0|   64|          0|
    |icmp_ln97_reg_690            |   1|   0|    1|          0|
    |ii_fu_110                    |   5|   0|    5|          0|
    |local_C_10_load_reg_820      |  32|   0|   32|          0|
    |local_C_11_load_reg_815      |  32|   0|   32|          0|
    |local_C_12_load_reg_810      |  32|   0|   32|          0|
    |local_C_13_load_reg_805      |  32|   0|   32|          0|
    |local_C_14_load_reg_800      |  32|   0|   32|          0|
    |local_C_15_load_reg_795      |  32|   0|   32|          0|
    |local_C_1_load_reg_865       |  32|   0|   32|          0|
    |local_C_2_load_reg_860       |  32|   0|   32|          0|
    |local_C_3_load_reg_855       |  32|   0|   32|          0|
    |local_C_4_load_reg_850       |  32|   0|   32|          0|
    |local_C_5_load_reg_845       |  32|   0|   32|          0|
    |local_C_6_load_reg_840       |  32|   0|   32|          0|
    |local_C_7_load_reg_835       |  32|   0|   32|          0|
    |local_C_8_load_reg_830       |  32|   0|   32|          0|
    |local_C_9_load_reg_825       |  32|   0|   32|          0|
    |local_C_load_reg_870         |  32|   0|   32|          0|
    |phi_mul4263_fu_106           |  37|   0|   37|          0|
    +-----------------------------+----+----+-----+-----------+
    |Total                        | 638|   0|  638|          0|
    +-----------------------------+----+----+-----+-----------+



================================================================
== Interface
================================================================
* Summary: 
+----------------------+-----+-----+------------+--------------------------------------------+--------------+
|       RTL Ports      | Dir | Bits|  Protocol  |                Source Object               |    C Type    |
+----------------------+-----+-----+------------+--------------------------------------------+--------------+
|ap_clk                |   in|    1|  ap_ctrl_hs|  Loop_VITIS_LOOP_38_1_proc_Pipeline_store_c|  return value|
|ap_rst                |   in|    1|  ap_ctrl_hs|  Loop_VITIS_LOOP_38_1_proc_Pipeline_store_c|  return value|
|ap_start              |   in|    1|  ap_ctrl_hs|  Loop_VITIS_LOOP_38_1_proc_Pipeline_store_c|  return value|
|ap_done               |  out|    1|  ap_ctrl_hs|  Loop_VITIS_LOOP_38_1_proc_Pipeline_store_c|  return value|
|ap_idle               |  out|    1|  ap_ctrl_hs|  Loop_VITIS_LOOP_38_1_proc_Pipeline_store_c|  return value|
|ap_ready              |  out|    1|  ap_ctrl_hs|  Loop_VITIS_LOOP_38_1_proc_Pipeline_store_c|  return value|
|m_axi_gmem2_AWVALID   |  out|    1|       m_axi|                                       gmem2|       pointer|
|m_axi_gmem2_AWREADY   |   in|    1|       m_axi|                                       gmem2|       pointer|
|m_axi_gmem2_AWADDR    |  out|   64|       m_axi|                                       gmem2|       pointer|
|m_axi_gmem2_AWID      |  out|    1|       m_axi|                                       gmem2|       pointer|
|m_axi_gmem2_AWLEN     |  out|   32|       m_axi|                                       gmem2|       pointer|
|m_axi_gmem2_AWSIZE    |  out|    3|       m_axi|                                       gmem2|       pointer|
|m_axi_gmem2_AWBURST   |  out|    2|       m_axi|                                       gmem2|       pointer|
|m_axi_gmem2_AWLOCK    |  out|    2|       m_axi|                                       gmem2|       pointer|
|m_axi_gmem2_AWCACHE   |  out|    4|       m_axi|                                       gmem2|       pointer|
|m_axi_gmem2_AWPROT    |  out|    3|       m_axi|                                       gmem2|       pointer|
|m_axi_gmem2_AWQOS     |  out|    4|       m_axi|                                       gmem2|       pointer|
|m_axi_gmem2_AWREGION  |  out|    4|       m_axi|                                       gmem2|       pointer|
|m_axi_gmem2_AWUSER    |  out|    1|       m_axi|                                       gmem2|       pointer|
|m_axi_gmem2_WVALID    |  out|    1|       m_axi|                                       gmem2|       pointer|
|m_axi_gmem2_WREADY    |   in|    1|       m_axi|                                       gmem2|       pointer|
|m_axi_gmem2_WDATA     |  out|   32|       m_axi|                                       gmem2|       pointer|
|m_axi_gmem2_WSTRB     |  out|    4|       m_axi|                                       gmem2|       pointer|
|m_axi_gmem2_WLAST     |  out|    1|       m_axi|                                       gmem2|       pointer|
|m_axi_gmem2_WID       |  out|    1|       m_axi|                                       gmem2|       pointer|
|m_axi_gmem2_WUSER     |  out|    1|       m_axi|                                       gmem2|       pointer|
|m_axi_gmem2_ARVALID   |  out|    1|       m_axi|                                       gmem2|       pointer|
|m_axi_gmem2_ARREADY   |   in|    1|       m_axi|                                       gmem2|       pointer|
|m_axi_gmem2_ARADDR    |  out|   64|       m_axi|                                       gmem2|       pointer|
|m_axi_gmem2_ARID      |  out|    1|       m_axi|                                       gmem2|       pointer|
|m_axi_gmem2_ARLEN     |  out|   32|       m_axi|                                       gmem2|       pointer|
|m_axi_gmem2_ARSIZE    |  out|    3|       m_axi|                                       gmem2|       pointer|
|m_axi_gmem2_ARBURST   |  out|    2|       m_axi|                                       gmem2|       pointer|
|m_axi_gmem2_ARLOCK    |  out|    2|       m_axi|                                       gmem2|       pointer|
|m_axi_gmem2_ARCACHE   |  out|    4|       m_axi|                                       gmem2|       pointer|
|m_axi_gmem2_ARPROT    |  out|    3|       m_axi|                                       gmem2|       pointer|
|m_axi_gmem2_ARQOS     |  out|    4|       m_axi|                                       gmem2|       pointer|
|m_axi_gmem2_ARREGION  |  out|    4|       m_axi|                                       gmem2|       pointer|
|m_axi_gmem2_ARUSER    |  out|    1|       m_axi|                                       gmem2|       pointer|
|m_axi_gmem2_RVALID    |   in|    1|       m_axi|                                       gmem2|       pointer|
|m_axi_gmem2_RREADY    |  out|    1|       m_axi|                                       gmem2|       pointer|
|m_axi_gmem2_RDATA     |   in|   32|       m_axi|                                       gmem2|       pointer|
|m_axi_gmem2_RLAST     |   in|    1|       m_axi|                                       gmem2|       pointer|
|m_axi_gmem2_RID       |   in|    1|       m_axi|                                       gmem2|       pointer|
|m_axi_gmem2_RFIFONUM  |   in|    9|       m_axi|                                       gmem2|       pointer|
|m_axi_gmem2_RUSER     |   in|    1|       m_axi|                                       gmem2|       pointer|
|m_axi_gmem2_RRESP     |   in|    2|       m_axi|                                       gmem2|       pointer|
|m_axi_gmem2_BVALID    |   in|    1|       m_axi|                                       gmem2|       pointer|
|m_axi_gmem2_BREADY    |  out|    1|       m_axi|                                       gmem2|       pointer|
|m_axi_gmem2_BRESP     |   in|    2|       m_axi|                                       gmem2|       pointer|
|m_axi_gmem2_BID       |   in|    1|       m_axi|                                       gmem2|       pointer|
|m_axi_gmem2_BUSER     |   in|    1|       m_axi|                                       gmem2|       pointer|
|p_read5               |   in|   37|     ap_none|                                     p_read5|        scalar|
|shl_ln38_mid2         |   in|   62|     ap_none|                               shl_ln38_mid2|        scalar|
|trunc_ln              |   in|   62|     ap_none|                                    trunc_ln|        scalar|
|C                     |   in|   64|     ap_none|                                           C|        scalar|
|local_C_15_address0   |  out|    4|   ap_memory|                                  local_C_15|         array|
|local_C_15_ce0        |  out|    1|   ap_memory|                                  local_C_15|         array|
|local_C_15_q0         |   in|   32|   ap_memory|                                  local_C_15|         array|
|local_C_14_address0   |  out|    4|   ap_memory|                                  local_C_14|         array|
|local_C_14_ce0        |  out|    1|   ap_memory|                                  local_C_14|         array|
|local_C_14_q0         |   in|   32|   ap_memory|                                  local_C_14|         array|
|local_C_13_address0   |  out|    4|   ap_memory|                                  local_C_13|         array|
|local_C_13_ce0        |  out|    1|   ap_memory|                                  local_C_13|         array|
|local_C_13_q0         |   in|   32|   ap_memory|                                  local_C_13|         array|
|local_C_12_address0   |  out|    4|   ap_memory|                                  local_C_12|         array|
|local_C_12_ce0        |  out|    1|   ap_memory|                                  local_C_12|         array|
|local_C_12_q0         |   in|   32|   ap_memory|                                  local_C_12|         array|
|local_C_11_address0   |  out|    4|   ap_memory|                                  local_C_11|         array|
|local_C_11_ce0        |  out|    1|   ap_memory|                                  local_C_11|         array|
|local_C_11_q0         |   in|   32|   ap_memory|                                  local_C_11|         array|
|local_C_10_address0   |  out|    4|   ap_memory|                                  local_C_10|         array|
|local_C_10_ce0        |  out|    1|   ap_memory|                                  local_C_10|         array|
|local_C_10_q0         |   in|   32|   ap_memory|                                  local_C_10|         array|
|local_C_9_address0    |  out|    4|   ap_memory|                                   local_C_9|         array|
|local_C_9_ce0         |  out|    1|   ap_memory|                                   local_C_9|         array|
|local_C_9_q0          |   in|   32|   ap_memory|                                   local_C_9|         array|
|local_C_8_address0    |  out|    4|   ap_memory|                                   local_C_8|         array|
|local_C_8_ce0         |  out|    1|   ap_memory|                                   local_C_8|         array|
|local_C_8_q0          |   in|   32|   ap_memory|                                   local_C_8|         array|
|local_C_7_address0    |  out|    4|   ap_memory|                                   local_C_7|         array|
|local_C_7_ce0         |  out|    1|   ap_memory|                                   local_C_7|         array|
|local_C_7_q0          |   in|   32|   ap_memory|                                   local_C_7|         array|
|local_C_6_address0    |  out|    4|   ap_memory|                                   local_C_6|         array|
|local_C_6_ce0         |  out|    1|   ap_memory|                                   local_C_6|         array|
|local_C_6_q0          |   in|   32|   ap_memory|                                   local_C_6|         array|
|local_C_5_address0    |  out|    4|   ap_memory|                                   local_C_5|         array|
|local_C_5_ce0         |  out|    1|   ap_memory|                                   local_C_5|         array|
|local_C_5_q0          |   in|   32|   ap_memory|                                   local_C_5|         array|
|local_C_4_address0    |  out|    4|   ap_memory|                                   local_C_4|         array|
|local_C_4_ce0         |  out|    1|   ap_memory|                                   local_C_4|         array|
|local_C_4_q0          |   in|   32|   ap_memory|                                   local_C_4|         array|
|local_C_3_address0    |  out|    4|   ap_memory|                                   local_C_3|         array|
|local_C_3_ce0         |  out|    1|   ap_memory|                                   local_C_3|         array|
|local_C_3_q0          |   in|   32|   ap_memory|                                   local_C_3|         array|
|local_C_2_address0    |  out|    4|   ap_memory|                                   local_C_2|         array|
|local_C_2_ce0         |  out|    1|   ap_memory|                                   local_C_2|         array|
|local_C_2_q0          |   in|   32|   ap_memory|                                   local_C_2|         array|
|local_C_1_address0    |  out|    4|   ap_memory|                                   local_C_1|         array|
|local_C_1_ce0         |  out|    1|   ap_memory|                                   local_C_1|         array|
|local_C_1_q0          |   in|   32|   ap_memory|                                   local_C_1|         array|
|local_C_address0      |  out|    4|   ap_memory|                                     local_C|         array|
|local_C_ce0           |  out|    1|   ap_memory|                                     local_C|         array|
|local_C_q0            |   in|   32|   ap_memory|                                     local_C|         array|
+----------------------+-----+-----+------------+--------------------------------------------+--------------+

