

================================================================
== Vitis HLS Report for 'Loop_VITIS_LOOP_38_1_proc_Pipeline_load_a'
================================================================
* Date:           Thu Nov 28 03:52:38 2024

* Version:        2022.1 (Build 3526262 on Mon Apr 18 15:47:01 MDT 2022)
* Project:        matrix_mul_hls
* Solution:       solution1 (Vivado IP Flow Target)
* Product family: virtexuplus
* Target device:  xcu50-fsvh2104-2-e


================================================================
== Performance Estimates
================================================================
+ Timing: 
    * Summary: 
    +--------+---------+----------+------------+
    |  Clock |  Target | Estimated| Uncertainty|
    +--------+---------+----------+------------+
    |ap_clk  |  3.33 ns|  2.431 ns|     0.90 ns|
    +--------+---------+----------+------------+

+ Latency: 
    * Summary: 
    +---------+---------+----------+----------+-----+-----+---------+
    |  Latency (cycles) |  Latency (absolute) |  Interval | Pipeline|
    |   min   |   max   |    min   |    max   | min | max |   Type  |
    +---------+---------+----------+----------+-----+-----+---------+
    |      272|      272|  0.906 us|  0.906 us|  272|  272|       no|
    +---------+---------+----------+----------+-----+-----+---------+

    + Detail: 
        * Instance: 
        N/A

        * Loop: 
        +----------+---------+---------+----------+-----------+-----------+------+----------+
        |          |  Latency (cycles) | Iteration|  Initiation Interval  | Trip |          |
        | Loop Name|   min   |   max   |  Latency |  achieved |   target  | Count| Pipelined|
        +----------+---------+---------+----------+-----------+-----------+------+----------+
        |- load_a  |      270|      270|        31|         16|          1|    16|       yes|
        +----------+---------+---------+----------+-----------+-----------+------+----------+



================================================================
== Utilization Estimates
================================================================
* Summary: 
+---------------------+---------+------+---------+--------+-----+
|         Name        | BRAM_18K|  DSP |    FF   |   LUT  | URAM|
+---------------------+---------+------+---------+--------+-----+
|DSP                  |        -|     -|        -|       -|    -|
|Expression           |        -|     -|        0|     213|    -|
|FIFO                 |        -|     -|        -|       -|    -|
|Instance             |        -|     7|      429|     237|    -|
|Memory               |        -|     -|        -|       -|    -|
|Multiplexer          |        -|     -|        -|     153|    -|
|Register             |        -|     -|      257|       -|    -|
+---------------------+---------+------+---------+--------+-----+
|Total                |        0|     7|      686|     603|    0|
+---------------------+---------+------+---------+--------+-----+
|Available SLR        |     1344|  2976|   871680|  435840|  320|
+---------------------+---------+------+---------+--------+-----+
|Utilization SLR (%)  |        0|    ~0|       ~0|      ~0|    0|
+---------------------+---------+------+---------+--------+-----+
|Available            |     2688|  5952|  1743360|  871680|  640|
+---------------------+---------+------+---------+--------+-----+
|Utilization (%)      |        0|    ~0|       ~0|      ~0|    0|
+---------------------+---------+------+---------+--------+-----+

+ Detail: 
    * Instance: 
    +-------------------------+---------------------+---------+----+-----+-----+-----+
    |         Instance        |        Module       | BRAM_18K| DSP|  FF | LUT | URAM|
    +-------------------------+---------------------+---------+----+-----+-----+-----+
    |mul_32ns_62s_62_5_1_U20  |mul_32ns_62s_62_5_1  |        0|   7|  429|  237|    0|
    +-------------------------+---------------------+---------+----+-----+-----+-----+
    |Total                    |                     |        0|   7|  429|  237|    0|
    +-------------------------+---------------------+---------+----+-----+-----+-----+

    * DSP: 
    N/A

    * Memory: 
    N/A

    * FIFO: 
    N/A

    * Expression: 
    +------------------------------------+----------+----+---+----+------------+------------+
    |            Variable Name           | Operation| DSP| FF| LUT| Bitwidth P0| Bitwidth P1|
    +------------------------------------+----------+----+---+----+------------+------------+
    |add_ln56_1_fu_411_p2                |         +|   0|  0|  71|          64|          64|
    |add_ln56_2_fu_370_p2                |         +|   0|  0|  12|           5|           1|
    |add_ln56_fu_399_p2                  |         +|   0|  0|  69|          62|          62|
    |tmp_i_fu_380_p2                     |         +|   0|  0|  39|          32|          32|
    |ap_block_pp0_stage0_11001           |       and|   0|  0|   2|           1|           1|
    |ap_block_pp0_stage14_11001          |       and|   0|  0|   2|           1|           1|
    |ap_block_state15_pp0_stage14_iter0  |       and|   0|  0|   2|           1|           1|
    |ap_block_state8_io                  |       and|   0|  0|   2|           1|           1|
    |icmp_ln56_fu_364_p2                 |      icmp|   0|  0|  10|           5|           6|
    |ap_block_pp0_stage7_11001           |        or|   0|  0|   2|           1|           1|
    |ap_enable_pp0                       |       xor|   0|  0|   2|           1|           2|
    +------------------------------------+----------+----+---+----+------------+------------+
    |Total                               |          |   0|  0| 213|         174|         172|
    +------------------------------------+----------+----+---+----+------------+------------+

    * Multiplexer: 
    +-----------------------------+----+-----------+-----+-----------+
    |             Name            | LUT| Input Size| Bits| Total Bits|
    +-----------------------------+----+-----------+-----+-----------+
    |ap_NS_fsm                    |  81|         17|    1|         17|
    |ap_done_int                  |   9|          2|    1|          2|
    |ap_enable_reg_pp0_iter0      |   9|          2|    1|          2|
    |ap_enable_reg_pp0_iter0_reg  |   9|          2|    1|          2|
    |ap_enable_reg_pp0_iter1      |   9|          2|    1|          2|
    |ap_sig_allocacmp_ii          |   9|          2|    5|         10|
    |gmem0_blk_n_AR               |   9|          2|    1|          2|
    |gmem0_blk_n_R                |   9|          2|    1|          2|
    |ii_1_fu_100                  |   9|          2|    5|         10|
    +-----------------------------+----+-----------+-----+-----------+
    |Total                        | 153|         33|   17|         49|
    +-----------------------------+----+-----------+-----+-----------+

    * Register: 
    +-----------------------------+----+----+-----+-----------+
    |             Name            | FF | LUT| Bits| Const Bits|
    +-----------------------------+----+----+-----+-----------+
    |ap_CS_fsm                    |  16|   0|   16|          0|
    |ap_done_reg                  |   1|   0|    1|          0|
    |ap_enable_reg_pp0_iter0_reg  |   1|   0|    1|          0|
    |ap_enable_reg_pp0_iter1      |   1|   0|    1|          0|
    |gmem0_addr_reg_566           |  64|   0|   64|          0|
    |icmp_ln56_reg_547            |   1|   0|    1|          0|
    |ii_1_fu_100                  |   5|   0|    5|          0|
    |ii_reg_542                   |   5|   0|    5|          0|
    |reg_348                      |  32|   0|   32|          0|
    |tmp1023_i_reg_561            |  62|   0|   62|          0|
    |tmp_i_reg_551                |  32|   0|   32|          0|
    |zext_ln52_1_cast_reg_537     |  32|   0|   62|         30|
    |zext_ln56_1_reg_572          |   5|   0|   64|         59|
    +-----------------------------+----+----+-----+-----------+
    |Total                        | 257|   0|  346|         89|
    +-----------------------------+----+----+-----+-----------+



================================================================
== Interface
================================================================
* Summary: 
+----------------------+-----+-----+------------+-------------------------------------------+--------------+
|       RTL Ports      | Dir | Bits|  Protocol  |               Source Object               |    C Type    |
+----------------------+-----+-----+------------+-------------------------------------------+--------------+
|ap_clk                |   in|    1|  ap_ctrl_hs|  Loop_VITIS_LOOP_38_1_proc_Pipeline_load_a|  return value|
|ap_rst                |   in|    1|  ap_ctrl_hs|  Loop_VITIS_LOOP_38_1_proc_Pipeline_load_a|  return value|
|ap_start              |   in|    1|  ap_ctrl_hs|  Loop_VITIS_LOOP_38_1_proc_Pipeline_load_a|  return value|
|ap_done               |  out|    1|  ap_ctrl_hs|  Loop_VITIS_LOOP_38_1_proc_Pipeline_load_a|  return value|
|ap_idle               |  out|    1|  ap_ctrl_hs|  Loop_VITIS_LOOP_38_1_proc_Pipeline_load_a|  return value|
|ap_ready              |  out|    1|  ap_ctrl_hs|  Loop_VITIS_LOOP_38_1_proc_Pipeline_load_a|  return value|
|m_axi_gmem0_AWVALID   |  out|    1|       m_axi|                                      gmem0|       pointer|
|m_axi_gmem0_AWREADY   |   in|    1|       m_axi|                                      gmem0|       pointer|
|m_axi_gmem0_AWADDR    |  out|   64|       m_axi|                                      gmem0|       pointer|
|m_axi_gmem0_AWID      |  out|    1|       m_axi|                                      gmem0|       pointer|
|m_axi_gmem0_AWLEN     |  out|   32|       m_axi|                                      gmem0|       pointer|
|m_axi_gmem0_AWSIZE    |  out|    3|       m_axi|                                      gmem0|       pointer|
|m_axi_gmem0_AWBURST   |  out|    2|       m_axi|                                      gmem0|       pointer|
|m_axi_gmem0_AWLOCK    |  out|    2|       m_axi|                                      gmem0|       pointer|
|m_axi_gmem0_AWCACHE   |  out|    4|       m_axi|                                      gmem0|       pointer|
|m_axi_gmem0_AWPROT    |  out|    3|       m_axi|                                      gmem0|       pointer|
|m_axi_gmem0_AWQOS     |  out|    4|       m_axi|                                      gmem0|       pointer|
|m_axi_gmem0_AWREGION  |  out|    4|       m_axi|                                      gmem0|       pointer|
|m_axi_gmem0_AWUSER    |  out|    1|       m_axi|                                      gmem0|       pointer|
|m_axi_gmem0_WVALID    |  out|    1|       m_axi|                                      gmem0|       pointer|
|m_axi_gmem0_WREADY    |   in|    1|       m_axi|                                      gmem0|       pointer|
|m_axi_gmem0_WDATA     |  out|   32|       m_axi|                                      gmem0|       pointer|
|m_axi_gmem0_WSTRB     |  out|    4|       m_axi|                                      gmem0|       pointer|
|m_axi_gmem0_WLAST     |  out|    1|       m_axi|                                      gmem0|       pointer|
|m_axi_gmem0_WID       |  out|    1|       m_axi|                                      gmem0|       pointer|
|m_axi_gmem0_WUSER     |  out|    1|       m_axi|                                      gmem0|       pointer|
|m_axi_gmem0_ARVALID   |  out|    1|       m_axi|                                      gmem0|       pointer|
|m_axi_gmem0_ARREADY   |   in|    1|       m_axi|                                      gmem0|       pointer|
|m_axi_gmem0_ARADDR    |  out|   64|       m_axi|                                      gmem0|       pointer|
|m_axi_gmem0_ARID      |  out|    1|       m_axi|                                      gmem0|       pointer|
|m_axi_gmem0_ARLEN     |  out|   32|       m_axi|                                      gmem0|       pointer|
|m_axi_gmem0_ARSIZE    |  out|    3|       m_axi|                                      gmem0|       pointer|
|m_axi_gmem0_ARBURST   |  out|    2|       m_axi|                                      gmem0|       pointer|
|m_axi_gmem0_ARLOCK    |  out|    2|       m_axi|                                      gmem0|       pointer|
|m_axi_gmem0_ARCACHE   |  out|    4|       m_axi|                                      gmem0|       pointer|
|m_axi_gmem0_ARPROT    |  out|    3|       m_axi|                                      gmem0|       pointer|
|m_axi_gmem0_ARQOS     |  out|    4|       m_axi|                                      gmem0|       pointer|
|m_axi_gmem0_ARREGION  |  out|    4|       m_axi|                                      gmem0|       pointer|
|m_axi_gmem0_ARUSER    |  out|    1|       m_axi|                                      gmem0|       pointer|
|m_axi_gmem0_RVALID    |   in|    1|       m_axi|                                      gmem0|       pointer|
|m_axi_gmem0_RREADY    |  out|    1|       m_axi|                                      gmem0|       pointer|
|m_axi_gmem0_RDATA     |   in|   32|       m_axi|                                      gmem0|       pointer|
|m_axi_gmem0_RLAST     |   in|    1|       m_axi|                                      gmem0|       pointer|
|m_axi_gmem0_RID       |   in|    1|       m_axi|                                      gmem0|       pointer|
|m_axi_gmem0_RFIFONUM  |   in|   13|       m_axi|                                      gmem0|       pointer|
|m_axi_gmem0_RUSER     |   in|    1|       m_axi|                                      gmem0|       pointer|
|m_axi_gmem0_RRESP     |   in|    2|       m_axi|                                      gmem0|       pointer|
|m_axi_gmem0_BVALID    |   in|    1|       m_axi|                                      gmem0|       pointer|
|m_axi_gmem0_BREADY    |  out|    1|       m_axi|                                      gmem0|       pointer|
|m_axi_gmem0_BRESP     |   in|    2|       m_axi|                                      gmem0|       pointer|
|m_axi_gmem0_BID       |   in|    1|       m_axi|                                      gmem0|       pointer|
|m_axi_gmem0_BUSER     |   in|    1|       m_axi|                                      gmem0|       pointer|
|shl_ln38_1_mid2       |   in|   32|     ap_none|                            shl_ln38_1_mid2|        scalar|
|p_read4               |   in|   62|     ap_none|                                    p_read4|        scalar|
|zext_ln52_1           |   in|   32|     ap_none|                                zext_ln52_1|        scalar|
|A                     |   in|   64|     ap_none|                                          A|        scalar|
|local_A_address0      |  out|    4|   ap_memory|                                    local_A|         array|
|local_A_ce0           |  out|    1|   ap_memory|                                    local_A|         array|
|local_A_we0           |  out|    1|   ap_memory|                                    local_A|         array|
|local_A_d0            |  out|   32|   ap_memory|                                    local_A|         array|
|local_A_1_address0    |  out|    4|   ap_memory|                                  local_A_1|         array|
|local_A_1_ce0         |  out|    1|   ap_memory|                                  local_A_1|         array|
|local_A_1_we0         |  out|    1|   ap_memory|                                  local_A_1|         array|
|local_A_1_d0          |  out|   32|   ap_memory|                                  local_A_1|         array|
|local_A_2_address0    |  out|    4|   ap_memory|                                  local_A_2|         array|
|local_A_2_ce0         |  out|    1|   ap_memory|                                  local_A_2|         array|
|local_A_2_we0         |  out|    1|   ap_memory|                                  local_A_2|         array|
|local_A_2_d0          |  out|   32|   ap_memory|                                  local_A_2|         array|
|local_A_3_address0    |  out|    4|   ap_memory|                                  local_A_3|         array|
|local_A_3_ce0         |  out|    1|   ap_memory|                                  local_A_3|         array|
|local_A_3_we0         |  out|    1|   ap_memory|                                  local_A_3|         array|
|local_A_3_d0          |  out|   32|   ap_memory|                                  local_A_3|         array|
|local_A_4_address0    |  out|    4|   ap_memory|                                  local_A_4|         array|
|local_A_4_ce0         |  out|    1|   ap_memory|                                  local_A_4|         array|
|local_A_4_we0         |  out|    1|   ap_memory|                                  local_A_4|         array|
|local_A_4_d0          |  out|   32|   ap_memory|                                  local_A_4|         array|
|local_A_5_address0    |  out|    4|   ap_memory|                                  local_A_5|         array|
|local_A_5_ce0         |  out|    1|   ap_memory|                                  local_A_5|         array|
|local_A_5_we0         |  out|    1|   ap_memory|                                  local_A_5|         array|
|local_A_5_d0          |  out|   32|   ap_memory|                                  local_A_5|         array|
|local_A_6_address0    |  out|    4|   ap_memory|                                  local_A_6|         array|
|local_A_6_ce0         |  out|    1|   ap_memory|                                  local_A_6|         array|
|local_A_6_we0         |  out|    1|   ap_memory|                                  local_A_6|         array|
|local_A_6_d0          |  out|   32|   ap_memory|                                  local_A_6|         array|
|local_A_7_address0    |  out|    4|   ap_memory|                                  local_A_7|         array|
|local_A_7_ce0         |  out|    1|   ap_memory|                                  local_A_7|         array|
|local_A_7_we0         |  out|    1|   ap_memory|                                  local_A_7|         array|
|local_A_7_d0          |  out|   32|   ap_memory|                                  local_A_7|         array|
|local_A_8_address0    |  out|    4|   ap_memory|                                  local_A_8|         array|
|local_A_8_ce0         |  out|    1|   ap_memory|                                  local_A_8|         array|
|local_A_8_we0         |  out|    1|   ap_memory|                                  local_A_8|         array|
|local_A_8_d0          |  out|   32|   ap_memory|                                  local_A_8|         array|
|local_A_9_address0    |  out|    4|   ap_memory|                                  local_A_9|         array|
|local_A_9_ce0         |  out|    1|   ap_memory|                                  local_A_9|         array|
|local_A_9_we0         |  out|    1|   ap_memory|                                  local_A_9|         array|
|local_A_9_d0          |  out|   32|   ap_memory|                                  local_A_9|         array|
|local_A_10_address0   |  out|    4|   ap_memory|                                 local_A_10|         array|
|local_A_10_ce0        |  out|    1|   ap_memory|                                 local_A_10|         array|
|local_A_10_we0        |  out|    1|   ap_memory|                                 local_A_10|         array|
|local_A_10_d0         |  out|   32|   ap_memory|                                 local_A_10|         array|
|local_A_11_address0   |  out|    4|   ap_memory|                                 local_A_11|         array|
|local_A_11_ce0        |  out|    1|   ap_memory|                                 local_A_11|         array|
|local_A_11_we0        |  out|    1|   ap_memory|                                 local_A_11|         array|
|local_A_11_d0         |  out|   32|   ap_memory|                                 local_A_11|         array|
|local_A_12_address0   |  out|    4|   ap_memory|                                 local_A_12|         array|
|local_A_12_ce0        |  out|    1|   ap_memory|                                 local_A_12|         array|
|local_A_12_we0        |  out|    1|   ap_memory|                                 local_A_12|         array|
|local_A_12_d0         |  out|   32|   ap_memory|                                 local_A_12|         array|
|local_A_13_address0   |  out|    4|   ap_memory|                                 local_A_13|         array|
|local_A_13_ce0        |  out|    1|   ap_memory|                                 local_A_13|         array|
|local_A_13_we0        |  out|    1|   ap_memory|                                 local_A_13|         array|
|local_A_13_d0         |  out|   32|   ap_memory|                                 local_A_13|         array|
|local_A_14_address0   |  out|    4|   ap_memory|                                 local_A_14|         array|
|local_A_14_ce0        |  out|    1|   ap_memory|                                 local_A_14|         array|
|local_A_14_we0        |  out|    1|   ap_memory|                                 local_A_14|         array|
|local_A_14_d0         |  out|   32|   ap_memory|                                 local_A_14|         array|
|local_A_15_address0   |  out|    4|   ap_memory|                                 local_A_15|         array|
|local_A_15_ce0        |  out|    1|   ap_memory|                                 local_A_15|         array|
|local_A_15_we0        |  out|    1|   ap_memory|                                 local_A_15|         array|
|local_A_15_d0         |  out|   32|   ap_memory|                                 local_A_15|         array|
+----------------------+-----+-----+------------+-------------------------------------------+--------------+

