

================================================================
== Vitis HLS Report for 'matrix_mul_Pipeline_VITIS_LOOP_76_14'
================================================================
* Date:           Wed Nov 20 15:30:23 2024

* Version:        2022.1 (Build 3526262 on Mon Apr 18 15:47:01 MDT 2022)
* Project:        matrix_mul_hls
* Solution:       solution1 (Vivado IP Flow Target)
* Product family: virtexuplus
* Target device:  xcu50-fsvh2104-2-e


================================================================
== Performance Estimates
================================================================
+ Timing: 
    * Summary: 
    +--------+---------+----------+------------+
    |  Clock |  Target | Estimated| Uncertainty|
    +--------+---------+----------+------------+
    |ap_clk  |  3.33 ns|  2.431 ns|     0.90 ns|
    +--------+---------+----------+------------+

+ Latency: 
    * Summary: 
    +---------+---------+-----------+-----------+------+------+---------+
    |  Latency (cycles) |   Latency (absolute)  |   Interval  | Pipeline|
    |   min   |   max   |    min    |    max    |  min |  max |   Type  |
    +---------+---------+-----------+-----------+------+------+---------+
    |     4107|     4107|  13.676 us|  13.676 us|  4107|  4107|       no|
    +---------+---------+-----------+-----------+------+------+---------+

    + Detail: 
        * Instance: 
        N/A

        * Loop: 
        +-------------------------------------+---------+---------+----------+-----------+-----------+------+----------+
        |                                     |  Latency (cycles) | Iteration|  Initiation Interval  | Trip |          |
        |              Loop Name              |   min   |   max   |  Latency |  achieved |   target  | Count| Pipelined|
        +-------------------------------------+---------+---------+----------+-----------+-----------+------+----------+
        |- VITIS_LOOP_75_13_VITIS_LOOP_76_14  |     4105|     4105|        11|          1|          1|  4096|       yes|
        +-------------------------------------+---------+---------+----------+-----------+-----------+------+----------+



================================================================
== Utilization Estimates
================================================================
* Summary: 
+---------------------+---------+------+---------+--------+-----+
|         Name        | BRAM_18K|  DSP |    FF   |   LUT  | URAM|
+---------------------+---------+------+---------+--------+-----+
|DSP                  |        -|     -|        -|       -|    -|
|Expression           |        -|     -|        0|     305|    -|
|FIFO                 |        -|     -|        -|       -|    -|
|Instance             |        -|     -|        0|     273|    -|
|Memory               |        -|     -|        -|       -|    -|
|Multiplexer          |        -|     -|        -|      99|    -|
|Register             |        -|     -|      486|     128|    -|
+---------------------+---------+------+---------+--------+-----+
|Total                |        0|     0|      486|     805|    0|
+---------------------+---------+------+---------+--------+-----+
|Available SLR        |     1344|  2976|   871680|  435840|  320|
+---------------------+---------+------+---------+--------+-----+
|Utilization SLR (%)  |        0|     0|       ~0|      ~0|    0|
+---------------------+---------+------+---------+--------+-----+
|Available            |     2688|  5952|  1743360|  871680|  640|
+---------------------+---------+------+---------+--------+-----+
|Utilization (%)      |        0|     0|       ~0|      ~0|    0|
+---------------------+---------+------+---------+--------+-----+

+ Detail: 
    * Instance: 
    +---------------------+----------------+---------+----+---+-----+-----+
    |       Instance      |     Module     | BRAM_18K| DSP| FF| LUT | URAM|
    +---------------------+----------------+---------+----+---+-----+-----+
    |mux_647_32_1_1_U470  |mux_647_32_1_1  |        0|   0|  0|  273|    0|
    +---------------------+----------------+---------+----+---+-----+-----+
    |Total                |                |        0|   0|  0|  273|    0|
    +---------------------+----------------+---------+----+---+-----+-----+

    * DSP: 
    N/A

    * Memory: 
    N/A

    * FIFO: 
    N/A

    * Expression: 
    +------------------------------------+----------+----+---+----+------------+------------+
    |            Variable Name           | Operation| DSP| FF| LUT| Bitwidth P0| Bitwidth P1|
    +------------------------------------+----------+----+---+----+------------+------------+
    |add_ln75_1_fu_1294_p2               |         +|   0|  0|  62|          62|          62|
    |add_ln75_2_fu_1299_p2               |         +|   0|  0|  62|          62|          62|
    |add_ln75_3_fu_1312_p2               |         +|   0|  0|  71|          64|          64|
    |add_ln75_4_fu_1175_p2               |         +|   0|  0|  14|           7|           1|
    |add_ln75_fu_1143_p2                 |         +|   0|  0|  20|          13|           1|
    |add_ln76_fu_1189_p2                 |         +|   0|  0|  14|           7|           1|
    |ap_block_pp0_stage0_01001           |       and|   0|  0|   2|           1|           1|
    |ap_block_state11_pp0_stage0_iter10  |       and|   0|  0|   2|           1|           1|
    |ap_block_state5_io                  |       and|   0|  0|   2|           1|           1|
    |ap_condition_1017                   |       and|   0|  0|   2|           1|           1|
    |icmp_ln75_fu_1137_p2                |      icmp|   0|  0|  12|          13|          14|
    |icmp_ln76_1_fu_1195_p2              |      icmp|   0|  0|  11|           7|           8|
    |icmp_ln76_fu_1155_p2                |      icmp|   0|  0|  11|           7|           8|
    |ap_block_pp0_stage0_11001           |        or|   0|  0|   2|           1|           1|
    |or_ln75_fu_1161_p2                  |        or|   0|  0|   2|           1|           1|
    |select_ln75_1_fu_1181_p3            |    select|   0|  0|   7|           1|           7|
    |select_ln75_fu_1167_p3              |    select|   0|  0|   7|           1|           1|
    |ap_enable_pp0                       |       xor|   0|  0|   2|           1|           2|
    +------------------------------------+----------+----+---+----+------------+------------+
    |Total                               |          |   0|  0| 305|         251|         237|
    +------------------------------------+----------+----+---+----+------------+------------+

    * Multiplexer: 
    +-----------------------------------------+----+-----------+-----+-----------+
    |                   Name                  | LUT| Input Size| Bits| Total Bits|
    +-----------------------------------------+----+-----------+-----+-----------+
    |ap_done_int                              |   9|          2|    1|          2|
    |ap_enable_reg_pp0_iter1                  |   9|          2|    1|          2|
    |ap_sig_allocacmp_ii_load                 |   9|          2|    7|         14|
    |ap_sig_allocacmp_indvar_flatten249_load  |   9|          2|   13|         26|
    |ap_sig_allocacmp_jj_load                 |   9|          2|    7|         14|
    |gmem2_blk_n_AW                           |   9|          2|    1|          2|
    |gmem2_blk_n_B                            |   9|          2|    1|          2|
    |gmem2_blk_n_W                            |   9|          2|    1|          2|
    |ii_fu_220                                |   9|          2|    7|         14|
    |indvar_flatten249_fu_224                 |   9|          2|   13|         26|
    |jj_fu_216                                |   9|          2|    7|         14|
    +-----------------------------------------+----+-----------+-----+-----------+
    |Total                                    |  99|         22|   59|        118|
    +-----------------------------------------+----+-----------+-----+-----------+

    * Register: 
    +----------------------------------+----+----+-----+-----------+
    |               Name               | FF | LUT| Bits| Const Bits|
    +----------------------------------+----+----+-----+-----------+
    |ap_CS_fsm                         |   1|   0|    1|          0|
    |ap_done_reg                       |   1|   0|    1|          0|
    |ap_enable_reg_pp0_iter1           |   1|   0|    1|          0|
    |ap_enable_reg_pp0_iter10          |   1|   0|    1|          0|
    |ap_enable_reg_pp0_iter2           |   1|   0|    1|          0|
    |ap_enable_reg_pp0_iter3           |   1|   0|    1|          0|
    |ap_enable_reg_pp0_iter4           |   1|   0|    1|          0|
    |ap_enable_reg_pp0_iter5           |   1|   0|    1|          0|
    |ap_enable_reg_pp0_iter6           |   1|   0|    1|          0|
    |ap_enable_reg_pp0_iter7           |   1|   0|    1|          0|
    |ap_enable_reg_pp0_iter8           |   1|   0|    1|          0|
    |ap_enable_reg_pp0_iter9           |   1|   0|    1|          0|
    |ap_loop_exit_ready_pp0_iter1_reg  |   1|   0|    1|          0|
    |ap_loop_exit_ready_pp0_iter2_reg  |   1|   0|    1|          0|
    |ap_loop_exit_ready_pp0_iter3_reg  |   1|   0|    1|          0|
    |ap_loop_exit_ready_pp0_iter4_reg  |   1|   0|    1|          0|
    |ap_loop_exit_ready_pp0_iter5_reg  |   1|   0|    1|          0|
    |ap_loop_exit_ready_pp0_iter6_reg  |   1|   0|    1|          0|
    |ap_loop_exit_ready_pp0_iter7_reg  |   1|   0|    1|          0|
    |ap_loop_exit_ready_pp0_iter8_reg  |   1|   0|    1|          0|
    |ap_loop_exit_ready_pp0_iter9_reg  |   1|   0|    1|          0|
    |icmp_ln75_reg_1521                |   1|   0|    1|          0|
    |icmp_ln76_1_reg_1540              |   1|   0|    1|          0|
    |ii_fu_220                         |   7|   0|    7|          0|
    |indvar_flatten249_fu_224          |  13|   0|   13|          0|
    |jj_fu_216                         |   7|   0|    7|          0|
    |mul_ln75_reg_1549                 |  39|   0|   39|          0|
    |or_ln75_reg_1525                  |   1|   0|    1|          0|
    |select_ln75_1_reg_1534            |   7|   0|    7|          0|
    |select_ln75_reg_1529              |   7|   0|    7|          0|
    |sext_ln76_mid2_v_reg_1554         |  62|   0|   62|          0|
    |tmp_1_reg_1879                    |  32|   0|   32|          0|
    |zext_ln34_1_cast_reg_1516         |  32|   0|   39|          7|
    |icmp_ln76_1_reg_1540              |  64|  32|    1|          0|
    |or_ln75_reg_1525                  |  64|  32|    1|          0|
    |select_ln75_1_reg_1534            |  64|  32|    7|          0|
    |select_ln75_reg_1529              |  64|  32|    7|          0|
    +----------------------------------+----+----+-----+-----------+
    |Total                             | 486| 128|  253|          7|
    +----------------------------------+----+----+-----+-----------+



================================================================
== Interface
================================================================
* Summary: 
+----------------------+-----+-----+------------+--------------------------------------+--------------+
|       RTL Ports      | Dir | Bits|  Protocol  |             Source Object            |    C Type    |
+----------------------+-----+-----+------------+--------------------------------------+--------------+
|ap_clk                |   in|    1|  ap_ctrl_hs|  matrix_mul_Pipeline_VITIS_LOOP_76_14|  return value|
|ap_rst                |   in|    1|  ap_ctrl_hs|  matrix_mul_Pipeline_VITIS_LOOP_76_14|  return value|
|ap_start              |   in|    1|  ap_ctrl_hs|  matrix_mul_Pipeline_VITIS_LOOP_76_14|  return value|
|ap_done               |  out|    1|  ap_ctrl_hs|  matrix_mul_Pipeline_VITIS_LOOP_76_14|  return value|
|ap_idle               |  out|    1|  ap_ctrl_hs|  matrix_mul_Pipeline_VITIS_LOOP_76_14|  return value|
|ap_ready              |  out|    1|  ap_ctrl_hs|  matrix_mul_Pipeline_VITIS_LOOP_76_14|  return value|
|grp_fu_5051_p_din0    |  out|    7|  ap_ctrl_hs|  matrix_mul_Pipeline_VITIS_LOOP_76_14|  return value|
|grp_fu_5051_p_din1    |  out|   32|  ap_ctrl_hs|  matrix_mul_Pipeline_VITIS_LOOP_76_14|  return value|
|grp_fu_5051_p_dout0   |   in|   39|  ap_ctrl_hs|  matrix_mul_Pipeline_VITIS_LOOP_76_14|  return value|
|grp_fu_5051_p_ce      |  out|    1|  ap_ctrl_hs|  matrix_mul_Pipeline_VITIS_LOOP_76_14|  return value|
|m_axi_gmem2_AWVALID   |  out|    1|       m_axi|                                 gmem2|       pointer|
|m_axi_gmem2_AWREADY   |   in|    1|       m_axi|                                 gmem2|       pointer|
|m_axi_gmem2_AWADDR    |  out|   64|       m_axi|                                 gmem2|       pointer|
|m_axi_gmem2_AWID      |  out|    1|       m_axi|                                 gmem2|       pointer|
|m_axi_gmem2_AWLEN     |  out|   32|       m_axi|                                 gmem2|       pointer|
|m_axi_gmem2_AWSIZE    |  out|    3|       m_axi|                                 gmem2|       pointer|
|m_axi_gmem2_AWBURST   |  out|    2|       m_axi|                                 gmem2|       pointer|
|m_axi_gmem2_AWLOCK    |  out|    2|       m_axi|                                 gmem2|       pointer|
|m_axi_gmem2_AWCACHE   |  out|    4|       m_axi|                                 gmem2|       pointer|
|m_axi_gmem2_AWPROT    |  out|    3|       m_axi|                                 gmem2|       pointer|
|m_axi_gmem2_AWQOS     |  out|    4|       m_axi|                                 gmem2|       pointer|
|m_axi_gmem2_AWREGION  |  out|    4|       m_axi|                                 gmem2|       pointer|
|m_axi_gmem2_AWUSER    |  out|    1|       m_axi|                                 gmem2|       pointer|
|m_axi_gmem2_WVALID    |  out|    1|       m_axi|                                 gmem2|       pointer|
|m_axi_gmem2_WREADY    |   in|    1|       m_axi|                                 gmem2|       pointer|
|m_axi_gmem2_WDATA     |  out|   32|       m_axi|                                 gmem2|       pointer|
|m_axi_gmem2_WSTRB     |  out|    4|       m_axi|                                 gmem2|       pointer|
|m_axi_gmem2_WLAST     |  out|    1|       m_axi|                                 gmem2|       pointer|
|m_axi_gmem2_WID       |  out|    1|       m_axi|                                 gmem2|       pointer|
|m_axi_gmem2_WUSER     |  out|    1|       m_axi|                                 gmem2|       pointer|
|m_axi_gmem2_ARVALID   |  out|    1|       m_axi|                                 gmem2|       pointer|
|m_axi_gmem2_ARREADY   |   in|    1|       m_axi|                                 gmem2|       pointer|
|m_axi_gmem2_ARADDR    |  out|   64|       m_axi|                                 gmem2|       pointer|
|m_axi_gmem2_ARID      |  out|    1|       m_axi|                                 gmem2|       pointer|
|m_axi_gmem2_ARLEN     |  out|   32|       m_axi|                                 gmem2|       pointer|
|m_axi_gmem2_ARSIZE    |  out|    3|       m_axi|                                 gmem2|       pointer|
|m_axi_gmem2_ARBURST   |  out|    2|       m_axi|                                 gmem2|       pointer|
|m_axi_gmem2_ARLOCK    |  out|    2|       m_axi|                                 gmem2|       pointer|
|m_axi_gmem2_ARCACHE   |  out|    4|       m_axi|                                 gmem2|       pointer|
|m_axi_gmem2_ARPROT    |  out|    3|       m_axi|                                 gmem2|       pointer|
|m_axi_gmem2_ARQOS     |  out|    4|       m_axi|                                 gmem2|       pointer|
|m_axi_gmem2_ARREGION  |  out|    4|       m_axi|                                 gmem2|       pointer|
|m_axi_gmem2_ARUSER    |  out|    1|       m_axi|                                 gmem2|       pointer|
|m_axi_gmem2_RVALID    |   in|    1|       m_axi|                                 gmem2|       pointer|
|m_axi_gmem2_RREADY    |  out|    1|       m_axi|                                 gmem2|       pointer|
|m_axi_gmem2_RDATA     |   in|   32|       m_axi|                                 gmem2|       pointer|
|m_axi_gmem2_RLAST     |   in|    1|       m_axi|                                 gmem2|       pointer|
|m_axi_gmem2_RID       |   in|    1|       m_axi|                                 gmem2|       pointer|
|m_axi_gmem2_RFIFONUM  |   in|    9|       m_axi|                                 gmem2|       pointer|
|m_axi_gmem2_RUSER     |   in|    1|       m_axi|                                 gmem2|       pointer|
|m_axi_gmem2_RRESP     |   in|    2|       m_axi|                                 gmem2|       pointer|
|m_axi_gmem2_BVALID    |   in|    1|       m_axi|                                 gmem2|       pointer|
|m_axi_gmem2_BREADY    |  out|    1|       m_axi|                                 gmem2|       pointer|
|m_axi_gmem2_BRESP     |   in|    2|       m_axi|                                 gmem2|       pointer|
|m_axi_gmem2_BID       |   in|    1|       m_axi|                                 gmem2|       pointer|
|m_axi_gmem2_BUSER     |   in|    1|       m_axi|                                 gmem2|       pointer|
|local_C_address0      |  out|    6|   ap_memory|                               local_C|         array|
|local_C_ce0           |  out|    1|   ap_memory|                               local_C|         array|
|local_C_q0            |   in|   32|   ap_memory|                               local_C|         array|
|local_C_1_address0    |  out|    6|   ap_memory|                             local_C_1|         array|
|local_C_1_ce0         |  out|    1|   ap_memory|                             local_C_1|         array|
|local_C_1_q0          |   in|   32|   ap_memory|                             local_C_1|         array|
|local_C_2_address0    |  out|    6|   ap_memory|                             local_C_2|         array|
|local_C_2_ce0         |  out|    1|   ap_memory|                             local_C_2|         array|
|local_C_2_q0          |   in|   32|   ap_memory|                             local_C_2|         array|
|local_C_3_address0    |  out|    6|   ap_memory|                             local_C_3|         array|
|local_C_3_ce0         |  out|    1|   ap_memory|                             local_C_3|         array|
|local_C_3_q0          |   in|   32|   ap_memory|                             local_C_3|         array|
|local_C_4_address0    |  out|    6|   ap_memory|                             local_C_4|         array|
|local_C_4_ce0         |  out|    1|   ap_memory|                             local_C_4|         array|
|local_C_4_q0          |   in|   32|   ap_memory|                             local_C_4|         array|
|local_C_5_address0    |  out|    6|   ap_memory|                             local_C_5|         array|
|local_C_5_ce0         |  out|    1|   ap_memory|                             local_C_5|         array|
|local_C_5_q0          |   in|   32|   ap_memory|                             local_C_5|         array|
|local_C_6_address0    |  out|    6|   ap_memory|                             local_C_6|         array|
|local_C_6_ce0         |  out|    1|   ap_memory|                             local_C_6|         array|
|local_C_6_q0          |   in|   32|   ap_memory|                             local_C_6|         array|
|local_C_7_address0    |  out|    6|   ap_memory|                             local_C_7|         array|
|local_C_7_ce0         |  out|    1|   ap_memory|                             local_C_7|         array|
|local_C_7_q0          |   in|   32|   ap_memory|                             local_C_7|         array|
|local_C_8_address0    |  out|    6|   ap_memory|                             local_C_8|         array|
|local_C_8_ce0         |  out|    1|   ap_memory|                             local_C_8|         array|
|local_C_8_q0          |   in|   32|   ap_memory|                             local_C_8|         array|
|local_C_9_address0    |  out|    6|   ap_memory|                             local_C_9|         array|
|local_C_9_ce0         |  out|    1|   ap_memory|                             local_C_9|         array|
|local_C_9_q0          |   in|   32|   ap_memory|                             local_C_9|         array|
|local_C_10_address0   |  out|    6|   ap_memory|                            local_C_10|         array|
|local_C_10_ce0        |  out|    1|   ap_memory|                            local_C_10|         array|
|local_C_10_q0         |   in|   32|   ap_memory|                            local_C_10|         array|
|local_C_11_address0   |  out|    6|   ap_memory|                            local_C_11|         array|
|local_C_11_ce0        |  out|    1|   ap_memory|                            local_C_11|         array|
|local_C_11_q0         |   in|   32|   ap_memory|                            local_C_11|         array|
|local_C_12_address0   |  out|    6|   ap_memory|                            local_C_12|         array|
|local_C_12_ce0        |  out|    1|   ap_memory|                            local_C_12|         array|
|local_C_12_q0         |   in|   32|   ap_memory|                            local_C_12|         array|
|local_C_13_address0   |  out|    6|   ap_memory|                            local_C_13|         array|
|local_C_13_ce0        |  out|    1|   ap_memory|                            local_C_13|         array|
|local_C_13_q0         |   in|   32|   ap_memory|                            local_C_13|         array|
|local_C_14_address0   |  out|    6|   ap_memory|                            local_C_14|         array|
|local_C_14_ce0        |  out|    1|   ap_memory|                            local_C_14|         array|
|local_C_14_q0         |   in|   32|   ap_memory|                            local_C_14|         array|
|local_C_15_address0   |  out|    6|   ap_memory|                            local_C_15|         array|
|local_C_15_ce0        |  out|    1|   ap_memory|                            local_C_15|         array|
|local_C_15_q0         |   in|   32|   ap_memory|                            local_C_15|         array|
|local_C_16_address0   |  out|    6|   ap_memory|                            local_C_16|         array|
|local_C_16_ce0        |  out|    1|   ap_memory|                            local_C_16|         array|
|local_C_16_q0         |   in|   32|   ap_memory|                            local_C_16|         array|
|local_C_17_address0   |  out|    6|   ap_memory|                            local_C_17|         array|
|local_C_17_ce0        |  out|    1|   ap_memory|                            local_C_17|         array|
|local_C_17_q0         |   in|   32|   ap_memory|                            local_C_17|         array|
|local_C_18_address0   |  out|    6|   ap_memory|                            local_C_18|         array|
|local_C_18_ce0        |  out|    1|   ap_memory|                            local_C_18|         array|
|local_C_18_q0         |   in|   32|   ap_memory|                            local_C_18|         array|
|local_C_19_address0   |  out|    6|   ap_memory|                            local_C_19|         array|
|local_C_19_ce0        |  out|    1|   ap_memory|                            local_C_19|         array|
|local_C_19_q0         |   in|   32|   ap_memory|                            local_C_19|         array|
|local_C_20_address0   |  out|    6|   ap_memory|                            local_C_20|         array|
|local_C_20_ce0        |  out|    1|   ap_memory|                            local_C_20|         array|
|local_C_20_q0         |   in|   32|   ap_memory|                            local_C_20|         array|
|local_C_21_address0   |  out|    6|   ap_memory|                            local_C_21|         array|
|local_C_21_ce0        |  out|    1|   ap_memory|                            local_C_21|         array|
|local_C_21_q0         |   in|   32|   ap_memory|                            local_C_21|         array|
|local_C_22_address0   |  out|    6|   ap_memory|                            local_C_22|         array|
|local_C_22_ce0        |  out|    1|   ap_memory|                            local_C_22|         array|
|local_C_22_q0         |   in|   32|   ap_memory|                            local_C_22|         array|
|local_C_23_address0   |  out|    6|   ap_memory|                            local_C_23|         array|
|local_C_23_ce0        |  out|    1|   ap_memory|                            local_C_23|         array|
|local_C_23_q0         |   in|   32|   ap_memory|                            local_C_23|         array|
|local_C_24_address0   |  out|    6|   ap_memory|                            local_C_24|         array|
|local_C_24_ce0        |  out|    1|   ap_memory|                            local_C_24|         array|
|local_C_24_q0         |   in|   32|   ap_memory|                            local_C_24|         array|
|local_C_25_address0   |  out|    6|   ap_memory|                            local_C_25|         array|
|local_C_25_ce0        |  out|    1|   ap_memory|                            local_C_25|         array|
|local_C_25_q0         |   in|   32|   ap_memory|                            local_C_25|         array|
|local_C_26_address0   |  out|    6|   ap_memory|                            local_C_26|         array|
|local_C_26_ce0        |  out|    1|   ap_memory|                            local_C_26|         array|
|local_C_26_q0         |   in|   32|   ap_memory|                            local_C_26|         array|
|local_C_27_address0   |  out|    6|   ap_memory|                            local_C_27|         array|
|local_C_27_ce0        |  out|    1|   ap_memory|                            local_C_27|         array|
|local_C_27_q0         |   in|   32|   ap_memory|                            local_C_27|         array|
|local_C_28_address0   |  out|    6|   ap_memory|                            local_C_28|         array|
|local_C_28_ce0        |  out|    1|   ap_memory|                            local_C_28|         array|
|local_C_28_q0         |   in|   32|   ap_memory|                            local_C_28|         array|
|local_C_29_address0   |  out|    6|   ap_memory|                            local_C_29|         array|
|local_C_29_ce0        |  out|    1|   ap_memory|                            local_C_29|         array|
|local_C_29_q0         |   in|   32|   ap_memory|                            local_C_29|         array|
|local_C_30_address0   |  out|    6|   ap_memory|                            local_C_30|         array|
|local_C_30_ce0        |  out|    1|   ap_memory|                            local_C_30|         array|
|local_C_30_q0         |   in|   32|   ap_memory|                            local_C_30|         array|
|local_C_31_address0   |  out|    6|   ap_memory|                            local_C_31|         array|
|local_C_31_ce0        |  out|    1|   ap_memory|                            local_C_31|         array|
|local_C_31_q0         |   in|   32|   ap_memory|                            local_C_31|         array|
|local_C_32_address0   |  out|    6|   ap_memory|                            local_C_32|         array|
|local_C_32_ce0        |  out|    1|   ap_memory|                            local_C_32|         array|
|local_C_32_q0         |   in|   32|   ap_memory|                            local_C_32|         array|
|local_C_33_address0   |  out|    6|   ap_memory|                            local_C_33|         array|
|local_C_33_ce0        |  out|    1|   ap_memory|                            local_C_33|         array|
|local_C_33_q0         |   in|   32|   ap_memory|                            local_C_33|         array|
|local_C_34_address0   |  out|    6|   ap_memory|                            local_C_34|         array|
|local_C_34_ce0        |  out|    1|   ap_memory|                            local_C_34|         array|
|local_C_34_q0         |   in|   32|   ap_memory|                            local_C_34|         array|
|local_C_35_address0   |  out|    6|   ap_memory|                            local_C_35|         array|
|local_C_35_ce0        |  out|    1|   ap_memory|                            local_C_35|         array|
|local_C_35_q0         |   in|   32|   ap_memory|                            local_C_35|         array|
|local_C_36_address0   |  out|    6|   ap_memory|                            local_C_36|         array|
|local_C_36_ce0        |  out|    1|   ap_memory|                            local_C_36|         array|
|local_C_36_q0         |   in|   32|   ap_memory|                            local_C_36|         array|
|local_C_37_address0   |  out|    6|   ap_memory|                            local_C_37|         array|
|local_C_37_ce0        |  out|    1|   ap_memory|                            local_C_37|         array|
|local_C_37_q0         |   in|   32|   ap_memory|                            local_C_37|         array|
|local_C_38_address0   |  out|    6|   ap_memory|                            local_C_38|         array|
|local_C_38_ce0        |  out|    1|   ap_memory|                            local_C_38|         array|
|local_C_38_q0         |   in|   32|   ap_memory|                            local_C_38|         array|
|local_C_39_address0   |  out|    6|   ap_memory|                            local_C_39|         array|
|local_C_39_ce0        |  out|    1|   ap_memory|                            local_C_39|         array|
|local_C_39_q0         |   in|   32|   ap_memory|                            local_C_39|         array|
|local_C_40_address0   |  out|    6|   ap_memory|                            local_C_40|         array|
|local_C_40_ce0        |  out|    1|   ap_memory|                            local_C_40|         array|
|local_C_40_q0         |   in|   32|   ap_memory|                            local_C_40|         array|
|local_C_41_address0   |  out|    6|   ap_memory|                            local_C_41|         array|
|local_C_41_ce0        |  out|    1|   ap_memory|                            local_C_41|         array|
|local_C_41_q0         |   in|   32|   ap_memory|                            local_C_41|         array|
|local_C_42_address0   |  out|    6|   ap_memory|                            local_C_42|         array|
|local_C_42_ce0        |  out|    1|   ap_memory|                            local_C_42|         array|
|local_C_42_q0         |   in|   32|   ap_memory|                            local_C_42|         array|
|local_C_43_address0   |  out|    6|   ap_memory|                            local_C_43|         array|
|local_C_43_ce0        |  out|    1|   ap_memory|                            local_C_43|         array|
|local_C_43_q0         |   in|   32|   ap_memory|                            local_C_43|         array|
|local_C_44_address0   |  out|    6|   ap_memory|                            local_C_44|         array|
|local_C_44_ce0        |  out|    1|   ap_memory|                            local_C_44|         array|
|local_C_44_q0         |   in|   32|   ap_memory|                            local_C_44|         array|
|local_C_45_address0   |  out|    6|   ap_memory|                            local_C_45|         array|
|local_C_45_ce0        |  out|    1|   ap_memory|                            local_C_45|         array|
|local_C_45_q0         |   in|   32|   ap_memory|                            local_C_45|         array|
|local_C_46_address0   |  out|    6|   ap_memory|                            local_C_46|         array|
|local_C_46_ce0        |  out|    1|   ap_memory|                            local_C_46|         array|
|local_C_46_q0         |   in|   32|   ap_memory|                            local_C_46|         array|
|local_C_47_address0   |  out|    6|   ap_memory|                            local_C_47|         array|
|local_C_47_ce0        |  out|    1|   ap_memory|                            local_C_47|         array|
|local_C_47_q0         |   in|   32|   ap_memory|                            local_C_47|         array|
|local_C_48_address0   |  out|    6|   ap_memory|                            local_C_48|         array|
|local_C_48_ce0        |  out|    1|   ap_memory|                            local_C_48|         array|
|local_C_48_q0         |   in|   32|   ap_memory|                            local_C_48|         array|
|local_C_49_address0   |  out|    6|   ap_memory|                            local_C_49|         array|
|local_C_49_ce0        |  out|    1|   ap_memory|                            local_C_49|         array|
|local_C_49_q0         |   in|   32|   ap_memory|                            local_C_49|         array|
|local_C_50_address0   |  out|    6|   ap_memory|                            local_C_50|         array|
|local_C_50_ce0        |  out|    1|   ap_memory|                            local_C_50|         array|
|local_C_50_q0         |   in|   32|   ap_memory|                            local_C_50|         array|
|local_C_51_address0   |  out|    6|   ap_memory|                            local_C_51|         array|
|local_C_51_ce0        |  out|    1|   ap_memory|                            local_C_51|         array|
|local_C_51_q0         |   in|   32|   ap_memory|                            local_C_51|         array|
|local_C_52_address0   |  out|    6|   ap_memory|                            local_C_52|         array|
|local_C_52_ce0        |  out|    1|   ap_memory|                            local_C_52|         array|
|local_C_52_q0         |   in|   32|   ap_memory|                            local_C_52|         array|
|local_C_53_address0   |  out|    6|   ap_memory|                            local_C_53|         array|
|local_C_53_ce0        |  out|    1|   ap_memory|                            local_C_53|         array|
|local_C_53_q0         |   in|   32|   ap_memory|                            local_C_53|         array|
|local_C_54_address0   |  out|    6|   ap_memory|                            local_C_54|         array|
|local_C_54_ce0        |  out|    1|   ap_memory|                            local_C_54|         array|
|local_C_54_q0         |   in|   32|   ap_memory|                            local_C_54|         array|
|local_C_55_address0   |  out|    6|   ap_memory|                            local_C_55|         array|
|local_C_55_ce0        |  out|    1|   ap_memory|                            local_C_55|         array|
|local_C_55_q0         |   in|   32|   ap_memory|                            local_C_55|         array|
|local_C_56_address0   |  out|    6|   ap_memory|                            local_C_56|         array|
|local_C_56_ce0        |  out|    1|   ap_memory|                            local_C_56|         array|
|local_C_56_q0         |   in|   32|   ap_memory|                            local_C_56|         array|
|local_C_57_address0   |  out|    6|   ap_memory|                            local_C_57|         array|
|local_C_57_ce0        |  out|    1|   ap_memory|                            local_C_57|         array|
|local_C_57_q0         |   in|   32|   ap_memory|                            local_C_57|         array|
|local_C_58_address0   |  out|    6|   ap_memory|                            local_C_58|         array|
|local_C_58_ce0        |  out|    1|   ap_memory|                            local_C_58|         array|
|local_C_58_q0         |   in|   32|   ap_memory|                            local_C_58|         array|
|local_C_59_address0   |  out|    6|   ap_memory|                            local_C_59|         array|
|local_C_59_ce0        |  out|    1|   ap_memory|                            local_C_59|         array|
|local_C_59_q0         |   in|   32|   ap_memory|                            local_C_59|         array|
|local_C_60_address0   |  out|    6|   ap_memory|                            local_C_60|         array|
|local_C_60_ce0        |  out|    1|   ap_memory|                            local_C_60|         array|
|local_C_60_q0         |   in|   32|   ap_memory|                            local_C_60|         array|
|local_C_61_address0   |  out|    6|   ap_memory|                            local_C_61|         array|
|local_C_61_ce0        |  out|    1|   ap_memory|                            local_C_61|         array|
|local_C_61_q0         |   in|   32|   ap_memory|                            local_C_61|         array|
|local_C_62_address0   |  out|    6|   ap_memory|                            local_C_62|         array|
|local_C_62_ce0        |  out|    1|   ap_memory|                            local_C_62|         array|
|local_C_62_q0         |   in|   32|   ap_memory|                            local_C_62|         array|
|local_C_63_address0   |  out|    6|   ap_memory|                            local_C_63|         array|
|local_C_63_ce0        |  out|    1|   ap_memory|                            local_C_63|         array|
|local_C_63_q0         |   in|   32|   ap_memory|                            local_C_63|         array|
|zext_ln34_1           |   in|   32|     ap_none|                           zext_ln34_1|        scalar|
|shl_ln35_mid2         |   in|   62|     ap_none|                         shl_ln35_mid2|        scalar|
|trunc_ln35_1          |   in|   62|     ap_none|                          trunc_ln35_1|        scalar|
|C                     |   in|   64|     ap_none|                                     C|        scalar|
+----------------------+-----+-----+------------+--------------------------------------+--------------+

