

================================================================
== Vitis HLS Report for 'matrix_mul_Pipeline_VITIS_LOOP_37_3_VITIS_LOOP_38_4'
================================================================
* Date:           Wed Nov 20 15:30:21 2024

* Version:        2022.1 (Build 3526262 on Mon Apr 18 15:47:01 MDT 2022)
* Project:        matrix_mul_hls
* Solution:       solution1 (Vivado IP Flow Target)
* Product family: virtexuplus
* Target device:  xcu50-fsvh2104-2-e


================================================================
== Performance Estimates
================================================================
+ Timing: 
    * Summary: 
    +--------+---------+----------+------------+
    |  Clock |  Target | Estimated| Uncertainty|
    +--------+---------+----------+------------+
    |ap_clk  |  3.33 ns|  2.001 ns|     0.90 ns|
    +--------+---------+----------+------------+

+ Latency: 
    * Summary: 
    +---------+---------+-----------+-----------+------+------+---------+
    |  Latency (cycles) |   Latency (absolute)  |   Interval  | Pipeline|
    |   min   |   max   |    min    |    max    |  min |  max |   Type  |
    +---------+---------+-----------+-----------+------+------+---------+
    |     4098|     4098|  13.646 us|  13.646 us|  4098|  4098|       no|
    +---------+---------+-----------+-----------+------+------+---------+

    + Detail: 
        * Instance: 
        N/A

        * Loop: 
        +-----------------------------------+---------+---------+----------+-----------+-----------+------+----------+
        |                                   |  Latency (cycles) | Iteration|  Initiation Interval  | Trip |          |
        |             Loop Name             |   min   |   max   |  Latency |  achieved |   target  | Count| Pipelined|
        +-----------------------------------+---------+---------+----------+-----------+-----------+------+----------+
        |- VITIS_LOOP_37_3_VITIS_LOOP_38_4  |     4096|     4096|         1|          1|          1|  4096|       yes|
        +-----------------------------------+---------+---------+----------+-----------+-----------+------+----------+



================================================================
== Utilization Estimates
================================================================
* Summary: 
+---------------------+---------+------+---------+--------+-----+
|         Name        | BRAM_18K|  DSP |    FF   |   LUT  | URAM|
+---------------------+---------+------+---------+--------+-----+
|DSP                  |        -|     -|        -|       -|    -|
|Expression           |        -|     -|        0|      85|    -|
|FIFO                 |        -|     -|        -|       -|    -|
|Instance             |        -|     -|        -|       -|    -|
|Memory               |        -|     -|        -|       -|    -|
|Multiplexer          |        -|     -|        -|      63|    -|
|Register             |        -|     -|       29|       -|    -|
+---------------------+---------+------+---------+--------+-----+
|Total                |        0|     0|       29|     148|    0|
+---------------------+---------+------+---------+--------+-----+
|Available SLR        |     1344|  2976|   871680|  435840|  320|
+---------------------+---------+------+---------+--------+-----+
|Utilization SLR (%)  |        0|     0|       ~0|      ~0|    0|
+---------------------+---------+------+---------+--------+-----+
|Available            |     2688|  5952|  1743360|  871680|  640|
+---------------------+---------+------+---------+--------+-----+
|Utilization (%)      |        0|     0|       ~0|      ~0|    0|
+---------------------+---------+------+---------+--------+-----+

+ Detail: 
    * Instance: 
    N/A

    * DSP: 
    N/A

    * Memory: 
    N/A

    * FIFO: 
    N/A

    * Expression: 
    +--------------------------+----------+----+---+----+------------+------------+
    |       Variable Name      | Operation| DSP| FF| LUT| Bitwidth P0| Bitwidth P1|
    +--------------------------+----------+----+---+----+------------+------------+
    |add_ln37_1_fu_1246_p2     |         +|   0|  0|  14|           7|           1|
    |add_ln37_fu_1220_p2       |         +|   0|  0|  20|          13|           1|
    |add_ln38_fu_1332_p2       |         +|   0|  0|  14|           7|           1|
    |icmp_ln37_fu_1214_p2      |      icmp|   0|  0|  12|          13|          14|
    |icmp_ln38_fu_1232_p2      |      icmp|   0|  0|  11|           7|           8|
    |select_ln37_1_fu_1252_p3  |    select|   0|  0|   7|           1|           7|
    |select_ln37_fu_1238_p3    |    select|   0|  0|   7|           1|           1|
    +--------------------------+----------+----+---+----+------------+------------+
    |Total                     |          |   0|  0|  85|          49|          33|
    +--------------------------+----------+----+---+----+------------+------------+

    * Multiplexer: 
    +--------------------------------------+----+-----------+-----+-----------+
    |                 Name                 | LUT| Input Size| Bits| Total Bits|
    +--------------------------------------+----+-----------+-----+-----------+
    |ap_done_int                           |   9|          2|    1|          2|
    |ap_sig_allocacmp_ii_load              |   9|          2|    7|         14|
    |ap_sig_allocacmp_indvar_flatten_load  |   9|          2|   13|         26|
    |ap_sig_allocacmp_jj_load              |   9|          2|    7|         14|
    |ii_fu_292                             |   9|          2|    7|         14|
    |indvar_flatten_fu_296                 |   9|          2|   13|         26|
    |jj_fu_288                             |   9|          2|    7|         14|
    +--------------------------------------+----+-----------+-----+-----------+
    |Total                                 |  63|         14|   55|        110|
    +--------------------------------------+----+-----------+-----+-----------+

    * Register: 
    +-----------------------+----+----+-----+-----------+
    |          Name         | FF | LUT| Bits| Const Bits|
    +-----------------------+----+----+-----+-----------+
    |ap_CS_fsm              |   1|   0|    1|          0|
    |ap_done_reg            |   1|   0|    1|          0|
    |ii_fu_292              |   7|   0|    7|          0|
    |indvar_flatten_fu_296  |  13|   0|   13|          0|
    |jj_fu_288              |   7|   0|    7|          0|
    +-----------------------+----+----+-----+-----------+
    |Total                  |  29|   0|   29|          0|
    +-----------------------+----+----+-----+-----------+



================================================================
== Interface
================================================================
* Summary: 
+---------------------+-----+-----+------------+-----------------------------------------------------+--------------+
|      RTL Ports      | Dir | Bits|  Protocol  |                    Source Object                    |    C Type    |
+---------------------+-----+-----+------------+-----------------------------------------------------+--------------+
|ap_clk               |   in|    1|  ap_ctrl_hs|  matrix_mul_Pipeline_VITIS_LOOP_37_3_VITIS_LOOP_38_4|  return value|
|ap_rst               |   in|    1|  ap_ctrl_hs|  matrix_mul_Pipeline_VITIS_LOOP_37_3_VITIS_LOOP_38_4|  return value|
|ap_start             |   in|    1|  ap_ctrl_hs|  matrix_mul_Pipeline_VITIS_LOOP_37_3_VITIS_LOOP_38_4|  return value|
|ap_done              |  out|    1|  ap_ctrl_hs|  matrix_mul_Pipeline_VITIS_LOOP_37_3_VITIS_LOOP_38_4|  return value|
|ap_idle              |  out|    1|  ap_ctrl_hs|  matrix_mul_Pipeline_VITIS_LOOP_37_3_VITIS_LOOP_38_4|  return value|
|ap_ready             |  out|    1|  ap_ctrl_hs|  matrix_mul_Pipeline_VITIS_LOOP_37_3_VITIS_LOOP_38_4|  return value|
|local_C_address0     |  out|    6|   ap_memory|                                              local_C|         array|
|local_C_ce0          |  out|    1|   ap_memory|                                              local_C|         array|
|local_C_we0          |  out|    1|   ap_memory|                                              local_C|         array|
|local_C_d0           |  out|   32|   ap_memory|                                              local_C|         array|
|local_C_1_address0   |  out|    6|   ap_memory|                                            local_C_1|         array|
|local_C_1_ce0        |  out|    1|   ap_memory|                                            local_C_1|         array|
|local_C_1_we0        |  out|    1|   ap_memory|                                            local_C_1|         array|
|local_C_1_d0         |  out|   32|   ap_memory|                                            local_C_1|         array|
|local_C_2_address0   |  out|    6|   ap_memory|                                            local_C_2|         array|
|local_C_2_ce0        |  out|    1|   ap_memory|                                            local_C_2|         array|
|local_C_2_we0        |  out|    1|   ap_memory|                                            local_C_2|         array|
|local_C_2_d0         |  out|   32|   ap_memory|                                            local_C_2|         array|
|local_C_3_address0   |  out|    6|   ap_memory|                                            local_C_3|         array|
|local_C_3_ce0        |  out|    1|   ap_memory|                                            local_C_3|         array|
|local_C_3_we0        |  out|    1|   ap_memory|                                            local_C_3|         array|
|local_C_3_d0         |  out|   32|   ap_memory|                                            local_C_3|         array|
|local_C_4_address0   |  out|    6|   ap_memory|                                            local_C_4|         array|
|local_C_4_ce0        |  out|    1|   ap_memory|                                            local_C_4|         array|
|local_C_4_we0        |  out|    1|   ap_memory|                                            local_C_4|         array|
|local_C_4_d0         |  out|   32|   ap_memory|                                            local_C_4|         array|
|local_C_5_address0   |  out|    6|   ap_memory|                                            local_C_5|         array|
|local_C_5_ce0        |  out|    1|   ap_memory|                                            local_C_5|         array|
|local_C_5_we0        |  out|    1|   ap_memory|                                            local_C_5|         array|
|local_C_5_d0         |  out|   32|   ap_memory|                                            local_C_5|         array|
|local_C_6_address0   |  out|    6|   ap_memory|                                            local_C_6|         array|
|local_C_6_ce0        |  out|    1|   ap_memory|                                            local_C_6|         array|
|local_C_6_we0        |  out|    1|   ap_memory|                                            local_C_6|         array|
|local_C_6_d0         |  out|   32|   ap_memory|                                            local_C_6|         array|
|local_C_7_address0   |  out|    6|   ap_memory|                                            local_C_7|         array|
|local_C_7_ce0        |  out|    1|   ap_memory|                                            local_C_7|         array|
|local_C_7_we0        |  out|    1|   ap_memory|                                            local_C_7|         array|
|local_C_7_d0         |  out|   32|   ap_memory|                                            local_C_7|         array|
|local_C_8_address0   |  out|    6|   ap_memory|                                            local_C_8|         array|
|local_C_8_ce0        |  out|    1|   ap_memory|                                            local_C_8|         array|
|local_C_8_we0        |  out|    1|   ap_memory|                                            local_C_8|         array|
|local_C_8_d0         |  out|   32|   ap_memory|                                            local_C_8|         array|
|local_C_9_address0   |  out|    6|   ap_memory|                                            local_C_9|         array|
|local_C_9_ce0        |  out|    1|   ap_memory|                                            local_C_9|         array|
|local_C_9_we0        |  out|    1|   ap_memory|                                            local_C_9|         array|
|local_C_9_d0         |  out|   32|   ap_memory|                                            local_C_9|         array|
|local_C_10_address0  |  out|    6|   ap_memory|                                           local_C_10|         array|
|local_C_10_ce0       |  out|    1|   ap_memory|                                           local_C_10|         array|
|local_C_10_we0       |  out|    1|   ap_memory|                                           local_C_10|         array|
|local_C_10_d0        |  out|   32|   ap_memory|                                           local_C_10|         array|
|local_C_11_address0  |  out|    6|   ap_memory|                                           local_C_11|         array|
|local_C_11_ce0       |  out|    1|   ap_memory|                                           local_C_11|         array|
|local_C_11_we0       |  out|    1|   ap_memory|                                           local_C_11|         array|
|local_C_11_d0        |  out|   32|   ap_memory|                                           local_C_11|         array|
|local_C_12_address0  |  out|    6|   ap_memory|                                           local_C_12|         array|
|local_C_12_ce0       |  out|    1|   ap_memory|                                           local_C_12|         array|
|local_C_12_we0       |  out|    1|   ap_memory|                                           local_C_12|         array|
|local_C_12_d0        |  out|   32|   ap_memory|                                           local_C_12|         array|
|local_C_13_address0  |  out|    6|   ap_memory|                                           local_C_13|         array|
|local_C_13_ce0       |  out|    1|   ap_memory|                                           local_C_13|         array|
|local_C_13_we0       |  out|    1|   ap_memory|                                           local_C_13|         array|
|local_C_13_d0        |  out|   32|   ap_memory|                                           local_C_13|         array|
|local_C_14_address0  |  out|    6|   ap_memory|                                           local_C_14|         array|
|local_C_14_ce0       |  out|    1|   ap_memory|                                           local_C_14|         array|
|local_C_14_we0       |  out|    1|   ap_memory|                                           local_C_14|         array|
|local_C_14_d0        |  out|   32|   ap_memory|                                           local_C_14|         array|
|local_C_15_address0  |  out|    6|   ap_memory|                                           local_C_15|         array|
|local_C_15_ce0       |  out|    1|   ap_memory|                                           local_C_15|         array|
|local_C_15_we0       |  out|    1|   ap_memory|                                           local_C_15|         array|
|local_C_15_d0        |  out|   32|   ap_memory|                                           local_C_15|         array|
|local_C_16_address0  |  out|    6|   ap_memory|                                           local_C_16|         array|
|local_C_16_ce0       |  out|    1|   ap_memory|                                           local_C_16|         array|
|local_C_16_we0       |  out|    1|   ap_memory|                                           local_C_16|         array|
|local_C_16_d0        |  out|   32|   ap_memory|                                           local_C_16|         array|
|local_C_17_address0  |  out|    6|   ap_memory|                                           local_C_17|         array|
|local_C_17_ce0       |  out|    1|   ap_memory|                                           local_C_17|         array|
|local_C_17_we0       |  out|    1|   ap_memory|                                           local_C_17|         array|
|local_C_17_d0        |  out|   32|   ap_memory|                                           local_C_17|         array|
|local_C_18_address0  |  out|    6|   ap_memory|                                           local_C_18|         array|
|local_C_18_ce0       |  out|    1|   ap_memory|                                           local_C_18|         array|
|local_C_18_we0       |  out|    1|   ap_memory|                                           local_C_18|         array|
|local_C_18_d0        |  out|   32|   ap_memory|                                           local_C_18|         array|
|local_C_19_address0  |  out|    6|   ap_memory|                                           local_C_19|         array|
|local_C_19_ce0       |  out|    1|   ap_memory|                                           local_C_19|         array|
|local_C_19_we0       |  out|    1|   ap_memory|                                           local_C_19|         array|
|local_C_19_d0        |  out|   32|   ap_memory|                                           local_C_19|         array|
|local_C_20_address0  |  out|    6|   ap_memory|                                           local_C_20|         array|
|local_C_20_ce0       |  out|    1|   ap_memory|                                           local_C_20|         array|
|local_C_20_we0       |  out|    1|   ap_memory|                                           local_C_20|         array|
|local_C_20_d0        |  out|   32|   ap_memory|                                           local_C_20|         array|
|local_C_21_address0  |  out|    6|   ap_memory|                                           local_C_21|         array|
|local_C_21_ce0       |  out|    1|   ap_memory|                                           local_C_21|         array|
|local_C_21_we0       |  out|    1|   ap_memory|                                           local_C_21|         array|
|local_C_21_d0        |  out|   32|   ap_memory|                                           local_C_21|         array|
|local_C_22_address0  |  out|    6|   ap_memory|                                           local_C_22|         array|
|local_C_22_ce0       |  out|    1|   ap_memory|                                           local_C_22|         array|
|local_C_22_we0       |  out|    1|   ap_memory|                                           local_C_22|         array|
|local_C_22_d0        |  out|   32|   ap_memory|                                           local_C_22|         array|
|local_C_23_address0  |  out|    6|   ap_memory|                                           local_C_23|         array|
|local_C_23_ce0       |  out|    1|   ap_memory|                                           local_C_23|         array|
|local_C_23_we0       |  out|    1|   ap_memory|                                           local_C_23|         array|
|local_C_23_d0        |  out|   32|   ap_memory|                                           local_C_23|         array|
|local_C_24_address0  |  out|    6|   ap_memory|                                           local_C_24|         array|
|local_C_24_ce0       |  out|    1|   ap_memory|                                           local_C_24|         array|
|local_C_24_we0       |  out|    1|   ap_memory|                                           local_C_24|         array|
|local_C_24_d0        |  out|   32|   ap_memory|                                           local_C_24|         array|
|local_C_25_address0  |  out|    6|   ap_memory|                                           local_C_25|         array|
|local_C_25_ce0       |  out|    1|   ap_memory|                                           local_C_25|         array|
|local_C_25_we0       |  out|    1|   ap_memory|                                           local_C_25|         array|
|local_C_25_d0        |  out|   32|   ap_memory|                                           local_C_25|         array|
|local_C_26_address0  |  out|    6|   ap_memory|                                           local_C_26|         array|
|local_C_26_ce0       |  out|    1|   ap_memory|                                           local_C_26|         array|
|local_C_26_we0       |  out|    1|   ap_memory|                                           local_C_26|         array|
|local_C_26_d0        |  out|   32|   ap_memory|                                           local_C_26|         array|
|local_C_27_address0  |  out|    6|   ap_memory|                                           local_C_27|         array|
|local_C_27_ce0       |  out|    1|   ap_memory|                                           local_C_27|         array|
|local_C_27_we0       |  out|    1|   ap_memory|                                           local_C_27|         array|
|local_C_27_d0        |  out|   32|   ap_memory|                                           local_C_27|         array|
|local_C_28_address0  |  out|    6|   ap_memory|                                           local_C_28|         array|
|local_C_28_ce0       |  out|    1|   ap_memory|                                           local_C_28|         array|
|local_C_28_we0       |  out|    1|   ap_memory|                                           local_C_28|         array|
|local_C_28_d0        |  out|   32|   ap_memory|                                           local_C_28|         array|
|local_C_29_address0  |  out|    6|   ap_memory|                                           local_C_29|         array|
|local_C_29_ce0       |  out|    1|   ap_memory|                                           local_C_29|         array|
|local_C_29_we0       |  out|    1|   ap_memory|                                           local_C_29|         array|
|local_C_29_d0        |  out|   32|   ap_memory|                                           local_C_29|         array|
|local_C_30_address0  |  out|    6|   ap_memory|                                           local_C_30|         array|
|local_C_30_ce0       |  out|    1|   ap_memory|                                           local_C_30|         array|
|local_C_30_we0       |  out|    1|   ap_memory|                                           local_C_30|         array|
|local_C_30_d0        |  out|   32|   ap_memory|                                           local_C_30|         array|
|local_C_31_address0  |  out|    6|   ap_memory|                                           local_C_31|         array|
|local_C_31_ce0       |  out|    1|   ap_memory|                                           local_C_31|         array|
|local_C_31_we0       |  out|    1|   ap_memory|                                           local_C_31|         array|
|local_C_31_d0        |  out|   32|   ap_memory|                                           local_C_31|         array|
|local_C_32_address0  |  out|    6|   ap_memory|                                           local_C_32|         array|
|local_C_32_ce0       |  out|    1|   ap_memory|                                           local_C_32|         array|
|local_C_32_we0       |  out|    1|   ap_memory|                                           local_C_32|         array|
|local_C_32_d0        |  out|   32|   ap_memory|                                           local_C_32|         array|
|local_C_33_address0  |  out|    6|   ap_memory|                                           local_C_33|         array|
|local_C_33_ce0       |  out|    1|   ap_memory|                                           local_C_33|         array|
|local_C_33_we0       |  out|    1|   ap_memory|                                           local_C_33|         array|
|local_C_33_d0        |  out|   32|   ap_memory|                                           local_C_33|         array|
|local_C_34_address0  |  out|    6|   ap_memory|                                           local_C_34|         array|
|local_C_34_ce0       |  out|    1|   ap_memory|                                           local_C_34|         array|
|local_C_34_we0       |  out|    1|   ap_memory|                                           local_C_34|         array|
|local_C_34_d0        |  out|   32|   ap_memory|                                           local_C_34|         array|
|local_C_35_address0  |  out|    6|   ap_memory|                                           local_C_35|         array|
|local_C_35_ce0       |  out|    1|   ap_memory|                                           local_C_35|         array|
|local_C_35_we0       |  out|    1|   ap_memory|                                           local_C_35|         array|
|local_C_35_d0        |  out|   32|   ap_memory|                                           local_C_35|         array|
|local_C_36_address0  |  out|    6|   ap_memory|                                           local_C_36|         array|
|local_C_36_ce0       |  out|    1|   ap_memory|                                           local_C_36|         array|
|local_C_36_we0       |  out|    1|   ap_memory|                                           local_C_36|         array|
|local_C_36_d0        |  out|   32|   ap_memory|                                           local_C_36|         array|
|local_C_37_address0  |  out|    6|   ap_memory|                                           local_C_37|         array|
|local_C_37_ce0       |  out|    1|   ap_memory|                                           local_C_37|         array|
|local_C_37_we0       |  out|    1|   ap_memory|                                           local_C_37|         array|
|local_C_37_d0        |  out|   32|   ap_memory|                                           local_C_37|         array|
|local_C_38_address0  |  out|    6|   ap_memory|                                           local_C_38|         array|
|local_C_38_ce0       |  out|    1|   ap_memory|                                           local_C_38|         array|
|local_C_38_we0       |  out|    1|   ap_memory|                                           local_C_38|         array|
|local_C_38_d0        |  out|   32|   ap_memory|                                           local_C_38|         array|
|local_C_39_address0  |  out|    6|   ap_memory|                                           local_C_39|         array|
|local_C_39_ce0       |  out|    1|   ap_memory|                                           local_C_39|         array|
|local_C_39_we0       |  out|    1|   ap_memory|                                           local_C_39|         array|
|local_C_39_d0        |  out|   32|   ap_memory|                                           local_C_39|         array|
|local_C_40_address0  |  out|    6|   ap_memory|                                           local_C_40|         array|
|local_C_40_ce0       |  out|    1|   ap_memory|                                           local_C_40|         array|
|local_C_40_we0       |  out|    1|   ap_memory|                                           local_C_40|         array|
|local_C_40_d0        |  out|   32|   ap_memory|                                           local_C_40|         array|
|local_C_41_address0  |  out|    6|   ap_memory|                                           local_C_41|         array|
|local_C_41_ce0       |  out|    1|   ap_memory|                                           local_C_41|         array|
|local_C_41_we0       |  out|    1|   ap_memory|                                           local_C_41|         array|
|local_C_41_d0        |  out|   32|   ap_memory|                                           local_C_41|         array|
|local_C_42_address0  |  out|    6|   ap_memory|                                           local_C_42|         array|
|local_C_42_ce0       |  out|    1|   ap_memory|                                           local_C_42|         array|
|local_C_42_we0       |  out|    1|   ap_memory|                                           local_C_42|         array|
|local_C_42_d0        |  out|   32|   ap_memory|                                           local_C_42|         array|
|local_C_43_address0  |  out|    6|   ap_memory|                                           local_C_43|         array|
|local_C_43_ce0       |  out|    1|   ap_memory|                                           local_C_43|         array|
|local_C_43_we0       |  out|    1|   ap_memory|                                           local_C_43|         array|
|local_C_43_d0        |  out|   32|   ap_memory|                                           local_C_43|         array|
|local_C_44_address0  |  out|    6|   ap_memory|                                           local_C_44|         array|
|local_C_44_ce0       |  out|    1|   ap_memory|                                           local_C_44|         array|
|local_C_44_we0       |  out|    1|   ap_memory|                                           local_C_44|         array|
|local_C_44_d0        |  out|   32|   ap_memory|                                           local_C_44|         array|
|local_C_45_address0  |  out|    6|   ap_memory|                                           local_C_45|         array|
|local_C_45_ce0       |  out|    1|   ap_memory|                                           local_C_45|         array|
|local_C_45_we0       |  out|    1|   ap_memory|                                           local_C_45|         array|
|local_C_45_d0        |  out|   32|   ap_memory|                                           local_C_45|         array|
|local_C_46_address0  |  out|    6|   ap_memory|                                           local_C_46|         array|
|local_C_46_ce0       |  out|    1|   ap_memory|                                           local_C_46|         array|
|local_C_46_we0       |  out|    1|   ap_memory|                                           local_C_46|         array|
|local_C_46_d0        |  out|   32|   ap_memory|                                           local_C_46|         array|
|local_C_47_address0  |  out|    6|   ap_memory|                                           local_C_47|         array|
|local_C_47_ce0       |  out|    1|   ap_memory|                                           local_C_47|         array|
|local_C_47_we0       |  out|    1|   ap_memory|                                           local_C_47|         array|
|local_C_47_d0        |  out|   32|   ap_memory|                                           local_C_47|         array|
|local_C_48_address0  |  out|    6|   ap_memory|                                           local_C_48|         array|
|local_C_48_ce0       |  out|    1|   ap_memory|                                           local_C_48|         array|
|local_C_48_we0       |  out|    1|   ap_memory|                                           local_C_48|         array|
|local_C_48_d0        |  out|   32|   ap_memory|                                           local_C_48|         array|
|local_C_49_address0  |  out|    6|   ap_memory|                                           local_C_49|         array|
|local_C_49_ce0       |  out|    1|   ap_memory|                                           local_C_49|         array|
|local_C_49_we0       |  out|    1|   ap_memory|                                           local_C_49|         array|
|local_C_49_d0        |  out|   32|   ap_memory|                                           local_C_49|         array|
|local_C_50_address0  |  out|    6|   ap_memory|                                           local_C_50|         array|
|local_C_50_ce0       |  out|    1|   ap_memory|                                           local_C_50|         array|
|local_C_50_we0       |  out|    1|   ap_memory|                                           local_C_50|         array|
|local_C_50_d0        |  out|   32|   ap_memory|                                           local_C_50|         array|
|local_C_51_address0  |  out|    6|   ap_memory|                                           local_C_51|         array|
|local_C_51_ce0       |  out|    1|   ap_memory|                                           local_C_51|         array|
|local_C_51_we0       |  out|    1|   ap_memory|                                           local_C_51|         array|
|local_C_51_d0        |  out|   32|   ap_memory|                                           local_C_51|         array|
|local_C_52_address0  |  out|    6|   ap_memory|                                           local_C_52|         array|
|local_C_52_ce0       |  out|    1|   ap_memory|                                           local_C_52|         array|
|local_C_52_we0       |  out|    1|   ap_memory|                                           local_C_52|         array|
|local_C_52_d0        |  out|   32|   ap_memory|                                           local_C_52|         array|
|local_C_53_address0  |  out|    6|   ap_memory|                                           local_C_53|         array|
|local_C_53_ce0       |  out|    1|   ap_memory|                                           local_C_53|         array|
|local_C_53_we0       |  out|    1|   ap_memory|                                           local_C_53|         array|
|local_C_53_d0        |  out|   32|   ap_memory|                                           local_C_53|         array|
|local_C_54_address0  |  out|    6|   ap_memory|                                           local_C_54|         array|
|local_C_54_ce0       |  out|    1|   ap_memory|                                           local_C_54|         array|
|local_C_54_we0       |  out|    1|   ap_memory|                                           local_C_54|         array|
|local_C_54_d0        |  out|   32|   ap_memory|                                           local_C_54|         array|
|local_C_55_address0  |  out|    6|   ap_memory|                                           local_C_55|         array|
|local_C_55_ce0       |  out|    1|   ap_memory|                                           local_C_55|         array|
|local_C_55_we0       |  out|    1|   ap_memory|                                           local_C_55|         array|
|local_C_55_d0        |  out|   32|   ap_memory|                                           local_C_55|         array|
|local_C_56_address0  |  out|    6|   ap_memory|                                           local_C_56|         array|
|local_C_56_ce0       |  out|    1|   ap_memory|                                           local_C_56|         array|
|local_C_56_we0       |  out|    1|   ap_memory|                                           local_C_56|         array|
|local_C_56_d0        |  out|   32|   ap_memory|                                           local_C_56|         array|
|local_C_57_address0  |  out|    6|   ap_memory|                                           local_C_57|         array|
|local_C_57_ce0       |  out|    1|   ap_memory|                                           local_C_57|         array|
|local_C_57_we0       |  out|    1|   ap_memory|                                           local_C_57|         array|
|local_C_57_d0        |  out|   32|   ap_memory|                                           local_C_57|         array|
|local_C_58_address0  |  out|    6|   ap_memory|                                           local_C_58|         array|
|local_C_58_ce0       |  out|    1|   ap_memory|                                           local_C_58|         array|
|local_C_58_we0       |  out|    1|   ap_memory|                                           local_C_58|         array|
|local_C_58_d0        |  out|   32|   ap_memory|                                           local_C_58|         array|
|local_C_59_address0  |  out|    6|   ap_memory|                                           local_C_59|         array|
|local_C_59_ce0       |  out|    1|   ap_memory|                                           local_C_59|         array|
|local_C_59_we0       |  out|    1|   ap_memory|                                           local_C_59|         array|
|local_C_59_d0        |  out|   32|   ap_memory|                                           local_C_59|         array|
|local_C_60_address0  |  out|    6|   ap_memory|                                           local_C_60|         array|
|local_C_60_ce0       |  out|    1|   ap_memory|                                           local_C_60|         array|
|local_C_60_we0       |  out|    1|   ap_memory|                                           local_C_60|         array|
|local_C_60_d0        |  out|   32|   ap_memory|                                           local_C_60|         array|
|local_C_61_address0  |  out|    6|   ap_memory|                                           local_C_61|         array|
|local_C_61_ce0       |  out|    1|   ap_memory|                                           local_C_61|         array|
|local_C_61_we0       |  out|    1|   ap_memory|                                           local_C_61|         array|
|local_C_61_d0        |  out|   32|   ap_memory|                                           local_C_61|         array|
|local_C_62_address0  |  out|    6|   ap_memory|                                           local_C_62|         array|
|local_C_62_ce0       |  out|    1|   ap_memory|                                           local_C_62|         array|
|local_C_62_we0       |  out|    1|   ap_memory|                                           local_C_62|         array|
|local_C_62_d0        |  out|   32|   ap_memory|                                           local_C_62|         array|
|local_C_63_address0  |  out|    6|   ap_memory|                                           local_C_63|         array|
|local_C_63_ce0       |  out|    1|   ap_memory|                                           local_C_63|         array|
|local_C_63_we0       |  out|    1|   ap_memory|                                           local_C_63|         array|
|local_C_63_d0        |  out|   32|   ap_memory|                                           local_C_63|         array|
+---------------------+-----+-----+------------+-----------------------------------------------------+--------------+

