

================================================================
== Vitis HLS Report for 'matrix_mul_Pipeline_VITIS_LOOP_54_9'
================================================================
* Date:           Wed Nov 20 15:30:09 2024

* Version:        2022.1 (Build 3526262 on Mon Apr 18 15:47:01 MDT 2022)
* Project:        matrix_mul_hls
* Solution:       solution1 (Vivado IP Flow Target)
* Product family: virtexuplus
* Target device:  xcu50-fsvh2104-2-e


================================================================
== Performance Estimates
================================================================
+ Timing: 
    * Summary: 
    +--------+---------+----------+------------+
    |  Clock |  Target | Estimated| Uncertainty|
    +--------+---------+----------+------------+
    |ap_clk  |  3.33 ns|  2.431 ns|     0.90 ns|
    +--------+---------+----------+------------+

+ Latency: 
    * Summary: 
    +---------+---------+-----------+-----------+------+------+---------+
    |  Latency (cycles) |   Latency (absolute)  |   Interval  | Pipeline|
    |   min   |   max   |    min    |    max    |  min |  max |   Type  |
    +---------+---------+-----------+-----------+------+------+---------+
    |     4109|     4109|  13.683 us|  13.683 us|  4109|  4109|       no|
    +---------+---------+-----------+-----------+------+------+---------+

    + Detail: 
        * Instance: 
        N/A

        * Loop: 
        +-----------------------------------+---------+---------+----------+-----------+-----------+------+----------+
        |                                   |  Latency (cycles) | Iteration|  Initiation Interval  | Trip |          |
        |             Loop Name             |   min   |   max   |  Latency |  achieved |   target  | Count| Pipelined|
        +-----------------------------------+---------+---------+----------+-----------+-----------+------+----------+
        |- VITIS_LOOP_53_8_VITIS_LOOP_54_9  |     4107|     4107|        13|          1|          1|  4096|       yes|
        +-----------------------------------+---------+---------+----------+-----------+-----------+------+----------+

============================================================
+ Verbose Summary: Synthesis Manager
============================================================
InlineROM: 1
ExposeGlobal: 0
============================================================
+ Verbose Summary: CDFG Model
============================================================
IsTopModel: 0
ResetActiveHigh: 1
IsCombinational: 0
IsDatapathOnly: 0
HasWiredReturn: 1
HasMFsm: 2
HasVarLatency: 1
IsPipeline: 0
IsRtlPipelined: 0
IsInstanceOverlapped: 0
IsDontTouch: 0
HasImplIP: 0
IsGatedGlobalClock: 0

+ Individual pipeline summary: 
  * Pipeline-0: initiation interval (II) = 1, depth = 13


============================================================
+ Verbose Summary: Schedule
============================================================
* Number of FSM states : 13
* Pipeline : 1
  Pipeline-0 : II = 1, D = 13, States = { 1 2 3 4 5 6 7 8 9 10 11 12 13 }
* Dataflow Pipeline: 0

* FSM state transitions: 
1 --> 2 
2 --> 3 
3 --> 4 
4 --> 5 
5 --> 6 
6 --> 7 
7 --> 8 
8 --> 9 
9 --> 10 
10 --> 11 
11 --> 12 
12 --> 13 
13 --> 

* FSM state operations: 

State 1 <SV = 0> <Delay = 2.00>
ST_1 : Operation 16 [1/1] (0.00ns)   --->   "%jj = alloca i32 1"   --->   Operation 16 'alloca' 'jj' <Predicate = true> <Delay = 0.00>
ST_1 : Operation 17 [1/1] (0.00ns)   --->   "%kk = alloca i32 1"   --->   Operation 17 'alloca' 'kk' <Predicate = true> <Delay = 0.00>
ST_1 : Operation 18 [1/1] (0.00ns)   --->   "%indvar_flatten163 = alloca i32 1"   --->   Operation 18 'alloca' 'indvar_flatten163' <Predicate = true> <Delay = 0.00>
ST_1 : Operation 19 [1/1] (0.00ns)   --->   "%B_read = read i64 @_ssdm_op_Read.ap_auto.i64, i64 %B"   --->   Operation 19 'read' 'B_read' <Predicate = true> <Delay = 0.00>
ST_1 : Operation 20 [1/1] (0.00ns)   --->   "%shl_ln_read = read i62 @_ssdm_op_Read.ap_auto.i62, i62 %shl_ln"   --->   Operation 20 'read' 'shl_ln_read' <Predicate = true> <Delay = 0.00>
ST_1 : Operation 21 [1/1] (0.00ns)   --->   "%trunc_ln35_1_read = read i62 @_ssdm_op_Read.ap_auto.i62, i62 %trunc_ln35_1"   --->   Operation 21 'read' 'trunc_ln35_1_read' <Predicate = true> <Delay = 0.00>
ST_1 : Operation 22 [1/1] (0.00ns)   --->   "%zext_ln34_1_read = read i32 @_ssdm_op_Read.ap_auto.i32, i32 %zext_ln34_1"   --->   Operation 22 'read' 'zext_ln34_1_read' <Predicate = true> <Delay = 0.00>
ST_1 : Operation 23 [1/1] (0.00ns)   --->   "%zext_ln34_1_cast = zext i32 %zext_ln34_1_read"   --->   Operation 23 'zext' 'zext_ln34_1_cast' <Predicate = true> <Delay = 0.00>
ST_1 : Operation 24 [1/1] (0.00ns)   --->   "%specinterface_ln0 = specinterface void @_ssdm_op_SpecInterface, i32 %gmem1, void @empty_7, i32 0, i32 0, void @empty_8, i32 0, i32 0, void @empty_23, void @empty_21, void @empty_8, i32 16, i32 16, i32 16, i32 16, void @empty_8, void @empty_8, i32 4294967295, i32 0"   --->   Operation 24 'specinterface' 'specinterface_ln0' <Predicate = true> <Delay = 0.00>
ST_1 : Operation 25 [1/1] (0.38ns)   --->   "%store_ln0 = store i13 0, i13 %indvar_flatten163"   --->   Operation 25 'store' 'store_ln0' <Predicate = true> <Delay = 0.38>
ST_1 : Operation 26 [1/1] (0.38ns)   --->   "%store_ln0 = store i7 0, i7 %kk"   --->   Operation 26 'store' 'store_ln0' <Predicate = true> <Delay = 0.38>
ST_1 : Operation 27 [1/1] (0.38ns)   --->   "%store_ln0 = store i7 0, i7 %jj"   --->   Operation 27 'store' 'store_ln0' <Predicate = true> <Delay = 0.38>
ST_1 : Operation 28 [1/1] (0.38ns)   --->   "%br_ln0 = br void %for.inc65"   --->   Operation 28 'br' 'br_ln0' <Predicate = true> <Delay = 0.38>
ST_1 : Operation 29 [1/1] (0.00ns)   --->   "%first_iter_1 = phi i1 1, void %newFuncRoot, i1 0, void %arrayidx646.exit"   --->   Operation 29 'phi' 'first_iter_1' <Predicate = true> <Delay = 0.00>
ST_1 : Operation 30 [1/1] (0.00ns)   --->   "%indvar_flatten163_load = load i13 %indvar_flatten163" [./src/matrix_mul.cpp:53]   --->   Operation 30 'load' 'indvar_flatten163_load' <Predicate = true> <Delay = 0.00>
ST_1 : Operation 31 [1/1] (0.00ns)   --->   "%specbitsmap_ln0 = specbitsmap void @_ssdm_op_SpecBitsMap, i32 %gmem1"   --->   Operation 31 'specbitsmap' 'specbitsmap_ln0' <Predicate = true> <Delay = 0.00>
ST_1 : Operation 32 [1/1] (0.64ns)   --->   "%icmp_ln53 = icmp_eq  i13 %indvar_flatten163_load, i13 4096" [./src/matrix_mul.cpp:53]   --->   Operation 32 'icmp' 'icmp_ln53' <Predicate = true> <Delay = 0.64> <CoreInst = "Cmp">   --->   Core 9 'Cmp' <Latency = 0> <II = 1> <Delay = 0.64> <FuncUnit> <Opcode : 'icmp'> <InPorts = 2> <OutPorts = 1>
ST_1 : Operation 33 [1/1] (0.75ns)   --->   "%add_ln53 = add i13 %indvar_flatten163_load, i13 1" [./src/matrix_mul.cpp:53]   --->   Operation 33 'add' 'add_ln53' <Predicate = true> <Delay = 0.75> <CoreInst = "Adder">   --->   Core 1 'Adder' <Latency = 0> <II = 1> <Delay = 0.75> <FuncUnit> <Opcode : 'add' 'sub'> <InPorts = 2> <OutPorts = 1>
ST_1 : Operation 34 [1/1] (0.00ns)   --->   "%br_ln53 = br i1 %icmp_ln53, void %for.inc68, void %VITIS_LOOP_62_11.preheader.exitStub" [./src/matrix_mul.cpp:53]   --->   Operation 34 'br' 'br_ln53' <Predicate = true> <Delay = 0.00>
ST_1 : Operation 35 [1/1] (0.00ns)   --->   "%jj_load = load i7 %jj" [./src/matrix_mul.cpp:54]   --->   Operation 35 'load' 'jj_load' <Predicate = (!icmp_ln53)> <Delay = 0.00>
ST_1 : Operation 36 [1/1] (0.00ns)   --->   "%kk_load = load i7 %kk" [./src/matrix_mul.cpp:53]   --->   Operation 36 'load' 'kk_load' <Predicate = (!icmp_ln53)> <Delay = 0.00>
ST_1 : Operation 37 [1/1] (0.59ns)   --->   "%icmp_ln54 = icmp_eq  i7 %jj_load, i7 64" [./src/matrix_mul.cpp:54]   --->   Operation 37 'icmp' 'icmp_ln54' <Predicate = (!icmp_ln53)> <Delay = 0.59> <CoreInst = "Cmp">   --->   Core 9 'Cmp' <Latency = 0> <II = 1> <Delay = 0.59> <FuncUnit> <Opcode : 'icmp'> <InPorts = 2> <OutPorts = 1>
ST_1 : Operation 38 [1/1] (0.12ns)   --->   "%or_ln53 = or i1 %icmp_ln54, i1 %first_iter_1" [./src/matrix_mul.cpp:53]   --->   Operation 38 'or' 'or_ln53' <Predicate = (!icmp_ln53)> <Delay = 0.12> <CoreInst = "LogicGate">   --->   Core 74 'LogicGate' <Latency = 0> <II = 1> <Delay = 0.12> <FuncUnit> <Opcode : 'and' 'or' 'xor'> <InPorts = 2> <OutPorts = 1>
ST_1 : Operation 39 [1/1] (0.30ns)   --->   "%select_ln53 = select i1 %icmp_ln54, i7 0, i7 %jj_load" [./src/matrix_mul.cpp:53]   --->   Operation 39 'select' 'select_ln53' <Predicate = (!icmp_ln53)> <Delay = 0.30> <CoreInst = "Sel">   --->   Core 73 'Sel' <Latency = 0> <II = 1> <Delay = 0.30> <FuncUnit> <Opcode : 'select'> <InPorts = 3> <OutPorts = 1>
ST_1 : Operation 40 [1/1] (0.70ns)   --->   "%add_ln53_4 = add i7 %kk_load, i7 1" [./src/matrix_mul.cpp:53]   --->   Operation 40 'add' 'add_ln53_4' <Predicate = (!icmp_ln53)> <Delay = 0.70> <CoreInst = "Adder">   --->   Core 1 'Adder' <Latency = 0> <II = 1> <Delay = 0.70> <FuncUnit> <Opcode : 'add' 'sub'> <InPorts = 2> <OutPorts = 1>
ST_1 : Operation 41 [1/1] (0.30ns)   --->   "%select_ln53_1 = select i1 %icmp_ln54, i7 %add_ln53_4, i7 %kk_load" [./src/matrix_mul.cpp:53]   --->   Operation 41 'select' 'select_ln53_1' <Predicate = (!icmp_ln53)> <Delay = 0.30> <CoreInst = "Sel">   --->   Core 73 'Sel' <Latency = 0> <II = 1> <Delay = 0.30> <FuncUnit> <Opcode : 'select'> <InPorts = 3> <OutPorts = 1>
ST_1 : Operation 42 [1/1] (0.00ns)   --->   "%trunc_ln53 = trunc i7 %select_ln53_1" [./src/matrix_mul.cpp:53]   --->   Operation 42 'trunc' 'trunc_ln53' <Predicate = (!icmp_ln53)> <Delay = 0.00>
ST_1 : Operation 43 [1/1] (0.00ns)   --->   "%br_ln54 = br i1 %or_ln53, void %for.inc65.split, void %for.first.iter.for.inc65" [./src/matrix_mul.cpp:54]   --->   Operation 43 'br' 'br_ln54' <Predicate = (!icmp_ln53)> <Delay = 0.00>
ST_1 : Operation 44 [1/1] (0.34ns)   --->   "%switch_ln56 = switch i6 %trunc_ln53, void %arrayidx646.case.63, i6 0, void %arrayidx646.case.0, i6 1, void %arrayidx646.case.1, i6 2, void %arrayidx646.case.2, i6 3, void %arrayidx646.case.3, i6 4, void %arrayidx646.case.4, i6 5, void %arrayidx646.case.5, i6 6, void %arrayidx646.case.6, i6 7, void %arrayidx646.case.7, i6 8, void %arrayidx646.case.8, i6 9, void %arrayidx646.case.9, i6 10, void %arrayidx646.case.10, i6 11, void %arrayidx646.case.11, i6 12, void %arrayidx646.case.12, i6 13, void %arrayidx646.case.13, i6 14, void %arrayidx646.case.14, i6 15, void %arrayidx646.case.15, i6 16, void %arrayidx646.case.16, i6 17, void %arrayidx646.case.17, i6 18, void %arrayidx646.case.18, i6 19, void %arrayidx646.case.19, i6 20, void %arrayidx646.case.20, i6 21, void %arrayidx646.case.21, i6 22, void %arrayidx646.case.22, i6 23, void %arrayidx646.case.23, i6 24, void %arrayidx646.case.24, i6 25, void %arrayidx646.case.25, i6 26, void %arrayidx646.case.26, i6 27, void %arrayidx646.case.27, i6 28, void %arrayidx646.case.28, i6 29, void %arrayidx646.case.29, i6 30, void %arrayidx646.case.30, i6 31, void %arrayidx646.case.31, i6 32, void %arrayidx646.case.32, i6 33, void %arrayidx646.case.33, i6 34, void %arrayidx646.case.34, i6 35, void %arrayidx646.case.35, i6 36, void %arrayidx646.case.36, i6 37, void %arrayidx646.case.37, i6 38, void %arrayidx646.case.38, i6 39, void %arrayidx646.case.39, i6 40, void %arrayidx646.case.40, i6 41, void %arrayidx646.case.41, i6 42, void %arrayidx646.case.42, i6 43, void %arrayidx646.case.43, i6 44, void %arrayidx646.case.44, i6 45, void %arrayidx646.case.45, i6 46, void %arrayidx646.case.46, i6 47, void %arrayidx646.case.47, i6 48, void %arrayidx646.case.48, i6 49, void %arrayidx646.case.49, i6 50, void %arrayidx646.case.50, i6 51, void %arrayidx646.case.51, i6 52, void %arrayidx646.case.52, i6 53, void %arrayidx646.case.53, i6 54, void %arrayidx646.case.54, i6 55, void %arrayidx646.case.55, i6 56, void %arrayidx646.case.56, i6 57, void %arrayidx646.case.57, i6 58, void %arrayidx646.case.58, i6 59, void %arrayidx646.case.59, i6 60, void %arrayidx646.case.60, i6 61, void %arrayidx646.case.61, i6 62, void %arrayidx646.case.62" [./src/matrix_mul.cpp:56]   --->   Operation 44 'switch' 'switch_ln56' <Predicate = (!icmp_ln53)> <Delay = 0.34>
ST_1 : Operation 45 [1/1] (0.70ns)   --->   "%add_ln54 = add i7 %select_ln53, i7 1" [./src/matrix_mul.cpp:54]   --->   Operation 45 'add' 'add_ln54' <Predicate = (!icmp_ln53)> <Delay = 0.70> <CoreInst = "Adder">   --->   Core 1 'Adder' <Latency = 0> <II = 1> <Delay = 0.70> <FuncUnit> <Opcode : 'add' 'sub'> <InPorts = 2> <OutPorts = 1>
ST_1 : Operation 46 [1/1] (0.38ns)   --->   "%store_ln54 = store i13 %add_ln53, i13 %indvar_flatten163" [./src/matrix_mul.cpp:54]   --->   Operation 46 'store' 'store_ln54' <Predicate = (!icmp_ln53)> <Delay = 0.38>
ST_1 : Operation 47 [1/1] (0.38ns)   --->   "%store_ln54 = store i7 %select_ln53_1, i7 %kk" [./src/matrix_mul.cpp:54]   --->   Operation 47 'store' 'store_ln54' <Predicate = (!icmp_ln53)> <Delay = 0.38>
ST_1 : Operation 48 [1/1] (0.38ns)   --->   "%store_ln54 = store i7 %add_ln54, i7 %jj" [./src/matrix_mul.cpp:54]   --->   Operation 48 'store' 'store_ln54' <Predicate = (!icmp_ln53)> <Delay = 0.38>
ST_1 : Operation 49 [1/1] (0.00ns)   --->   "%br_ln54 = br void %for.inc65" [./src/matrix_mul.cpp:54]   --->   Operation 49 'br' 'br_ln54' <Predicate = (!icmp_ln53)> <Delay = 0.00>

State 2 <SV = 1> <Delay = 2.29>
ST_2 : Operation 50 [1/1] (0.00ns)   --->   "%zext_ln53 = zext i7 %select_ln53_1" [./src/matrix_mul.cpp:53]   --->   Operation 50 'zext' 'zext_ln53' <Predicate = true> <Delay = 0.00>
ST_2 : Operation 51 [2/2] (2.29ns)   --->   "%mul_ln53 = mul i39 %zext_ln53, i39 %zext_ln34_1_cast" [./src/matrix_mul.cpp:53]   --->   Operation 51 'mul' 'mul_ln53' <Predicate = true> <Delay = 2.29> <CoreInst = "Multiplier">   --->   Core 3 'Multiplier' <Latency = 1> <II = 1> <Delay = 2.29> <FuncUnit> <Opcode : 'mul'> <InPorts = 2> <OutPorts = 1>

State 3 <SV = 2> <Delay = 2.29>
ST_3 : Operation 52 [1/2] (2.29ns)   --->   "%mul_ln53 = mul i39 %zext_ln53, i39 %zext_ln34_1_cast" [./src/matrix_mul.cpp:53]   --->   Operation 52 'mul' 'mul_ln53' <Predicate = true> <Delay = 2.29> <CoreInst = "Multiplier">   --->   Core 3 'Multiplier' <Latency = 1> <II = 1> <Delay = 2.29> <FuncUnit> <Opcode : 'mul'> <InPorts = 2> <OutPorts = 1>

State 4 <SV = 3> <Delay = 1.98>
ST_4 : Operation 53 [1/1] (0.00ns)   --->   "%zext_ln53_1 = zext i39 %mul_ln53" [./src/matrix_mul.cpp:53]   --->   Operation 53 'zext' 'zext_ln53_1' <Predicate = true> <Delay = 0.00>
ST_4 : Operation 54 [1/1] (0.00ns) (grouped into TernaryAdder)   --->   "%add_ln53_1 = add i62 %trunc_ln35_1_read, i62 %zext_ln53_1" [./src/matrix_mul.cpp:53]   --->   Operation 54 'add' 'add_ln53_1' <Predicate = true> <Delay = 0.00> <CoreInst = "TAddSub">   --->   Core 10 'TAddSub' <Latency = 0> <II = 1> <Delay = 0.41> <IPBlock> <Opcode : 'add' 'sub'> <InPorts = 3> <OutPorts = 1> <Sync> <CReg>
ST_4 : Operation 55 [1/1] (0.83ns) (root node of TernaryAdder)   --->   "%add_ln53_2 = add i62 %add_ln53_1, i62 %shl_ln_read" [./src/matrix_mul.cpp:53]   --->   Operation 55 'add' 'add_ln53_2' <Predicate = true> <Delay = 0.83> <CoreInst = "TAddSub">   --->   Core 10 'TAddSub' <Latency = 0> <II = 1> <Delay = 0.41> <IPBlock> <Opcode : 'add' 'sub'> <InPorts = 3> <OutPorts = 1> <Sync> <CReg>
ST_4 : Operation 56 [1/1] (0.00ns)   --->   "%sext_ln54_mid2_v_v_v_v = bitconcatenate i64 @_ssdm_op_BitConcatenate.i64.i62.i2, i62 %add_ln53_2, i2 0" [./src/matrix_mul.cpp:53]   --->   Operation 56 'bitconcatenate' 'sext_ln54_mid2_v_v_v_v' <Predicate = true> <Delay = 0.00>
ST_4 : Operation 57 [1/1] (1.14ns)   --->   "%add_ln53_3 = add i64 %sext_ln54_mid2_v_v_v_v, i64 %B_read" [./src/matrix_mul.cpp:53]   --->   Operation 57 'add' 'add_ln53_3' <Predicate = true> <Delay = 1.14> <CoreInst = "Adder">   --->   Core 1 'Adder' <Latency = 0> <II = 1> <Delay = 1.14> <FuncUnit> <Opcode : 'add' 'sub'> <InPorts = 2> <OutPorts = 1>
ST_4 : Operation 58 [1/1] (0.00ns)   --->   "%sext_ln54_mid2_v = partselect i62 @_ssdm_op_PartSelect.i62.i64.i32.i32, i64 %add_ln53_3, i32 2, i32 63" [./src/matrix_mul.cpp:53]   --->   Operation 58 'partselect' 'sext_ln54_mid2_v' <Predicate = true> <Delay = 0.00>

State 5 <SV = 4> <Delay = 2.43>
ST_5 : Operation 59 [1/1] (0.00ns)   --->   "%sext_ln53 = sext i62 %sext_ln54_mid2_v" [./src/matrix_mul.cpp:53]   --->   Operation 59 'sext' 'sext_ln53' <Predicate = true> <Delay = 0.00>
ST_5 : Operation 60 [1/1] (0.00ns)   --->   "%gmem1_addr = getelementptr i32 %gmem1, i64 %sext_ln53" [./src/matrix_mul.cpp:54]   --->   Operation 60 'getelementptr' 'gmem1_addr' <Predicate = (or_ln53)> <Delay = 0.00>
ST_5 : Operation 61 [7/7] (2.43ns)   --->   "%empty = readreq i1 @_ssdm_op_ReadReq.m_axi.p1i32, i32 %gmem1_addr, i32 64" [./src/matrix_mul.cpp:54]   --->   Operation 61 'readreq' 'empty' <Predicate = (or_ln53)> <Delay = 2.43> <CoreInst = "m_axi">   --->   Core 121 'm_axi' <Latency = 0> <II = 1> <Delay = 1.00> <Adapter> <Opcode : 'read' 'write' 'readreq' 'writereq' 'writeresp'>
ST_5 : Operation 62 [1/1] (0.00ns)   --->   "%gmem1_addr_1 = getelementptr i32 %gmem1, i64 %sext_ln53" [./src/matrix_mul.cpp:54]   --->   Operation 62 'getelementptr' 'gmem1_addr_1' <Predicate = true> <Delay = 0.00>

State 6 <SV = 5> <Delay = 2.43>
ST_6 : Operation 63 [6/7] (2.43ns)   --->   "%empty = readreq i1 @_ssdm_op_ReadReq.m_axi.p1i32, i32 %gmem1_addr, i32 64" [./src/matrix_mul.cpp:54]   --->   Operation 63 'readreq' 'empty' <Predicate = (or_ln53)> <Delay = 2.43> <CoreInst = "m_axi">   --->   Core 121 'm_axi' <Latency = 0> <II = 1> <Delay = 1.00> <Adapter> <Opcode : 'read' 'write' 'readreq' 'writereq' 'writeresp'>

State 7 <SV = 6> <Delay = 2.43>
ST_7 : Operation 64 [5/7] (2.43ns)   --->   "%empty = readreq i1 @_ssdm_op_ReadReq.m_axi.p1i32, i32 %gmem1_addr, i32 64" [./src/matrix_mul.cpp:54]   --->   Operation 64 'readreq' 'empty' <Predicate = (or_ln53)> <Delay = 2.43> <CoreInst = "m_axi">   --->   Core 121 'm_axi' <Latency = 0> <II = 1> <Delay = 1.00> <Adapter> <Opcode : 'read' 'write' 'readreq' 'writereq' 'writeresp'>

State 8 <SV = 7> <Delay = 2.43>
ST_8 : Operation 65 [4/7] (2.43ns)   --->   "%empty = readreq i1 @_ssdm_op_ReadReq.m_axi.p1i32, i32 %gmem1_addr, i32 64" [./src/matrix_mul.cpp:54]   --->   Operation 65 'readreq' 'empty' <Predicate = (or_ln53)> <Delay = 2.43> <CoreInst = "m_axi">   --->   Core 121 'm_axi' <Latency = 0> <II = 1> <Delay = 1.00> <Adapter> <Opcode : 'read' 'write' 'readreq' 'writereq' 'writeresp'>

State 9 <SV = 8> <Delay = 2.43>
ST_9 : Operation 66 [3/7] (2.43ns)   --->   "%empty = readreq i1 @_ssdm_op_ReadReq.m_axi.p1i32, i32 %gmem1_addr, i32 64" [./src/matrix_mul.cpp:54]   --->   Operation 66 'readreq' 'empty' <Predicate = (or_ln53)> <Delay = 2.43> <CoreInst = "m_axi">   --->   Core 121 'm_axi' <Latency = 0> <II = 1> <Delay = 1.00> <Adapter> <Opcode : 'read' 'write' 'readreq' 'writereq' 'writeresp'>

State 10 <SV = 9> <Delay = 2.43>
ST_10 : Operation 67 [2/7] (2.43ns)   --->   "%empty = readreq i1 @_ssdm_op_ReadReq.m_axi.p1i32, i32 %gmem1_addr, i32 64" [./src/matrix_mul.cpp:54]   --->   Operation 67 'readreq' 'empty' <Predicate = (or_ln53)> <Delay = 2.43> <CoreInst = "m_axi">   --->   Core 121 'm_axi' <Latency = 0> <II = 1> <Delay = 1.00> <Adapter> <Opcode : 'read' 'write' 'readreq' 'writereq' 'writeresp'>

State 11 <SV = 10> <Delay = 2.43>
ST_11 : Operation 68 [1/7] (2.43ns)   --->   "%empty = readreq i1 @_ssdm_op_ReadReq.m_axi.p1i32, i32 %gmem1_addr, i32 64" [./src/matrix_mul.cpp:54]   --->   Operation 68 'readreq' 'empty' <Predicate = (or_ln53)> <Delay = 2.43> <CoreInst = "m_axi">   --->   Core 121 'm_axi' <Latency = 0> <II = 1> <Delay = 1.00> <Adapter> <Opcode : 'read' 'write' 'readreq' 'writereq' 'writeresp'>
ST_11 : Operation 69 [1/1] (0.00ns)   --->   "%br_ln54 = br void %for.inc65.split" [./src/matrix_mul.cpp:54]   --->   Operation 69 'br' 'br_ln54' <Predicate = (or_ln53)> <Delay = 0.00>

State 12 <SV = 11> <Delay = 2.43>
ST_12 : Operation 70 [1/1] (2.43ns)   --->   "%gmem1_addr_1_read = read i32 @_ssdm_op_Read.m_axi.p1i32, i32 %gmem1_addr_1" [./src/matrix_mul.cpp:56]   --->   Operation 70 'read' 'gmem1_addr_1_read' <Predicate = true> <Delay = 2.43> <CoreInst = "m_axi">   --->   Core 121 'm_axi' <Latency = 0> <II = 1> <Delay = 1.00> <Adapter> <Opcode : 'read' 'write' 'readreq' 'writereq' 'writeresp'>
ST_12 : Operation 71 [1/1] (0.00ns)   --->   "%bitcast_ln56 = bitcast i32 %gmem1_addr_1_read" [./src/matrix_mul.cpp:56]   --->   Operation 71 'bitcast' 'bitcast_ln56' <Predicate = true> <Delay = 0.00>
ST_12 : Operation 269 [1/1] (0.00ns)   --->   "%ret_ln0 = ret"   --->   Operation 269 'ret' 'ret_ln0' <Predicate = (icmp_ln53)> <Delay = 0.00>

State 13 <SV = 12> <Delay = 0.69>
ST_13 : Operation 72 [1/1] (0.00ns)   --->   "%specloopname_ln0 = specloopname void @_ssdm_op_SpecLoopName, void @VITIS_LOOP_53_8_VITIS_LOOP_54_9_str"   --->   Operation 72 'specloopname' 'specloopname_ln0' <Predicate = true> <Delay = 0.00>
ST_13 : Operation 73 [1/1] (0.00ns)   --->   "%empty_35 = speclooptripcount i32 @_ssdm_op_SpecLoopTripCount, i64 4096, i64 4096, i64 4096"   --->   Operation 73 'speclooptripcount' 'empty_35' <Predicate = true> <Delay = 0.00>
ST_13 : Operation 74 [1/1] (0.00ns)   --->   "%zext_ln54 = zext i7 %select_ln53" [./src/matrix_mul.cpp:54]   --->   Operation 74 'zext' 'zext_ln54' <Predicate = true> <Delay = 0.00>
ST_13 : Operation 75 [1/1] (0.00ns)   --->   "%specpipeline_ln55 = specpipeline void @_ssdm_op_SpecPipeline, i32 1, i32 0, i32 0, i32 0, void @empty_8" [./src/matrix_mul.cpp:55]   --->   Operation 75 'specpipeline' 'specpipeline_ln55' <Predicate = true> <Delay = 0.00>
ST_13 : Operation 76 [1/1] (0.00ns)   --->   "%specloopname_ln54 = specloopname void @_ssdm_op_SpecLoopName, void @empty" [./src/matrix_mul.cpp:54]   --->   Operation 76 'specloopname' 'specloopname_ln54' <Predicate = true> <Delay = 0.00>
ST_13 : Operation 77 [1/1] (0.00ns)   --->   "%local_B_addr = getelementptr i32 %local_B, i64 0, i64 %zext_ln54" [./src/matrix_mul.cpp:56]   --->   Operation 77 'getelementptr' 'local_B_addr' <Predicate = true> <Delay = 0.00>
ST_13 : Operation 78 [1/1] (0.00ns)   --->   "%local_B_1_addr = getelementptr i32 %local_B_1, i64 0, i64 %zext_ln54" [./src/matrix_mul.cpp:56]   --->   Operation 78 'getelementptr' 'local_B_1_addr' <Predicate = true> <Delay = 0.00>
ST_13 : Operation 79 [1/1] (0.00ns)   --->   "%local_B_2_addr = getelementptr i32 %local_B_2, i64 0, i64 %zext_ln54" [./src/matrix_mul.cpp:56]   --->   Operation 79 'getelementptr' 'local_B_2_addr' <Predicate = true> <Delay = 0.00>
ST_13 : Operation 80 [1/1] (0.00ns)   --->   "%local_B_3_addr = getelementptr i32 %local_B_3, i64 0, i64 %zext_ln54" [./src/matrix_mul.cpp:56]   --->   Operation 80 'getelementptr' 'local_B_3_addr' <Predicate = true> <Delay = 0.00>
ST_13 : Operation 81 [1/1] (0.00ns)   --->   "%local_B_4_addr = getelementptr i32 %local_B_4, i64 0, i64 %zext_ln54" [./src/matrix_mul.cpp:56]   --->   Operation 81 'getelementptr' 'local_B_4_addr' <Predicate = true> <Delay = 0.00>
ST_13 : Operation 82 [1/1] (0.00ns)   --->   "%local_B_5_addr = getelementptr i32 %local_B_5, i64 0, i64 %zext_ln54" [./src/matrix_mul.cpp:56]   --->   Operation 82 'getelementptr' 'local_B_5_addr' <Predicate = true> <Delay = 0.00>
ST_13 : Operation 83 [1/1] (0.00ns)   --->   "%local_B_6_addr = getelementptr i32 %local_B_6, i64 0, i64 %zext_ln54" [./src/matrix_mul.cpp:56]   --->   Operation 83 'getelementptr' 'local_B_6_addr' <Predicate = true> <Delay = 0.00>
ST_13 : Operation 84 [1/1] (0.00ns)   --->   "%local_B_7_addr = getelementptr i32 %local_B_7, i64 0, i64 %zext_ln54" [./src/matrix_mul.cpp:56]   --->   Operation 84 'getelementptr' 'local_B_7_addr' <Predicate = true> <Delay = 0.00>
ST_13 : Operation 85 [1/1] (0.00ns)   --->   "%local_B_8_addr = getelementptr i32 %local_B_8, i64 0, i64 %zext_ln54" [./src/matrix_mul.cpp:56]   --->   Operation 85 'getelementptr' 'local_B_8_addr' <Predicate = true> <Delay = 0.00>
ST_13 : Operation 86 [1/1] (0.00ns)   --->   "%local_B_9_addr = getelementptr i32 %local_B_9, i64 0, i64 %zext_ln54" [./src/matrix_mul.cpp:56]   --->   Operation 86 'getelementptr' 'local_B_9_addr' <Predicate = true> <Delay = 0.00>
ST_13 : Operation 87 [1/1] (0.00ns)   --->   "%local_B_10_addr = getelementptr i32 %local_B_10, i64 0, i64 %zext_ln54" [./src/matrix_mul.cpp:56]   --->   Operation 87 'getelementptr' 'local_B_10_addr' <Predicate = true> <Delay = 0.00>
ST_13 : Operation 88 [1/1] (0.00ns)   --->   "%local_B_11_addr = getelementptr i32 %local_B_11, i64 0, i64 %zext_ln54" [./src/matrix_mul.cpp:56]   --->   Operation 88 'getelementptr' 'local_B_11_addr' <Predicate = true> <Delay = 0.00>
ST_13 : Operation 89 [1/1] (0.00ns)   --->   "%local_B_12_addr = getelementptr i32 %local_B_12, i64 0, i64 %zext_ln54" [./src/matrix_mul.cpp:56]   --->   Operation 89 'getelementptr' 'local_B_12_addr' <Predicate = true> <Delay = 0.00>
ST_13 : Operation 90 [1/1] (0.00ns)   --->   "%local_B_13_addr = getelementptr i32 %local_B_13, i64 0, i64 %zext_ln54" [./src/matrix_mul.cpp:56]   --->   Operation 90 'getelementptr' 'local_B_13_addr' <Predicate = true> <Delay = 0.00>
ST_13 : Operation 91 [1/1] (0.00ns)   --->   "%local_B_14_addr = getelementptr i32 %local_B_14, i64 0, i64 %zext_ln54" [./src/matrix_mul.cpp:56]   --->   Operation 91 'getelementptr' 'local_B_14_addr' <Predicate = true> <Delay = 0.00>
ST_13 : Operation 92 [1/1] (0.00ns)   --->   "%local_B_15_addr = getelementptr i32 %local_B_15, i64 0, i64 %zext_ln54" [./src/matrix_mul.cpp:56]   --->   Operation 92 'getelementptr' 'local_B_15_addr' <Predicate = true> <Delay = 0.00>
ST_13 : Operation 93 [1/1] (0.00ns)   --->   "%local_B_16_addr = getelementptr i32 %local_B_16, i64 0, i64 %zext_ln54" [./src/matrix_mul.cpp:56]   --->   Operation 93 'getelementptr' 'local_B_16_addr' <Predicate = true> <Delay = 0.00>
ST_13 : Operation 94 [1/1] (0.00ns)   --->   "%local_B_17_addr = getelementptr i32 %local_B_17, i64 0, i64 %zext_ln54" [./src/matrix_mul.cpp:56]   --->   Operation 94 'getelementptr' 'local_B_17_addr' <Predicate = true> <Delay = 0.00>
ST_13 : Operation 95 [1/1] (0.00ns)   --->   "%local_B_18_addr = getelementptr i32 %local_B_18, i64 0, i64 %zext_ln54" [./src/matrix_mul.cpp:56]   --->   Operation 95 'getelementptr' 'local_B_18_addr' <Predicate = true> <Delay = 0.00>
ST_13 : Operation 96 [1/1] (0.00ns)   --->   "%local_B_19_addr = getelementptr i32 %local_B_19, i64 0, i64 %zext_ln54" [./src/matrix_mul.cpp:56]   --->   Operation 96 'getelementptr' 'local_B_19_addr' <Predicate = true> <Delay = 0.00>
ST_13 : Operation 97 [1/1] (0.00ns)   --->   "%local_B_20_addr = getelementptr i32 %local_B_20, i64 0, i64 %zext_ln54" [./src/matrix_mul.cpp:56]   --->   Operation 97 'getelementptr' 'local_B_20_addr' <Predicate = true> <Delay = 0.00>
ST_13 : Operation 98 [1/1] (0.00ns)   --->   "%local_B_21_addr = getelementptr i32 %local_B_21, i64 0, i64 %zext_ln54" [./src/matrix_mul.cpp:56]   --->   Operation 98 'getelementptr' 'local_B_21_addr' <Predicate = true> <Delay = 0.00>
ST_13 : Operation 99 [1/1] (0.00ns)   --->   "%local_B_22_addr = getelementptr i32 %local_B_22, i64 0, i64 %zext_ln54" [./src/matrix_mul.cpp:56]   --->   Operation 99 'getelementptr' 'local_B_22_addr' <Predicate = true> <Delay = 0.00>
ST_13 : Operation 100 [1/1] (0.00ns)   --->   "%local_B_23_addr = getelementptr i32 %local_B_23, i64 0, i64 %zext_ln54" [./src/matrix_mul.cpp:56]   --->   Operation 100 'getelementptr' 'local_B_23_addr' <Predicate = true> <Delay = 0.00>
ST_13 : Operation 101 [1/1] (0.00ns)   --->   "%local_B_24_addr = getelementptr i32 %local_B_24, i64 0, i64 %zext_ln54" [./src/matrix_mul.cpp:56]   --->   Operation 101 'getelementptr' 'local_B_24_addr' <Predicate = true> <Delay = 0.00>
ST_13 : Operation 102 [1/1] (0.00ns)   --->   "%local_B_25_addr = getelementptr i32 %local_B_25, i64 0, i64 %zext_ln54" [./src/matrix_mul.cpp:56]   --->   Operation 102 'getelementptr' 'local_B_25_addr' <Predicate = true> <Delay = 0.00>
ST_13 : Operation 103 [1/1] (0.00ns)   --->   "%local_B_26_addr = getelementptr i32 %local_B_26, i64 0, i64 %zext_ln54" [./src/matrix_mul.cpp:56]   --->   Operation 103 'getelementptr' 'local_B_26_addr' <Predicate = true> <Delay = 0.00>
ST_13 : Operation 104 [1/1] (0.00ns)   --->   "%local_B_27_addr = getelementptr i32 %local_B_27, i64 0, i64 %zext_ln54" [./src/matrix_mul.cpp:56]   --->   Operation 104 'getelementptr' 'local_B_27_addr' <Predicate = true> <Delay = 0.00>
ST_13 : Operation 105 [1/1] (0.00ns)   --->   "%local_B_28_addr = getelementptr i32 %local_B_28, i64 0, i64 %zext_ln54" [./src/matrix_mul.cpp:56]   --->   Operation 105 'getelementptr' 'local_B_28_addr' <Predicate = true> <Delay = 0.00>
ST_13 : Operation 106 [1/1] (0.00ns)   --->   "%local_B_29_addr = getelementptr i32 %local_B_29, i64 0, i64 %zext_ln54" [./src/matrix_mul.cpp:56]   --->   Operation 106 'getelementptr' 'local_B_29_addr' <Predicate = true> <Delay = 0.00>
ST_13 : Operation 107 [1/1] (0.00ns)   --->   "%local_B_30_addr = getelementptr i32 %local_B_30, i64 0, i64 %zext_ln54" [./src/matrix_mul.cpp:56]   --->   Operation 107 'getelementptr' 'local_B_30_addr' <Predicate = true> <Delay = 0.00>
ST_13 : Operation 108 [1/1] (0.00ns)   --->   "%local_B_31_addr = getelementptr i32 %local_B_31, i64 0, i64 %zext_ln54" [./src/matrix_mul.cpp:56]   --->   Operation 108 'getelementptr' 'local_B_31_addr' <Predicate = true> <Delay = 0.00>
ST_13 : Operation 109 [1/1] (0.00ns)   --->   "%local_B_32_addr = getelementptr i32 %local_B_32, i64 0, i64 %zext_ln54" [./src/matrix_mul.cpp:56]   --->   Operation 109 'getelementptr' 'local_B_32_addr' <Predicate = true> <Delay = 0.00>
ST_13 : Operation 110 [1/1] (0.00ns)   --->   "%local_B_33_addr = getelementptr i32 %local_B_33, i64 0, i64 %zext_ln54" [./src/matrix_mul.cpp:56]   --->   Operation 110 'getelementptr' 'local_B_33_addr' <Predicate = true> <Delay = 0.00>
ST_13 : Operation 111 [1/1] (0.00ns)   --->   "%local_B_34_addr = getelementptr i32 %local_B_34, i64 0, i64 %zext_ln54" [./src/matrix_mul.cpp:56]   --->   Operation 111 'getelementptr' 'local_B_34_addr' <Predicate = true> <Delay = 0.00>
ST_13 : Operation 112 [1/1] (0.00ns)   --->   "%local_B_35_addr = getelementptr i32 %local_B_35, i64 0, i64 %zext_ln54" [./src/matrix_mul.cpp:56]   --->   Operation 112 'getelementptr' 'local_B_35_addr' <Predicate = true> <Delay = 0.00>
ST_13 : Operation 113 [1/1] (0.00ns)   --->   "%local_B_36_addr = getelementptr i32 %local_B_36, i64 0, i64 %zext_ln54" [./src/matrix_mul.cpp:56]   --->   Operation 113 'getelementptr' 'local_B_36_addr' <Predicate = true> <Delay = 0.00>
ST_13 : Operation 114 [1/1] (0.00ns)   --->   "%local_B_37_addr = getelementptr i32 %local_B_37, i64 0, i64 %zext_ln54" [./src/matrix_mul.cpp:56]   --->   Operation 114 'getelementptr' 'local_B_37_addr' <Predicate = true> <Delay = 0.00>
ST_13 : Operation 115 [1/1] (0.00ns)   --->   "%local_B_38_addr = getelementptr i32 %local_B_38, i64 0, i64 %zext_ln54" [./src/matrix_mul.cpp:56]   --->   Operation 115 'getelementptr' 'local_B_38_addr' <Predicate = true> <Delay = 0.00>
ST_13 : Operation 116 [1/1] (0.00ns)   --->   "%local_B_39_addr = getelementptr i32 %local_B_39, i64 0, i64 %zext_ln54" [./src/matrix_mul.cpp:56]   --->   Operation 116 'getelementptr' 'local_B_39_addr' <Predicate = true> <Delay = 0.00>
ST_13 : Operation 117 [1/1] (0.00ns)   --->   "%local_B_40_addr = getelementptr i32 %local_B_40, i64 0, i64 %zext_ln54" [./src/matrix_mul.cpp:56]   --->   Operation 117 'getelementptr' 'local_B_40_addr' <Predicate = true> <Delay = 0.00>
ST_13 : Operation 118 [1/1] (0.00ns)   --->   "%local_B_41_addr = getelementptr i32 %local_B_41, i64 0, i64 %zext_ln54" [./src/matrix_mul.cpp:56]   --->   Operation 118 'getelementptr' 'local_B_41_addr' <Predicate = true> <Delay = 0.00>
ST_13 : Operation 119 [1/1] (0.00ns)   --->   "%local_B_42_addr = getelementptr i32 %local_B_42, i64 0, i64 %zext_ln54" [./src/matrix_mul.cpp:56]   --->   Operation 119 'getelementptr' 'local_B_42_addr' <Predicate = true> <Delay = 0.00>
ST_13 : Operation 120 [1/1] (0.00ns)   --->   "%local_B_43_addr = getelementptr i32 %local_B_43, i64 0, i64 %zext_ln54" [./src/matrix_mul.cpp:56]   --->   Operation 120 'getelementptr' 'local_B_43_addr' <Predicate = true> <Delay = 0.00>
ST_13 : Operation 121 [1/1] (0.00ns)   --->   "%local_B_44_addr = getelementptr i32 %local_B_44, i64 0, i64 %zext_ln54" [./src/matrix_mul.cpp:56]   --->   Operation 121 'getelementptr' 'local_B_44_addr' <Predicate = true> <Delay = 0.00>
ST_13 : Operation 122 [1/1] (0.00ns)   --->   "%local_B_45_addr = getelementptr i32 %local_B_45, i64 0, i64 %zext_ln54" [./src/matrix_mul.cpp:56]   --->   Operation 122 'getelementptr' 'local_B_45_addr' <Predicate = true> <Delay = 0.00>
ST_13 : Operation 123 [1/1] (0.00ns)   --->   "%local_B_46_addr = getelementptr i32 %local_B_46, i64 0, i64 %zext_ln54" [./src/matrix_mul.cpp:56]   --->   Operation 123 'getelementptr' 'local_B_46_addr' <Predicate = true> <Delay = 0.00>
ST_13 : Operation 124 [1/1] (0.00ns)   --->   "%local_B_47_addr = getelementptr i32 %local_B_47, i64 0, i64 %zext_ln54" [./src/matrix_mul.cpp:56]   --->   Operation 124 'getelementptr' 'local_B_47_addr' <Predicate = true> <Delay = 0.00>
ST_13 : Operation 125 [1/1] (0.00ns)   --->   "%local_B_48_addr = getelementptr i32 %local_B_48, i64 0, i64 %zext_ln54" [./src/matrix_mul.cpp:56]   --->   Operation 125 'getelementptr' 'local_B_48_addr' <Predicate = true> <Delay = 0.00>
ST_13 : Operation 126 [1/1] (0.00ns)   --->   "%local_B_49_addr = getelementptr i32 %local_B_49, i64 0, i64 %zext_ln54" [./src/matrix_mul.cpp:56]   --->   Operation 126 'getelementptr' 'local_B_49_addr' <Predicate = true> <Delay = 0.00>
ST_13 : Operation 127 [1/1] (0.00ns)   --->   "%local_B_50_addr = getelementptr i32 %local_B_50, i64 0, i64 %zext_ln54" [./src/matrix_mul.cpp:56]   --->   Operation 127 'getelementptr' 'local_B_50_addr' <Predicate = true> <Delay = 0.00>
ST_13 : Operation 128 [1/1] (0.00ns)   --->   "%local_B_51_addr = getelementptr i32 %local_B_51, i64 0, i64 %zext_ln54" [./src/matrix_mul.cpp:56]   --->   Operation 128 'getelementptr' 'local_B_51_addr' <Predicate = true> <Delay = 0.00>
ST_13 : Operation 129 [1/1] (0.00ns)   --->   "%local_B_52_addr = getelementptr i32 %local_B_52, i64 0, i64 %zext_ln54" [./src/matrix_mul.cpp:56]   --->   Operation 129 'getelementptr' 'local_B_52_addr' <Predicate = true> <Delay = 0.00>
ST_13 : Operation 130 [1/1] (0.00ns)   --->   "%local_B_53_addr = getelementptr i32 %local_B_53, i64 0, i64 %zext_ln54" [./src/matrix_mul.cpp:56]   --->   Operation 130 'getelementptr' 'local_B_53_addr' <Predicate = true> <Delay = 0.00>
ST_13 : Operation 131 [1/1] (0.00ns)   --->   "%local_B_54_addr = getelementptr i32 %local_B_54, i64 0, i64 %zext_ln54" [./src/matrix_mul.cpp:56]   --->   Operation 131 'getelementptr' 'local_B_54_addr' <Predicate = true> <Delay = 0.00>
ST_13 : Operation 132 [1/1] (0.00ns)   --->   "%local_B_55_addr = getelementptr i32 %local_B_55, i64 0, i64 %zext_ln54" [./src/matrix_mul.cpp:56]   --->   Operation 132 'getelementptr' 'local_B_55_addr' <Predicate = true> <Delay = 0.00>
ST_13 : Operation 133 [1/1] (0.00ns)   --->   "%local_B_56_addr = getelementptr i32 %local_B_56, i64 0, i64 %zext_ln54" [./src/matrix_mul.cpp:56]   --->   Operation 133 'getelementptr' 'local_B_56_addr' <Predicate = true> <Delay = 0.00>
ST_13 : Operation 134 [1/1] (0.00ns)   --->   "%local_B_57_addr = getelementptr i32 %local_B_57, i64 0, i64 %zext_ln54" [./src/matrix_mul.cpp:56]   --->   Operation 134 'getelementptr' 'local_B_57_addr' <Predicate = true> <Delay = 0.00>
ST_13 : Operation 135 [1/1] (0.00ns)   --->   "%local_B_58_addr = getelementptr i32 %local_B_58, i64 0, i64 %zext_ln54" [./src/matrix_mul.cpp:56]   --->   Operation 135 'getelementptr' 'local_B_58_addr' <Predicate = true> <Delay = 0.00>
ST_13 : Operation 136 [1/1] (0.00ns)   --->   "%local_B_59_addr = getelementptr i32 %local_B_59, i64 0, i64 %zext_ln54" [./src/matrix_mul.cpp:56]   --->   Operation 136 'getelementptr' 'local_B_59_addr' <Predicate = true> <Delay = 0.00>
ST_13 : Operation 137 [1/1] (0.00ns)   --->   "%local_B_60_addr = getelementptr i32 %local_B_60, i64 0, i64 %zext_ln54" [./src/matrix_mul.cpp:56]   --->   Operation 137 'getelementptr' 'local_B_60_addr' <Predicate = true> <Delay = 0.00>
ST_13 : Operation 138 [1/1] (0.00ns)   --->   "%local_B_61_addr = getelementptr i32 %local_B_61, i64 0, i64 %zext_ln54" [./src/matrix_mul.cpp:56]   --->   Operation 138 'getelementptr' 'local_B_61_addr' <Predicate = true> <Delay = 0.00>
ST_13 : Operation 139 [1/1] (0.00ns)   --->   "%local_B_62_addr = getelementptr i32 %local_B_62, i64 0, i64 %zext_ln54" [./src/matrix_mul.cpp:56]   --->   Operation 139 'getelementptr' 'local_B_62_addr' <Predicate = true> <Delay = 0.00>
ST_13 : Operation 140 [1/1] (0.00ns)   --->   "%local_B_63_addr = getelementptr i32 %local_B_63, i64 0, i64 %zext_ln54" [./src/matrix_mul.cpp:56]   --->   Operation 140 'getelementptr' 'local_B_63_addr' <Predicate = true> <Delay = 0.00>
ST_13 : Operation 141 [1/1] (0.69ns)   --->   "%store_ln56 = store i32 %bitcast_ln56, i6 %local_B_62_addr" [./src/matrix_mul.cpp:56]   --->   Operation 141 'store' 'store_ln56' <Predicate = (trunc_ln53 == 62)> <Delay = 0.69> <CoreInst = "RAM">   --->   Core 83 'RAM' <Latency = 1> <II = 1> <Delay = 0.69> <Storage> <Opcode : 'load' 'store'> <Ports = 2> <Width = 32> <Depth = 64> <RAM>
ST_13 : Operation 142 [1/1] (0.00ns)   --->   "%br_ln56 = br void %arrayidx646.exit" [./src/matrix_mul.cpp:56]   --->   Operation 142 'br' 'br_ln56' <Predicate = (trunc_ln53 == 62)> <Delay = 0.00>
ST_13 : Operation 143 [1/1] (0.69ns)   --->   "%store_ln56 = store i32 %bitcast_ln56, i6 %local_B_61_addr" [./src/matrix_mul.cpp:56]   --->   Operation 143 'store' 'store_ln56' <Predicate = (trunc_ln53 == 61)> <Delay = 0.69> <CoreInst = "RAM">   --->   Core 83 'RAM' <Latency = 1> <II = 1> <Delay = 0.69> <Storage> <Opcode : 'load' 'store'> <Ports = 2> <Width = 32> <Depth = 64> <RAM>
ST_13 : Operation 144 [1/1] (0.00ns)   --->   "%br_ln56 = br void %arrayidx646.exit" [./src/matrix_mul.cpp:56]   --->   Operation 144 'br' 'br_ln56' <Predicate = (trunc_ln53 == 61)> <Delay = 0.00>
ST_13 : Operation 145 [1/1] (0.69ns)   --->   "%store_ln56 = store i32 %bitcast_ln56, i6 %local_B_60_addr" [./src/matrix_mul.cpp:56]   --->   Operation 145 'store' 'store_ln56' <Predicate = (trunc_ln53 == 60)> <Delay = 0.69> <CoreInst = "RAM">   --->   Core 83 'RAM' <Latency = 1> <II = 1> <Delay = 0.69> <Storage> <Opcode : 'load' 'store'> <Ports = 2> <Width = 32> <Depth = 64> <RAM>
ST_13 : Operation 146 [1/1] (0.00ns)   --->   "%br_ln56 = br void %arrayidx646.exit" [./src/matrix_mul.cpp:56]   --->   Operation 146 'br' 'br_ln56' <Predicate = (trunc_ln53 == 60)> <Delay = 0.00>
ST_13 : Operation 147 [1/1] (0.69ns)   --->   "%store_ln56 = store i32 %bitcast_ln56, i6 %local_B_59_addr" [./src/matrix_mul.cpp:56]   --->   Operation 147 'store' 'store_ln56' <Predicate = (trunc_ln53 == 59)> <Delay = 0.69> <CoreInst = "RAM">   --->   Core 83 'RAM' <Latency = 1> <II = 1> <Delay = 0.69> <Storage> <Opcode : 'load' 'store'> <Ports = 2> <Width = 32> <Depth = 64> <RAM>
ST_13 : Operation 148 [1/1] (0.00ns)   --->   "%br_ln56 = br void %arrayidx646.exit" [./src/matrix_mul.cpp:56]   --->   Operation 148 'br' 'br_ln56' <Predicate = (trunc_ln53 == 59)> <Delay = 0.00>
ST_13 : Operation 149 [1/1] (0.69ns)   --->   "%store_ln56 = store i32 %bitcast_ln56, i6 %local_B_58_addr" [./src/matrix_mul.cpp:56]   --->   Operation 149 'store' 'store_ln56' <Predicate = (trunc_ln53 == 58)> <Delay = 0.69> <CoreInst = "RAM">   --->   Core 83 'RAM' <Latency = 1> <II = 1> <Delay = 0.69> <Storage> <Opcode : 'load' 'store'> <Ports = 2> <Width = 32> <Depth = 64> <RAM>
ST_13 : Operation 150 [1/1] (0.00ns)   --->   "%br_ln56 = br void %arrayidx646.exit" [./src/matrix_mul.cpp:56]   --->   Operation 150 'br' 'br_ln56' <Predicate = (trunc_ln53 == 58)> <Delay = 0.00>
ST_13 : Operation 151 [1/1] (0.69ns)   --->   "%store_ln56 = store i32 %bitcast_ln56, i6 %local_B_57_addr" [./src/matrix_mul.cpp:56]   --->   Operation 151 'store' 'store_ln56' <Predicate = (trunc_ln53 == 57)> <Delay = 0.69> <CoreInst = "RAM">   --->   Core 83 'RAM' <Latency = 1> <II = 1> <Delay = 0.69> <Storage> <Opcode : 'load' 'store'> <Ports = 2> <Width = 32> <Depth = 64> <RAM>
ST_13 : Operation 152 [1/1] (0.00ns)   --->   "%br_ln56 = br void %arrayidx646.exit" [./src/matrix_mul.cpp:56]   --->   Operation 152 'br' 'br_ln56' <Predicate = (trunc_ln53 == 57)> <Delay = 0.00>
ST_13 : Operation 153 [1/1] (0.69ns)   --->   "%store_ln56 = store i32 %bitcast_ln56, i6 %local_B_56_addr" [./src/matrix_mul.cpp:56]   --->   Operation 153 'store' 'store_ln56' <Predicate = (trunc_ln53 == 56)> <Delay = 0.69> <CoreInst = "RAM">   --->   Core 83 'RAM' <Latency = 1> <II = 1> <Delay = 0.69> <Storage> <Opcode : 'load' 'store'> <Ports = 2> <Width = 32> <Depth = 64> <RAM>
ST_13 : Operation 154 [1/1] (0.00ns)   --->   "%br_ln56 = br void %arrayidx646.exit" [./src/matrix_mul.cpp:56]   --->   Operation 154 'br' 'br_ln56' <Predicate = (trunc_ln53 == 56)> <Delay = 0.00>
ST_13 : Operation 155 [1/1] (0.69ns)   --->   "%store_ln56 = store i32 %bitcast_ln56, i6 %local_B_55_addr" [./src/matrix_mul.cpp:56]   --->   Operation 155 'store' 'store_ln56' <Predicate = (trunc_ln53 == 55)> <Delay = 0.69> <CoreInst = "RAM">   --->   Core 83 'RAM' <Latency = 1> <II = 1> <Delay = 0.69> <Storage> <Opcode : 'load' 'store'> <Ports = 2> <Width = 32> <Depth = 64> <RAM>
ST_13 : Operation 156 [1/1] (0.00ns)   --->   "%br_ln56 = br void %arrayidx646.exit" [./src/matrix_mul.cpp:56]   --->   Operation 156 'br' 'br_ln56' <Predicate = (trunc_ln53 == 55)> <Delay = 0.00>
ST_13 : Operation 157 [1/1] (0.69ns)   --->   "%store_ln56 = store i32 %bitcast_ln56, i6 %local_B_54_addr" [./src/matrix_mul.cpp:56]   --->   Operation 157 'store' 'store_ln56' <Predicate = (trunc_ln53 == 54)> <Delay = 0.69> <CoreInst = "RAM">   --->   Core 83 'RAM' <Latency = 1> <II = 1> <Delay = 0.69> <Storage> <Opcode : 'load' 'store'> <Ports = 2> <Width = 32> <Depth = 64> <RAM>
ST_13 : Operation 158 [1/1] (0.00ns)   --->   "%br_ln56 = br void %arrayidx646.exit" [./src/matrix_mul.cpp:56]   --->   Operation 158 'br' 'br_ln56' <Predicate = (trunc_ln53 == 54)> <Delay = 0.00>
ST_13 : Operation 159 [1/1] (0.69ns)   --->   "%store_ln56 = store i32 %bitcast_ln56, i6 %local_B_53_addr" [./src/matrix_mul.cpp:56]   --->   Operation 159 'store' 'store_ln56' <Predicate = (trunc_ln53 == 53)> <Delay = 0.69> <CoreInst = "RAM">   --->   Core 83 'RAM' <Latency = 1> <II = 1> <Delay = 0.69> <Storage> <Opcode : 'load' 'store'> <Ports = 2> <Width = 32> <Depth = 64> <RAM>
ST_13 : Operation 160 [1/1] (0.00ns)   --->   "%br_ln56 = br void %arrayidx646.exit" [./src/matrix_mul.cpp:56]   --->   Operation 160 'br' 'br_ln56' <Predicate = (trunc_ln53 == 53)> <Delay = 0.00>
ST_13 : Operation 161 [1/1] (0.69ns)   --->   "%store_ln56 = store i32 %bitcast_ln56, i6 %local_B_52_addr" [./src/matrix_mul.cpp:56]   --->   Operation 161 'store' 'store_ln56' <Predicate = (trunc_ln53 == 52)> <Delay = 0.69> <CoreInst = "RAM">   --->   Core 83 'RAM' <Latency = 1> <II = 1> <Delay = 0.69> <Storage> <Opcode : 'load' 'store'> <Ports = 2> <Width = 32> <Depth = 64> <RAM>
ST_13 : Operation 162 [1/1] (0.00ns)   --->   "%br_ln56 = br void %arrayidx646.exit" [./src/matrix_mul.cpp:56]   --->   Operation 162 'br' 'br_ln56' <Predicate = (trunc_ln53 == 52)> <Delay = 0.00>
ST_13 : Operation 163 [1/1] (0.69ns)   --->   "%store_ln56 = store i32 %bitcast_ln56, i6 %local_B_51_addr" [./src/matrix_mul.cpp:56]   --->   Operation 163 'store' 'store_ln56' <Predicate = (trunc_ln53 == 51)> <Delay = 0.69> <CoreInst = "RAM">   --->   Core 83 'RAM' <Latency = 1> <II = 1> <Delay = 0.69> <Storage> <Opcode : 'load' 'store'> <Ports = 2> <Width = 32> <Depth = 64> <RAM>
ST_13 : Operation 164 [1/1] (0.00ns)   --->   "%br_ln56 = br void %arrayidx646.exit" [./src/matrix_mul.cpp:56]   --->   Operation 164 'br' 'br_ln56' <Predicate = (trunc_ln53 == 51)> <Delay = 0.00>
ST_13 : Operation 165 [1/1] (0.69ns)   --->   "%store_ln56 = store i32 %bitcast_ln56, i6 %local_B_50_addr" [./src/matrix_mul.cpp:56]   --->   Operation 165 'store' 'store_ln56' <Predicate = (trunc_ln53 == 50)> <Delay = 0.69> <CoreInst = "RAM">   --->   Core 83 'RAM' <Latency = 1> <II = 1> <Delay = 0.69> <Storage> <Opcode : 'load' 'store'> <Ports = 2> <Width = 32> <Depth = 64> <RAM>
ST_13 : Operation 166 [1/1] (0.00ns)   --->   "%br_ln56 = br void %arrayidx646.exit" [./src/matrix_mul.cpp:56]   --->   Operation 166 'br' 'br_ln56' <Predicate = (trunc_ln53 == 50)> <Delay = 0.00>
ST_13 : Operation 167 [1/1] (0.69ns)   --->   "%store_ln56 = store i32 %bitcast_ln56, i6 %local_B_49_addr" [./src/matrix_mul.cpp:56]   --->   Operation 167 'store' 'store_ln56' <Predicate = (trunc_ln53 == 49)> <Delay = 0.69> <CoreInst = "RAM">   --->   Core 83 'RAM' <Latency = 1> <II = 1> <Delay = 0.69> <Storage> <Opcode : 'load' 'store'> <Ports = 2> <Width = 32> <Depth = 64> <RAM>
ST_13 : Operation 168 [1/1] (0.00ns)   --->   "%br_ln56 = br void %arrayidx646.exit" [./src/matrix_mul.cpp:56]   --->   Operation 168 'br' 'br_ln56' <Predicate = (trunc_ln53 == 49)> <Delay = 0.00>
ST_13 : Operation 169 [1/1] (0.69ns)   --->   "%store_ln56 = store i32 %bitcast_ln56, i6 %local_B_48_addr" [./src/matrix_mul.cpp:56]   --->   Operation 169 'store' 'store_ln56' <Predicate = (trunc_ln53 == 48)> <Delay = 0.69> <CoreInst = "RAM">   --->   Core 83 'RAM' <Latency = 1> <II = 1> <Delay = 0.69> <Storage> <Opcode : 'load' 'store'> <Ports = 2> <Width = 32> <Depth = 64> <RAM>
ST_13 : Operation 170 [1/1] (0.00ns)   --->   "%br_ln56 = br void %arrayidx646.exit" [./src/matrix_mul.cpp:56]   --->   Operation 170 'br' 'br_ln56' <Predicate = (trunc_ln53 == 48)> <Delay = 0.00>
ST_13 : Operation 171 [1/1] (0.69ns)   --->   "%store_ln56 = store i32 %bitcast_ln56, i6 %local_B_47_addr" [./src/matrix_mul.cpp:56]   --->   Operation 171 'store' 'store_ln56' <Predicate = (trunc_ln53 == 47)> <Delay = 0.69> <CoreInst = "RAM">   --->   Core 83 'RAM' <Latency = 1> <II = 1> <Delay = 0.69> <Storage> <Opcode : 'load' 'store'> <Ports = 2> <Width = 32> <Depth = 64> <RAM>
ST_13 : Operation 172 [1/1] (0.00ns)   --->   "%br_ln56 = br void %arrayidx646.exit" [./src/matrix_mul.cpp:56]   --->   Operation 172 'br' 'br_ln56' <Predicate = (trunc_ln53 == 47)> <Delay = 0.00>
ST_13 : Operation 173 [1/1] (0.69ns)   --->   "%store_ln56 = store i32 %bitcast_ln56, i6 %local_B_46_addr" [./src/matrix_mul.cpp:56]   --->   Operation 173 'store' 'store_ln56' <Predicate = (trunc_ln53 == 46)> <Delay = 0.69> <CoreInst = "RAM">   --->   Core 83 'RAM' <Latency = 1> <II = 1> <Delay = 0.69> <Storage> <Opcode : 'load' 'store'> <Ports = 2> <Width = 32> <Depth = 64> <RAM>
ST_13 : Operation 174 [1/1] (0.00ns)   --->   "%br_ln56 = br void %arrayidx646.exit" [./src/matrix_mul.cpp:56]   --->   Operation 174 'br' 'br_ln56' <Predicate = (trunc_ln53 == 46)> <Delay = 0.00>
ST_13 : Operation 175 [1/1] (0.69ns)   --->   "%store_ln56 = store i32 %bitcast_ln56, i6 %local_B_45_addr" [./src/matrix_mul.cpp:56]   --->   Operation 175 'store' 'store_ln56' <Predicate = (trunc_ln53 == 45)> <Delay = 0.69> <CoreInst = "RAM">   --->   Core 83 'RAM' <Latency = 1> <II = 1> <Delay = 0.69> <Storage> <Opcode : 'load' 'store'> <Ports = 2> <Width = 32> <Depth = 64> <RAM>
ST_13 : Operation 176 [1/1] (0.00ns)   --->   "%br_ln56 = br void %arrayidx646.exit" [./src/matrix_mul.cpp:56]   --->   Operation 176 'br' 'br_ln56' <Predicate = (trunc_ln53 == 45)> <Delay = 0.00>
ST_13 : Operation 177 [1/1] (0.69ns)   --->   "%store_ln56 = store i32 %bitcast_ln56, i6 %local_B_44_addr" [./src/matrix_mul.cpp:56]   --->   Operation 177 'store' 'store_ln56' <Predicate = (trunc_ln53 == 44)> <Delay = 0.69> <CoreInst = "RAM">   --->   Core 83 'RAM' <Latency = 1> <II = 1> <Delay = 0.69> <Storage> <Opcode : 'load' 'store'> <Ports = 2> <Width = 32> <Depth = 64> <RAM>
ST_13 : Operation 178 [1/1] (0.00ns)   --->   "%br_ln56 = br void %arrayidx646.exit" [./src/matrix_mul.cpp:56]   --->   Operation 178 'br' 'br_ln56' <Predicate = (trunc_ln53 == 44)> <Delay = 0.00>
ST_13 : Operation 179 [1/1] (0.69ns)   --->   "%store_ln56 = store i32 %bitcast_ln56, i6 %local_B_43_addr" [./src/matrix_mul.cpp:56]   --->   Operation 179 'store' 'store_ln56' <Predicate = (trunc_ln53 == 43)> <Delay = 0.69> <CoreInst = "RAM">   --->   Core 83 'RAM' <Latency = 1> <II = 1> <Delay = 0.69> <Storage> <Opcode : 'load' 'store'> <Ports = 2> <Width = 32> <Depth = 64> <RAM>
ST_13 : Operation 180 [1/1] (0.00ns)   --->   "%br_ln56 = br void %arrayidx646.exit" [./src/matrix_mul.cpp:56]   --->   Operation 180 'br' 'br_ln56' <Predicate = (trunc_ln53 == 43)> <Delay = 0.00>
ST_13 : Operation 181 [1/1] (0.69ns)   --->   "%store_ln56 = store i32 %bitcast_ln56, i6 %local_B_42_addr" [./src/matrix_mul.cpp:56]   --->   Operation 181 'store' 'store_ln56' <Predicate = (trunc_ln53 == 42)> <Delay = 0.69> <CoreInst = "RAM">   --->   Core 83 'RAM' <Latency = 1> <II = 1> <Delay = 0.69> <Storage> <Opcode : 'load' 'store'> <Ports = 2> <Width = 32> <Depth = 64> <RAM>
ST_13 : Operation 182 [1/1] (0.00ns)   --->   "%br_ln56 = br void %arrayidx646.exit" [./src/matrix_mul.cpp:56]   --->   Operation 182 'br' 'br_ln56' <Predicate = (trunc_ln53 == 42)> <Delay = 0.00>
ST_13 : Operation 183 [1/1] (0.69ns)   --->   "%store_ln56 = store i32 %bitcast_ln56, i6 %local_B_41_addr" [./src/matrix_mul.cpp:56]   --->   Operation 183 'store' 'store_ln56' <Predicate = (trunc_ln53 == 41)> <Delay = 0.69> <CoreInst = "RAM">   --->   Core 83 'RAM' <Latency = 1> <II = 1> <Delay = 0.69> <Storage> <Opcode : 'load' 'store'> <Ports = 2> <Width = 32> <Depth = 64> <RAM>
ST_13 : Operation 184 [1/1] (0.00ns)   --->   "%br_ln56 = br void %arrayidx646.exit" [./src/matrix_mul.cpp:56]   --->   Operation 184 'br' 'br_ln56' <Predicate = (trunc_ln53 == 41)> <Delay = 0.00>
ST_13 : Operation 185 [1/1] (0.69ns)   --->   "%store_ln56 = store i32 %bitcast_ln56, i6 %local_B_40_addr" [./src/matrix_mul.cpp:56]   --->   Operation 185 'store' 'store_ln56' <Predicate = (trunc_ln53 == 40)> <Delay = 0.69> <CoreInst = "RAM">   --->   Core 83 'RAM' <Latency = 1> <II = 1> <Delay = 0.69> <Storage> <Opcode : 'load' 'store'> <Ports = 2> <Width = 32> <Depth = 64> <RAM>
ST_13 : Operation 186 [1/1] (0.00ns)   --->   "%br_ln56 = br void %arrayidx646.exit" [./src/matrix_mul.cpp:56]   --->   Operation 186 'br' 'br_ln56' <Predicate = (trunc_ln53 == 40)> <Delay = 0.00>
ST_13 : Operation 187 [1/1] (0.69ns)   --->   "%store_ln56 = store i32 %bitcast_ln56, i6 %local_B_39_addr" [./src/matrix_mul.cpp:56]   --->   Operation 187 'store' 'store_ln56' <Predicate = (trunc_ln53 == 39)> <Delay = 0.69> <CoreInst = "RAM">   --->   Core 83 'RAM' <Latency = 1> <II = 1> <Delay = 0.69> <Storage> <Opcode : 'load' 'store'> <Ports = 2> <Width = 32> <Depth = 64> <RAM>
ST_13 : Operation 188 [1/1] (0.00ns)   --->   "%br_ln56 = br void %arrayidx646.exit" [./src/matrix_mul.cpp:56]   --->   Operation 188 'br' 'br_ln56' <Predicate = (trunc_ln53 == 39)> <Delay = 0.00>
ST_13 : Operation 189 [1/1] (0.69ns)   --->   "%store_ln56 = store i32 %bitcast_ln56, i6 %local_B_38_addr" [./src/matrix_mul.cpp:56]   --->   Operation 189 'store' 'store_ln56' <Predicate = (trunc_ln53 == 38)> <Delay = 0.69> <CoreInst = "RAM">   --->   Core 83 'RAM' <Latency = 1> <II = 1> <Delay = 0.69> <Storage> <Opcode : 'load' 'store'> <Ports = 2> <Width = 32> <Depth = 64> <RAM>
ST_13 : Operation 190 [1/1] (0.00ns)   --->   "%br_ln56 = br void %arrayidx646.exit" [./src/matrix_mul.cpp:56]   --->   Operation 190 'br' 'br_ln56' <Predicate = (trunc_ln53 == 38)> <Delay = 0.00>
ST_13 : Operation 191 [1/1] (0.69ns)   --->   "%store_ln56 = store i32 %bitcast_ln56, i6 %local_B_37_addr" [./src/matrix_mul.cpp:56]   --->   Operation 191 'store' 'store_ln56' <Predicate = (trunc_ln53 == 37)> <Delay = 0.69> <CoreInst = "RAM">   --->   Core 83 'RAM' <Latency = 1> <II = 1> <Delay = 0.69> <Storage> <Opcode : 'load' 'store'> <Ports = 2> <Width = 32> <Depth = 64> <RAM>
ST_13 : Operation 192 [1/1] (0.00ns)   --->   "%br_ln56 = br void %arrayidx646.exit" [./src/matrix_mul.cpp:56]   --->   Operation 192 'br' 'br_ln56' <Predicate = (trunc_ln53 == 37)> <Delay = 0.00>
ST_13 : Operation 193 [1/1] (0.69ns)   --->   "%store_ln56 = store i32 %bitcast_ln56, i6 %local_B_36_addr" [./src/matrix_mul.cpp:56]   --->   Operation 193 'store' 'store_ln56' <Predicate = (trunc_ln53 == 36)> <Delay = 0.69> <CoreInst = "RAM">   --->   Core 83 'RAM' <Latency = 1> <II = 1> <Delay = 0.69> <Storage> <Opcode : 'load' 'store'> <Ports = 2> <Width = 32> <Depth = 64> <RAM>
ST_13 : Operation 194 [1/1] (0.00ns)   --->   "%br_ln56 = br void %arrayidx646.exit" [./src/matrix_mul.cpp:56]   --->   Operation 194 'br' 'br_ln56' <Predicate = (trunc_ln53 == 36)> <Delay = 0.00>
ST_13 : Operation 195 [1/1] (0.69ns)   --->   "%store_ln56 = store i32 %bitcast_ln56, i6 %local_B_35_addr" [./src/matrix_mul.cpp:56]   --->   Operation 195 'store' 'store_ln56' <Predicate = (trunc_ln53 == 35)> <Delay = 0.69> <CoreInst = "RAM">   --->   Core 83 'RAM' <Latency = 1> <II = 1> <Delay = 0.69> <Storage> <Opcode : 'load' 'store'> <Ports = 2> <Width = 32> <Depth = 64> <RAM>
ST_13 : Operation 196 [1/1] (0.00ns)   --->   "%br_ln56 = br void %arrayidx646.exit" [./src/matrix_mul.cpp:56]   --->   Operation 196 'br' 'br_ln56' <Predicate = (trunc_ln53 == 35)> <Delay = 0.00>
ST_13 : Operation 197 [1/1] (0.69ns)   --->   "%store_ln56 = store i32 %bitcast_ln56, i6 %local_B_34_addr" [./src/matrix_mul.cpp:56]   --->   Operation 197 'store' 'store_ln56' <Predicate = (trunc_ln53 == 34)> <Delay = 0.69> <CoreInst = "RAM">   --->   Core 83 'RAM' <Latency = 1> <II = 1> <Delay = 0.69> <Storage> <Opcode : 'load' 'store'> <Ports = 2> <Width = 32> <Depth = 64> <RAM>
ST_13 : Operation 198 [1/1] (0.00ns)   --->   "%br_ln56 = br void %arrayidx646.exit" [./src/matrix_mul.cpp:56]   --->   Operation 198 'br' 'br_ln56' <Predicate = (trunc_ln53 == 34)> <Delay = 0.00>
ST_13 : Operation 199 [1/1] (0.69ns)   --->   "%store_ln56 = store i32 %bitcast_ln56, i6 %local_B_33_addr" [./src/matrix_mul.cpp:56]   --->   Operation 199 'store' 'store_ln56' <Predicate = (trunc_ln53 == 33)> <Delay = 0.69> <CoreInst = "RAM">   --->   Core 83 'RAM' <Latency = 1> <II = 1> <Delay = 0.69> <Storage> <Opcode : 'load' 'store'> <Ports = 2> <Width = 32> <Depth = 64> <RAM>
ST_13 : Operation 200 [1/1] (0.00ns)   --->   "%br_ln56 = br void %arrayidx646.exit" [./src/matrix_mul.cpp:56]   --->   Operation 200 'br' 'br_ln56' <Predicate = (trunc_ln53 == 33)> <Delay = 0.00>
ST_13 : Operation 201 [1/1] (0.69ns)   --->   "%store_ln56 = store i32 %bitcast_ln56, i6 %local_B_32_addr" [./src/matrix_mul.cpp:56]   --->   Operation 201 'store' 'store_ln56' <Predicate = (trunc_ln53 == 32)> <Delay = 0.69> <CoreInst = "RAM">   --->   Core 83 'RAM' <Latency = 1> <II = 1> <Delay = 0.69> <Storage> <Opcode : 'load' 'store'> <Ports = 2> <Width = 32> <Depth = 64> <RAM>
ST_13 : Operation 202 [1/1] (0.00ns)   --->   "%br_ln56 = br void %arrayidx646.exit" [./src/matrix_mul.cpp:56]   --->   Operation 202 'br' 'br_ln56' <Predicate = (trunc_ln53 == 32)> <Delay = 0.00>
ST_13 : Operation 203 [1/1] (0.69ns)   --->   "%store_ln56 = store i32 %bitcast_ln56, i6 %local_B_31_addr" [./src/matrix_mul.cpp:56]   --->   Operation 203 'store' 'store_ln56' <Predicate = (trunc_ln53 == 31)> <Delay = 0.69> <CoreInst = "RAM">   --->   Core 83 'RAM' <Latency = 1> <II = 1> <Delay = 0.69> <Storage> <Opcode : 'load' 'store'> <Ports = 2> <Width = 32> <Depth = 64> <RAM>
ST_13 : Operation 204 [1/1] (0.00ns)   --->   "%br_ln56 = br void %arrayidx646.exit" [./src/matrix_mul.cpp:56]   --->   Operation 204 'br' 'br_ln56' <Predicate = (trunc_ln53 == 31)> <Delay = 0.00>
ST_13 : Operation 205 [1/1] (0.69ns)   --->   "%store_ln56 = store i32 %bitcast_ln56, i6 %local_B_30_addr" [./src/matrix_mul.cpp:56]   --->   Operation 205 'store' 'store_ln56' <Predicate = (trunc_ln53 == 30)> <Delay = 0.69> <CoreInst = "RAM">   --->   Core 83 'RAM' <Latency = 1> <II = 1> <Delay = 0.69> <Storage> <Opcode : 'load' 'store'> <Ports = 2> <Width = 32> <Depth = 64> <RAM>
ST_13 : Operation 206 [1/1] (0.00ns)   --->   "%br_ln56 = br void %arrayidx646.exit" [./src/matrix_mul.cpp:56]   --->   Operation 206 'br' 'br_ln56' <Predicate = (trunc_ln53 == 30)> <Delay = 0.00>
ST_13 : Operation 207 [1/1] (0.69ns)   --->   "%store_ln56 = store i32 %bitcast_ln56, i6 %local_B_29_addr" [./src/matrix_mul.cpp:56]   --->   Operation 207 'store' 'store_ln56' <Predicate = (trunc_ln53 == 29)> <Delay = 0.69> <CoreInst = "RAM">   --->   Core 83 'RAM' <Latency = 1> <II = 1> <Delay = 0.69> <Storage> <Opcode : 'load' 'store'> <Ports = 2> <Width = 32> <Depth = 64> <RAM>
ST_13 : Operation 208 [1/1] (0.00ns)   --->   "%br_ln56 = br void %arrayidx646.exit" [./src/matrix_mul.cpp:56]   --->   Operation 208 'br' 'br_ln56' <Predicate = (trunc_ln53 == 29)> <Delay = 0.00>
ST_13 : Operation 209 [1/1] (0.69ns)   --->   "%store_ln56 = store i32 %bitcast_ln56, i6 %local_B_28_addr" [./src/matrix_mul.cpp:56]   --->   Operation 209 'store' 'store_ln56' <Predicate = (trunc_ln53 == 28)> <Delay = 0.69> <CoreInst = "RAM">   --->   Core 83 'RAM' <Latency = 1> <II = 1> <Delay = 0.69> <Storage> <Opcode : 'load' 'store'> <Ports = 2> <Width = 32> <Depth = 64> <RAM>
ST_13 : Operation 210 [1/1] (0.00ns)   --->   "%br_ln56 = br void %arrayidx646.exit" [./src/matrix_mul.cpp:56]   --->   Operation 210 'br' 'br_ln56' <Predicate = (trunc_ln53 == 28)> <Delay = 0.00>
ST_13 : Operation 211 [1/1] (0.69ns)   --->   "%store_ln56 = store i32 %bitcast_ln56, i6 %local_B_27_addr" [./src/matrix_mul.cpp:56]   --->   Operation 211 'store' 'store_ln56' <Predicate = (trunc_ln53 == 27)> <Delay = 0.69> <CoreInst = "RAM">   --->   Core 83 'RAM' <Latency = 1> <II = 1> <Delay = 0.69> <Storage> <Opcode : 'load' 'store'> <Ports = 2> <Width = 32> <Depth = 64> <RAM>
ST_13 : Operation 212 [1/1] (0.00ns)   --->   "%br_ln56 = br void %arrayidx646.exit" [./src/matrix_mul.cpp:56]   --->   Operation 212 'br' 'br_ln56' <Predicate = (trunc_ln53 == 27)> <Delay = 0.00>
ST_13 : Operation 213 [1/1] (0.69ns)   --->   "%store_ln56 = store i32 %bitcast_ln56, i6 %local_B_26_addr" [./src/matrix_mul.cpp:56]   --->   Operation 213 'store' 'store_ln56' <Predicate = (trunc_ln53 == 26)> <Delay = 0.69> <CoreInst = "RAM">   --->   Core 83 'RAM' <Latency = 1> <II = 1> <Delay = 0.69> <Storage> <Opcode : 'load' 'store'> <Ports = 2> <Width = 32> <Depth = 64> <RAM>
ST_13 : Operation 214 [1/1] (0.00ns)   --->   "%br_ln56 = br void %arrayidx646.exit" [./src/matrix_mul.cpp:56]   --->   Operation 214 'br' 'br_ln56' <Predicate = (trunc_ln53 == 26)> <Delay = 0.00>
ST_13 : Operation 215 [1/1] (0.69ns)   --->   "%store_ln56 = store i32 %bitcast_ln56, i6 %local_B_25_addr" [./src/matrix_mul.cpp:56]   --->   Operation 215 'store' 'store_ln56' <Predicate = (trunc_ln53 == 25)> <Delay = 0.69> <CoreInst = "RAM">   --->   Core 83 'RAM' <Latency = 1> <II = 1> <Delay = 0.69> <Storage> <Opcode : 'load' 'store'> <Ports = 2> <Width = 32> <Depth = 64> <RAM>
ST_13 : Operation 216 [1/1] (0.00ns)   --->   "%br_ln56 = br void %arrayidx646.exit" [./src/matrix_mul.cpp:56]   --->   Operation 216 'br' 'br_ln56' <Predicate = (trunc_ln53 == 25)> <Delay = 0.00>
ST_13 : Operation 217 [1/1] (0.69ns)   --->   "%store_ln56 = store i32 %bitcast_ln56, i6 %local_B_24_addr" [./src/matrix_mul.cpp:56]   --->   Operation 217 'store' 'store_ln56' <Predicate = (trunc_ln53 == 24)> <Delay = 0.69> <CoreInst = "RAM">   --->   Core 83 'RAM' <Latency = 1> <II = 1> <Delay = 0.69> <Storage> <Opcode : 'load' 'store'> <Ports = 2> <Width = 32> <Depth = 64> <RAM>
ST_13 : Operation 218 [1/1] (0.00ns)   --->   "%br_ln56 = br void %arrayidx646.exit" [./src/matrix_mul.cpp:56]   --->   Operation 218 'br' 'br_ln56' <Predicate = (trunc_ln53 == 24)> <Delay = 0.00>
ST_13 : Operation 219 [1/1] (0.69ns)   --->   "%store_ln56 = store i32 %bitcast_ln56, i6 %local_B_23_addr" [./src/matrix_mul.cpp:56]   --->   Operation 219 'store' 'store_ln56' <Predicate = (trunc_ln53 == 23)> <Delay = 0.69> <CoreInst = "RAM">   --->   Core 83 'RAM' <Latency = 1> <II = 1> <Delay = 0.69> <Storage> <Opcode : 'load' 'store'> <Ports = 2> <Width = 32> <Depth = 64> <RAM>
ST_13 : Operation 220 [1/1] (0.00ns)   --->   "%br_ln56 = br void %arrayidx646.exit" [./src/matrix_mul.cpp:56]   --->   Operation 220 'br' 'br_ln56' <Predicate = (trunc_ln53 == 23)> <Delay = 0.00>
ST_13 : Operation 221 [1/1] (0.69ns)   --->   "%store_ln56 = store i32 %bitcast_ln56, i6 %local_B_22_addr" [./src/matrix_mul.cpp:56]   --->   Operation 221 'store' 'store_ln56' <Predicate = (trunc_ln53 == 22)> <Delay = 0.69> <CoreInst = "RAM">   --->   Core 83 'RAM' <Latency = 1> <II = 1> <Delay = 0.69> <Storage> <Opcode : 'load' 'store'> <Ports = 2> <Width = 32> <Depth = 64> <RAM>
ST_13 : Operation 222 [1/1] (0.00ns)   --->   "%br_ln56 = br void %arrayidx646.exit" [./src/matrix_mul.cpp:56]   --->   Operation 222 'br' 'br_ln56' <Predicate = (trunc_ln53 == 22)> <Delay = 0.00>
ST_13 : Operation 223 [1/1] (0.69ns)   --->   "%store_ln56 = store i32 %bitcast_ln56, i6 %local_B_21_addr" [./src/matrix_mul.cpp:56]   --->   Operation 223 'store' 'store_ln56' <Predicate = (trunc_ln53 == 21)> <Delay = 0.69> <CoreInst = "RAM">   --->   Core 83 'RAM' <Latency = 1> <II = 1> <Delay = 0.69> <Storage> <Opcode : 'load' 'store'> <Ports = 2> <Width = 32> <Depth = 64> <RAM>
ST_13 : Operation 224 [1/1] (0.00ns)   --->   "%br_ln56 = br void %arrayidx646.exit" [./src/matrix_mul.cpp:56]   --->   Operation 224 'br' 'br_ln56' <Predicate = (trunc_ln53 == 21)> <Delay = 0.00>
ST_13 : Operation 225 [1/1] (0.69ns)   --->   "%store_ln56 = store i32 %bitcast_ln56, i6 %local_B_20_addr" [./src/matrix_mul.cpp:56]   --->   Operation 225 'store' 'store_ln56' <Predicate = (trunc_ln53 == 20)> <Delay = 0.69> <CoreInst = "RAM">   --->   Core 83 'RAM' <Latency = 1> <II = 1> <Delay = 0.69> <Storage> <Opcode : 'load' 'store'> <Ports = 2> <Width = 32> <Depth = 64> <RAM>
ST_13 : Operation 226 [1/1] (0.00ns)   --->   "%br_ln56 = br void %arrayidx646.exit" [./src/matrix_mul.cpp:56]   --->   Operation 226 'br' 'br_ln56' <Predicate = (trunc_ln53 == 20)> <Delay = 0.00>
ST_13 : Operation 227 [1/1] (0.69ns)   --->   "%store_ln56 = store i32 %bitcast_ln56, i6 %local_B_19_addr" [./src/matrix_mul.cpp:56]   --->   Operation 227 'store' 'store_ln56' <Predicate = (trunc_ln53 == 19)> <Delay = 0.69> <CoreInst = "RAM">   --->   Core 83 'RAM' <Latency = 1> <II = 1> <Delay = 0.69> <Storage> <Opcode : 'load' 'store'> <Ports = 2> <Width = 32> <Depth = 64> <RAM>
ST_13 : Operation 228 [1/1] (0.00ns)   --->   "%br_ln56 = br void %arrayidx646.exit" [./src/matrix_mul.cpp:56]   --->   Operation 228 'br' 'br_ln56' <Predicate = (trunc_ln53 == 19)> <Delay = 0.00>
ST_13 : Operation 229 [1/1] (0.69ns)   --->   "%store_ln56 = store i32 %bitcast_ln56, i6 %local_B_18_addr" [./src/matrix_mul.cpp:56]   --->   Operation 229 'store' 'store_ln56' <Predicate = (trunc_ln53 == 18)> <Delay = 0.69> <CoreInst = "RAM">   --->   Core 83 'RAM' <Latency = 1> <II = 1> <Delay = 0.69> <Storage> <Opcode : 'load' 'store'> <Ports = 2> <Width = 32> <Depth = 64> <RAM>
ST_13 : Operation 230 [1/1] (0.00ns)   --->   "%br_ln56 = br void %arrayidx646.exit" [./src/matrix_mul.cpp:56]   --->   Operation 230 'br' 'br_ln56' <Predicate = (trunc_ln53 == 18)> <Delay = 0.00>
ST_13 : Operation 231 [1/1] (0.69ns)   --->   "%store_ln56 = store i32 %bitcast_ln56, i6 %local_B_17_addr" [./src/matrix_mul.cpp:56]   --->   Operation 231 'store' 'store_ln56' <Predicate = (trunc_ln53 == 17)> <Delay = 0.69> <CoreInst = "RAM">   --->   Core 83 'RAM' <Latency = 1> <II = 1> <Delay = 0.69> <Storage> <Opcode : 'load' 'store'> <Ports = 2> <Width = 32> <Depth = 64> <RAM>
ST_13 : Operation 232 [1/1] (0.00ns)   --->   "%br_ln56 = br void %arrayidx646.exit" [./src/matrix_mul.cpp:56]   --->   Operation 232 'br' 'br_ln56' <Predicate = (trunc_ln53 == 17)> <Delay = 0.00>
ST_13 : Operation 233 [1/1] (0.69ns)   --->   "%store_ln56 = store i32 %bitcast_ln56, i6 %local_B_16_addr" [./src/matrix_mul.cpp:56]   --->   Operation 233 'store' 'store_ln56' <Predicate = (trunc_ln53 == 16)> <Delay = 0.69> <CoreInst = "RAM">   --->   Core 83 'RAM' <Latency = 1> <II = 1> <Delay = 0.69> <Storage> <Opcode : 'load' 'store'> <Ports = 2> <Width = 32> <Depth = 64> <RAM>
ST_13 : Operation 234 [1/1] (0.00ns)   --->   "%br_ln56 = br void %arrayidx646.exit" [./src/matrix_mul.cpp:56]   --->   Operation 234 'br' 'br_ln56' <Predicate = (trunc_ln53 == 16)> <Delay = 0.00>
ST_13 : Operation 235 [1/1] (0.69ns)   --->   "%store_ln56 = store i32 %bitcast_ln56, i6 %local_B_15_addr" [./src/matrix_mul.cpp:56]   --->   Operation 235 'store' 'store_ln56' <Predicate = (trunc_ln53 == 15)> <Delay = 0.69> <CoreInst = "RAM">   --->   Core 83 'RAM' <Latency = 1> <II = 1> <Delay = 0.69> <Storage> <Opcode : 'load' 'store'> <Ports = 2> <Width = 32> <Depth = 64> <RAM>
ST_13 : Operation 236 [1/1] (0.00ns)   --->   "%br_ln56 = br void %arrayidx646.exit" [./src/matrix_mul.cpp:56]   --->   Operation 236 'br' 'br_ln56' <Predicate = (trunc_ln53 == 15)> <Delay = 0.00>
ST_13 : Operation 237 [1/1] (0.69ns)   --->   "%store_ln56 = store i32 %bitcast_ln56, i6 %local_B_14_addr" [./src/matrix_mul.cpp:56]   --->   Operation 237 'store' 'store_ln56' <Predicate = (trunc_ln53 == 14)> <Delay = 0.69> <CoreInst = "RAM">   --->   Core 83 'RAM' <Latency = 1> <II = 1> <Delay = 0.69> <Storage> <Opcode : 'load' 'store'> <Ports = 2> <Width = 32> <Depth = 64> <RAM>
ST_13 : Operation 238 [1/1] (0.00ns)   --->   "%br_ln56 = br void %arrayidx646.exit" [./src/matrix_mul.cpp:56]   --->   Operation 238 'br' 'br_ln56' <Predicate = (trunc_ln53 == 14)> <Delay = 0.00>
ST_13 : Operation 239 [1/1] (0.69ns)   --->   "%store_ln56 = store i32 %bitcast_ln56, i6 %local_B_13_addr" [./src/matrix_mul.cpp:56]   --->   Operation 239 'store' 'store_ln56' <Predicate = (trunc_ln53 == 13)> <Delay = 0.69> <CoreInst = "RAM">   --->   Core 83 'RAM' <Latency = 1> <II = 1> <Delay = 0.69> <Storage> <Opcode : 'load' 'store'> <Ports = 2> <Width = 32> <Depth = 64> <RAM>
ST_13 : Operation 240 [1/1] (0.00ns)   --->   "%br_ln56 = br void %arrayidx646.exit" [./src/matrix_mul.cpp:56]   --->   Operation 240 'br' 'br_ln56' <Predicate = (trunc_ln53 == 13)> <Delay = 0.00>
ST_13 : Operation 241 [1/1] (0.69ns)   --->   "%store_ln56 = store i32 %bitcast_ln56, i6 %local_B_12_addr" [./src/matrix_mul.cpp:56]   --->   Operation 241 'store' 'store_ln56' <Predicate = (trunc_ln53 == 12)> <Delay = 0.69> <CoreInst = "RAM">   --->   Core 83 'RAM' <Latency = 1> <II = 1> <Delay = 0.69> <Storage> <Opcode : 'load' 'store'> <Ports = 2> <Width = 32> <Depth = 64> <RAM>
ST_13 : Operation 242 [1/1] (0.00ns)   --->   "%br_ln56 = br void %arrayidx646.exit" [./src/matrix_mul.cpp:56]   --->   Operation 242 'br' 'br_ln56' <Predicate = (trunc_ln53 == 12)> <Delay = 0.00>
ST_13 : Operation 243 [1/1] (0.69ns)   --->   "%store_ln56 = store i32 %bitcast_ln56, i6 %local_B_11_addr" [./src/matrix_mul.cpp:56]   --->   Operation 243 'store' 'store_ln56' <Predicate = (trunc_ln53 == 11)> <Delay = 0.69> <CoreInst = "RAM">   --->   Core 83 'RAM' <Latency = 1> <II = 1> <Delay = 0.69> <Storage> <Opcode : 'load' 'store'> <Ports = 2> <Width = 32> <Depth = 64> <RAM>
ST_13 : Operation 244 [1/1] (0.00ns)   --->   "%br_ln56 = br void %arrayidx646.exit" [./src/matrix_mul.cpp:56]   --->   Operation 244 'br' 'br_ln56' <Predicate = (trunc_ln53 == 11)> <Delay = 0.00>
ST_13 : Operation 245 [1/1] (0.69ns)   --->   "%store_ln56 = store i32 %bitcast_ln56, i6 %local_B_10_addr" [./src/matrix_mul.cpp:56]   --->   Operation 245 'store' 'store_ln56' <Predicate = (trunc_ln53 == 10)> <Delay = 0.69> <CoreInst = "RAM">   --->   Core 83 'RAM' <Latency = 1> <II = 1> <Delay = 0.69> <Storage> <Opcode : 'load' 'store'> <Ports = 2> <Width = 32> <Depth = 64> <RAM>
ST_13 : Operation 246 [1/1] (0.00ns)   --->   "%br_ln56 = br void %arrayidx646.exit" [./src/matrix_mul.cpp:56]   --->   Operation 246 'br' 'br_ln56' <Predicate = (trunc_ln53 == 10)> <Delay = 0.00>
ST_13 : Operation 247 [1/1] (0.69ns)   --->   "%store_ln56 = store i32 %bitcast_ln56, i6 %local_B_9_addr" [./src/matrix_mul.cpp:56]   --->   Operation 247 'store' 'store_ln56' <Predicate = (trunc_ln53 == 9)> <Delay = 0.69> <CoreInst = "RAM">   --->   Core 83 'RAM' <Latency = 1> <II = 1> <Delay = 0.69> <Storage> <Opcode : 'load' 'store'> <Ports = 2> <Width = 32> <Depth = 64> <RAM>
ST_13 : Operation 248 [1/1] (0.00ns)   --->   "%br_ln56 = br void %arrayidx646.exit" [./src/matrix_mul.cpp:56]   --->   Operation 248 'br' 'br_ln56' <Predicate = (trunc_ln53 == 9)> <Delay = 0.00>
ST_13 : Operation 249 [1/1] (0.69ns)   --->   "%store_ln56 = store i32 %bitcast_ln56, i6 %local_B_8_addr" [./src/matrix_mul.cpp:56]   --->   Operation 249 'store' 'store_ln56' <Predicate = (trunc_ln53 == 8)> <Delay = 0.69> <CoreInst = "RAM">   --->   Core 83 'RAM' <Latency = 1> <II = 1> <Delay = 0.69> <Storage> <Opcode : 'load' 'store'> <Ports = 2> <Width = 32> <Depth = 64> <RAM>
ST_13 : Operation 250 [1/1] (0.00ns)   --->   "%br_ln56 = br void %arrayidx646.exit" [./src/matrix_mul.cpp:56]   --->   Operation 250 'br' 'br_ln56' <Predicate = (trunc_ln53 == 8)> <Delay = 0.00>
ST_13 : Operation 251 [1/1] (0.69ns)   --->   "%store_ln56 = store i32 %bitcast_ln56, i6 %local_B_7_addr" [./src/matrix_mul.cpp:56]   --->   Operation 251 'store' 'store_ln56' <Predicate = (trunc_ln53 == 7)> <Delay = 0.69> <CoreInst = "RAM">   --->   Core 83 'RAM' <Latency = 1> <II = 1> <Delay = 0.69> <Storage> <Opcode : 'load' 'store'> <Ports = 2> <Width = 32> <Depth = 64> <RAM>
ST_13 : Operation 252 [1/1] (0.00ns)   --->   "%br_ln56 = br void %arrayidx646.exit" [./src/matrix_mul.cpp:56]   --->   Operation 252 'br' 'br_ln56' <Predicate = (trunc_ln53 == 7)> <Delay = 0.00>
ST_13 : Operation 253 [1/1] (0.69ns)   --->   "%store_ln56 = store i32 %bitcast_ln56, i6 %local_B_6_addr" [./src/matrix_mul.cpp:56]   --->   Operation 253 'store' 'store_ln56' <Predicate = (trunc_ln53 == 6)> <Delay = 0.69> <CoreInst = "RAM">   --->   Core 83 'RAM' <Latency = 1> <II = 1> <Delay = 0.69> <Storage> <Opcode : 'load' 'store'> <Ports = 2> <Width = 32> <Depth = 64> <RAM>
ST_13 : Operation 254 [1/1] (0.00ns)   --->   "%br_ln56 = br void %arrayidx646.exit" [./src/matrix_mul.cpp:56]   --->   Operation 254 'br' 'br_ln56' <Predicate = (trunc_ln53 == 6)> <Delay = 0.00>
ST_13 : Operation 255 [1/1] (0.69ns)   --->   "%store_ln56 = store i32 %bitcast_ln56, i6 %local_B_5_addr" [./src/matrix_mul.cpp:56]   --->   Operation 255 'store' 'store_ln56' <Predicate = (trunc_ln53 == 5)> <Delay = 0.69> <CoreInst = "RAM">   --->   Core 83 'RAM' <Latency = 1> <II = 1> <Delay = 0.69> <Storage> <Opcode : 'load' 'store'> <Ports = 2> <Width = 32> <Depth = 64> <RAM>
ST_13 : Operation 256 [1/1] (0.00ns)   --->   "%br_ln56 = br void %arrayidx646.exit" [./src/matrix_mul.cpp:56]   --->   Operation 256 'br' 'br_ln56' <Predicate = (trunc_ln53 == 5)> <Delay = 0.00>
ST_13 : Operation 257 [1/1] (0.69ns)   --->   "%store_ln56 = store i32 %bitcast_ln56, i6 %local_B_4_addr" [./src/matrix_mul.cpp:56]   --->   Operation 257 'store' 'store_ln56' <Predicate = (trunc_ln53 == 4)> <Delay = 0.69> <CoreInst = "RAM">   --->   Core 83 'RAM' <Latency = 1> <II = 1> <Delay = 0.69> <Storage> <Opcode : 'load' 'store'> <Ports = 2> <Width = 32> <Depth = 64> <RAM>
ST_13 : Operation 258 [1/1] (0.00ns)   --->   "%br_ln56 = br void %arrayidx646.exit" [./src/matrix_mul.cpp:56]   --->   Operation 258 'br' 'br_ln56' <Predicate = (trunc_ln53 == 4)> <Delay = 0.00>
ST_13 : Operation 259 [1/1] (0.69ns)   --->   "%store_ln56 = store i32 %bitcast_ln56, i6 %local_B_3_addr" [./src/matrix_mul.cpp:56]   --->   Operation 259 'store' 'store_ln56' <Predicate = (trunc_ln53 == 3)> <Delay = 0.69> <CoreInst = "RAM">   --->   Core 83 'RAM' <Latency = 1> <II = 1> <Delay = 0.69> <Storage> <Opcode : 'load' 'store'> <Ports = 2> <Width = 32> <Depth = 64> <RAM>
ST_13 : Operation 260 [1/1] (0.00ns)   --->   "%br_ln56 = br void %arrayidx646.exit" [./src/matrix_mul.cpp:56]   --->   Operation 260 'br' 'br_ln56' <Predicate = (trunc_ln53 == 3)> <Delay = 0.00>
ST_13 : Operation 261 [1/1] (0.69ns)   --->   "%store_ln56 = store i32 %bitcast_ln56, i6 %local_B_2_addr" [./src/matrix_mul.cpp:56]   --->   Operation 261 'store' 'store_ln56' <Predicate = (trunc_ln53 == 2)> <Delay = 0.69> <CoreInst = "RAM">   --->   Core 83 'RAM' <Latency = 1> <II = 1> <Delay = 0.69> <Storage> <Opcode : 'load' 'store'> <Ports = 2> <Width = 32> <Depth = 64> <RAM>
ST_13 : Operation 262 [1/1] (0.00ns)   --->   "%br_ln56 = br void %arrayidx646.exit" [./src/matrix_mul.cpp:56]   --->   Operation 262 'br' 'br_ln56' <Predicate = (trunc_ln53 == 2)> <Delay = 0.00>
ST_13 : Operation 263 [1/1] (0.69ns)   --->   "%store_ln56 = store i32 %bitcast_ln56, i6 %local_B_1_addr" [./src/matrix_mul.cpp:56]   --->   Operation 263 'store' 'store_ln56' <Predicate = (trunc_ln53 == 1)> <Delay = 0.69> <CoreInst = "RAM">   --->   Core 83 'RAM' <Latency = 1> <II = 1> <Delay = 0.69> <Storage> <Opcode : 'load' 'store'> <Ports = 2> <Width = 32> <Depth = 64> <RAM>
ST_13 : Operation 264 [1/1] (0.00ns)   --->   "%br_ln56 = br void %arrayidx646.exit" [./src/matrix_mul.cpp:56]   --->   Operation 264 'br' 'br_ln56' <Predicate = (trunc_ln53 == 1)> <Delay = 0.00>
ST_13 : Operation 265 [1/1] (0.69ns)   --->   "%store_ln56 = store i32 %bitcast_ln56, i6 %local_B_addr" [./src/matrix_mul.cpp:56]   --->   Operation 265 'store' 'store_ln56' <Predicate = (trunc_ln53 == 0)> <Delay = 0.69> <CoreInst = "RAM">   --->   Core 83 'RAM' <Latency = 1> <II = 1> <Delay = 0.69> <Storage> <Opcode : 'load' 'store'> <Ports = 2> <Width = 32> <Depth = 64> <RAM>
ST_13 : Operation 266 [1/1] (0.00ns)   --->   "%br_ln56 = br void %arrayidx646.exit" [./src/matrix_mul.cpp:56]   --->   Operation 266 'br' 'br_ln56' <Predicate = (trunc_ln53 == 0)> <Delay = 0.00>
ST_13 : Operation 267 [1/1] (0.69ns)   --->   "%store_ln56 = store i32 %bitcast_ln56, i6 %local_B_63_addr" [./src/matrix_mul.cpp:56]   --->   Operation 267 'store' 'store_ln56' <Predicate = (trunc_ln53 == 63)> <Delay = 0.69> <CoreInst = "RAM">   --->   Core 83 'RAM' <Latency = 1> <II = 1> <Delay = 0.69> <Storage> <Opcode : 'load' 'store'> <Ports = 2> <Width = 32> <Depth = 64> <RAM>
ST_13 : Operation 268 [1/1] (0.00ns)   --->   "%br_ln56 = br void %arrayidx646.exit" [./src/matrix_mul.cpp:56]   --->   Operation 268 'br' 'br_ln56' <Predicate = (trunc_ln53 == 63)> <Delay = 0.00>


============================================================
+ Verbose Summary: Timing violations
============================================================
Target clock period: 3.33ns, clock uncertainty: 0.899ns.

 <State 1>: 2ns
The critical path consists of the following:
	'alloca' operation ('jj') [70]  (0 ns)
	'load' operation ('jj_load', ./src/matrix_mul.cpp:54) on local variable 'jj' [91]  (0 ns)
	'icmp' operation ('icmp_ln54', ./src/matrix_mul.cpp:54) [95]  (0.6 ns)
	'select' operation ('select_ln53', ./src/matrix_mul.cpp:53) [97]  (0.308 ns)
	'add' operation ('add_ln54', ./src/matrix_mul.cpp:54) [380]  (0.706 ns)
	'store' operation ('store_ln54', ./src/matrix_mul.cpp:54) of variable 'add_ln54', ./src/matrix_mul.cpp:54 on local variable 'jj' [383]  (0.387 ns)

 <State 2>: 2.29ns
The critical path consists of the following:
	'mul' operation ('mul_ln53', ./src/matrix_mul.cpp:53) [101]  (2.29 ns)

 <State 3>: 2.29ns
The critical path consists of the following:
	'mul' operation ('mul_ln53', ./src/matrix_mul.cpp:53) [101]  (2.29 ns)

 <State 4>: 1.98ns
The critical path consists of the following:
	'add' operation ('add_ln53_1', ./src/matrix_mul.cpp:53) [103]  (0 ns)
	'add' operation ('add_ln53_2', ./src/matrix_mul.cpp:53) [104]  (0.835 ns)
	'add' operation ('add_ln53_3', ./src/matrix_mul.cpp:53) [106]  (1.15 ns)

 <State 5>: 2.43ns
The critical path consists of the following:
	'getelementptr' operation ('gmem1_addr', ./src/matrix_mul.cpp:54) [113]  (0 ns)
	bus request operation ('empty', ./src/matrix_mul.cpp:54) on port 'gmem1' (./src/matrix_mul.cpp:54) [114]  (2.43 ns)

 <State 6>: 2.43ns
The critical path consists of the following:
	bus request operation ('empty', ./src/matrix_mul.cpp:54) on port 'gmem1' (./src/matrix_mul.cpp:54) [114]  (2.43 ns)

 <State 7>: 2.43ns
The critical path consists of the following:
	bus request operation ('empty', ./src/matrix_mul.cpp:54) on port 'gmem1' (./src/matrix_mul.cpp:54) [114]  (2.43 ns)

 <State 8>: 2.43ns
The critical path consists of the following:
	bus request operation ('empty', ./src/matrix_mul.cpp:54) on port 'gmem1' (./src/matrix_mul.cpp:54) [114]  (2.43 ns)

 <State 9>: 2.43ns
The critical path consists of the following:
	bus request operation ('empty', ./src/matrix_mul.cpp:54) on port 'gmem1' (./src/matrix_mul.cpp:54) [114]  (2.43 ns)

 <State 10>: 2.43ns
The critical path consists of the following:
	bus request operation ('empty', ./src/matrix_mul.cpp:54) on port 'gmem1' (./src/matrix_mul.cpp:54) [114]  (2.43 ns)

 <State 11>: 2.43ns
The critical path consists of the following:
	bus request operation ('empty', ./src/matrix_mul.cpp:54) on port 'gmem1' (./src/matrix_mul.cpp:54) [114]  (2.43 ns)

 <State 12>: 2.43ns
The critical path consists of the following:
	bus read operation ('gmem1_addr_1_read', ./src/matrix_mul.cpp:56) on port 'gmem1' (./src/matrix_mul.cpp:56) [120]  (2.43 ns)

 <State 13>: 0.699ns
The critical path consists of the following:
	'getelementptr' operation ('local_B_63_addr', ./src/matrix_mul.cpp:56) [185]  (0 ns)
	'store' operation ('store_ln56', ./src/matrix_mul.cpp:56) of variable 'bitcast_ln56', ./src/matrix_mul.cpp:56 on array 'local_B_63' [377]  (0.699 ns)


============================================================
+ Verbose Summary: Binding
============================================================
N/A
* FSMD analyzer results:
  - Output states:
 - Input state : 
  - Chain level:
	State 1
	State 2
	State 3
	State 4
	State 5
	State 6
	State 7
	State 8
	State 9
	State 10
	State 11
	State 12
	State 13


============================================================
+ Verbose Summary: Datapath Resource usage 
============================================================
N/A
