==============================================================
Vitis HLS - High-Level Synthesis from C, C++ and OpenCL v2022.1 (64-bit)
Tool Version Limit: 2022.04
Copyright 1986-2022 Xilinx, Inc. All Rights Reserved.
==============================================================
INFO: [HLS 200-1505] Using default flow_target 'vivado'
INFO: [HLS 200-435] Setting 'open_solution -flow_target vivado' configuration: config_interface -m_axi_latency=0
INFO: [HLS 200-1510] Running: set_part xcu50-fsvh2104-2-e 
INFO: [HLS 200-1611] Setting target device to 'xcu50-fsvh2104-2-e'
INFO: [HLS 200-1510] Running: create_clock -period 3.33 -name default 
INFO: [SYN 201-201] Setting up clock 'default' with a period of 3.33ns.
INFO: [HLS 200-1510] Running: csim_design 
INFO: [SIM 211-2] *************** CSIM start ***************
INFO: [SIM 211-4] CSIM will launch GCC as the compiler.
INFO: [SIM 211-1] CSim done with 0 errors.
INFO: [SIM 211-3] *************** CSIM finish ***************
INFO: [HLS 200-111] Finished Command csim_design CPU user time: 1.47 seconds. CPU system time: 0.23 seconds. Elapsed time: 1.24 seconds; current allocated memory: -1033.656 MB.
INFO: [HLS 200-1510] Running: csynth_design 
INFO: [HLS 200-111] Finished File checks and directory preparation: CPU user time: 0.01 seconds. CPU system time: 0 seconds. Elapsed time: 0 seconds; current allocated memory: 459.371 MB.
INFO: [HLS 200-10] Analyzing design file './src/matrix_mul.cpp' ... 
INFO: [HLS 200-111] Finished Source Code Analysis and Preprocessing: CPU user time: 1.97 seconds. CPU system time: 0.33 seconds. Elapsed time: 2.3 seconds; current allocated memory: 462.148 MB.
INFO: [HLS 200-777] Using interface defaults for 'Vivado' flow target.
INFO: [HLS 214-291] Loop 'mmult_k' is marked as complete unroll implied by the pipeline pragma (./src/matrix_mul.cpp:68:22)
INFO: [HLS 214-248] Applying array_partition to 'local_A': Complete partitioning on dimension 2. (./src/matrix_mul.cpp:33:9)
INFO: [HLS 214-248] Applying array_partition to 'local_B': Complete partitioning on dimension 1. (./src/matrix_mul.cpp:34:12)
INFO: [HLS 214-115] Multiple burst reads of variable length and bit width 32 in loop 'readA_inner'(./src/matrix_mul.cpp:42:22) has been inferred on bundle 'gmem0'. These burst requests might be further partitioned into multiple requests during RTL generation, based on max_read_burst_length or max_write_burst_length settings. (./src/matrix_mul.cpp:42:22)
INFO: [HLS 214-115] Multiple burst reads of variable length and bit width 32 in loop 'readB_inner'(./src/matrix_mul.cpp:49:22) has been inferred on bundle 'gmem1'. These burst requests might be further partitioned into multiple requests during RTL generation, based on max_read_burst_length or max_write_burst_length settings. (./src/matrix_mul.cpp:49:22)
INFO: [HLS 214-115] Multiple burst writes of variable length and bit width 32 in loop 'writeC_inner'(./src/matrix_mul.cpp:78:23) has been inferred on bundle 'gmem2'. These burst requests might be further partitioned into multiple requests during RTL generation, based on max_read_burst_length or max_write_burst_length settings. (./src/matrix_mul.cpp:78:23)
INFO: [HLS 200-111] Finished Compiling Optimization and Transform: CPU user time: 6.25 seconds. CPU system time: 0.71 seconds. Elapsed time: 6.95 seconds; current allocated memory: 462.719 MB.
INFO: [HLS 200-111] Finished Checking Pragmas: CPU user time: 0 seconds. CPU system time: 0 seconds. Elapsed time: 0 seconds; current allocated memory: 462.719 MB.
INFO: [HLS 200-10] Starting code transformations ...
INFO: [HLS 200-111] Finished Standard Transforms: CPU user time: 1.16 seconds. CPU system time: 0 seconds. Elapsed time: 1.16 seconds; current allocated memory: 474.945 MB.
INFO: [HLS 200-10] Checking synthesizability ...
INFO: [HLS 200-111] Finished Checking Synthesizability: CPU user time: 1.1 seconds. CPU system time: 0 seconds. Elapsed time: 1.1 seconds; current allocated memory: 474.945 MB.
INFO: [XFORM 203-502] Unrolling all sub-loops inside loop 'mmult_j' (./src/matrix_mul.cpp:65) in function 'matrix_mul' for pipelining.
WARNING: [HLS 200-936] Cannot unroll loop 'mmult_k' (./src/matrix_mul.cpp:67) in function 'matrix_mul': cannot completely unroll a loop with a variable trip count.
INFO: [HLS 200-111] Finished Loop, function and other optimizations: CPU user time: 1.9 seconds. CPU system time: 0 seconds. Elapsed time: 1.91 seconds; current allocated memory: 512.535 MB.
WARNING: [HLS 200-960] Cannot flatten loop 'readA' (./src/matrix_mul.cpp:41:18) in function 'matrix_mul' the outer loop is not a perfect loop because there is nontrivial logic before entering the inner loop.
WARNING: [HLS 200-960] Cannot flatten loop 'readB' (./src/matrix_mul.cpp:48:21) in function 'matrix_mul' the outer loop is not a perfect loop because there is nontrivial logic before entering the inner loop.
INFO: [XFORM 203-541] Flattening a loop nest 'initC' (./src/matrix_mul.cpp:56:21) in function 'matrix_mul'.
WARNING: [HLS 200-960] Cannot flatten loop 'mmult_j' (./src/matrix_mul.cpp:65:27) in function 'matrix_mul' the outer loop is not a perfect loop because there is nontrivial logic in the loop latch.
INFO: [XFORM 203-541] Flattening a loop nest 'mmult' (./src/matrix_mul.cpp:64:21) in function 'matrix_mul'.
WARNING: [HLS 200-960] Cannot flatten loop 'writeC' (./src/matrix_mul.cpp:77:22) in function 'matrix_mul' the outer loop is not a perfect loop because there is nontrivial logic before entering the inner loop.
INFO: [HLS 200-472] Inferring partial write operation for 'local_A' (./src/matrix_mul.cpp:44:16)
INFO: [HLS 200-472] Inferring partial write operation for 'local_B' (./src/matrix_mul.cpp:51:16)
INFO: [HLS 200-472] Inferring partial write operation for 'local_C' (./src/matrix_mul.cpp:59:16)
INFO: [HLS 200-472] Inferring partial write operation for 'local_C' (./src/matrix_mul.cpp:72:27)
INFO: [HLS 200-111] Finished Architecture Synthesis: CPU user time: 2.3 seconds. CPU system time: 0 seconds. Elapsed time: 2.29 seconds; current allocated memory: 599.648 MB.
INFO: [HLS 200-10] Starting hardware synthesis ...
INFO: [HLS 200-10] Synthesizing 'matrix_mul' ...
INFO: [HLS 200-10] ----------------------------------------------------------------
INFO: [HLS 200-42] -- Implementing module 'matrix_mul_Pipeline_readA_inner' 
INFO: [HLS 200-10] ----------------------------------------------------------------
INFO: [SCHED 204-11] Starting scheduling ...
INFO: [SCHED 204-61] Pipelining loop 'readA_inner'.
INFO: [HLS 200-1470] Pipelining result : Target II = 1, Final II = 1, Depth = 3, loop 'readA_inner'
INFO: [SCHED 204-11] Finished scheduling.
INFO: [HLS 200-111] Finished Scheduling: CPU user time: 1.1 seconds. CPU system time: 0.01 seconds. Elapsed time: 1.11 seconds; current allocated memory: 612.336 MB.
INFO: [BIND 205-100] Starting micro-architecture generation ...
INFO: [BIND 205-101] Performing variable lifetime analysis.
INFO: [BIND 205-101] Exploring resource sharing.
INFO: [BIND 205-101] Binding ...
INFO: [BIND 205-100] Finished micro-architecture generation.
INFO: [HLS 200-111] Finished Binding: CPU user time: 0.61 seconds. CPU system time: 0 seconds. Elapsed time: 0.61 seconds; current allocated memory: 612.336 MB.
INFO: [HLS 200-10] ----------------------------------------------------------------
INFO: [HLS 200-42] -- Implementing module 'matrix_mul_Pipeline_readB_inner' 
INFO: [HLS 200-10] ----------------------------------------------------------------
INFO: [SCHED 204-11] Starting scheduling ...
INFO: [SCHED 204-61] Pipelining loop 'readB_inner'.
INFO: [HLS 200-1470] Pipelining result : Target II = 1, Final II = 1, Depth = 3, loop 'readB_inner'
INFO: [SCHED 204-11] Finished scheduling.
INFO: [HLS 200-111] Finished Scheduling: CPU user time: 1.3 seconds. CPU system time: 0 seconds. Elapsed time: 1.3 seconds; current allocated memory: 619.242 MB.
INFO: [BIND 205-100] Starting micro-architecture generation ...
INFO: [BIND 205-101] Performing variable lifetime analysis.
INFO: [BIND 205-101] Exploring resource sharing.
INFO: [BIND 205-101] Binding ...
INFO: [BIND 205-100] Finished micro-architecture generation.
INFO: [HLS 200-111] Finished Binding: CPU user time: 0.62 seconds. CPU system time: 0 seconds. Elapsed time: 0.62 seconds; current allocated memory: 619.242 MB.
INFO: [HLS 200-10] ----------------------------------------------------------------
INFO: [HLS 200-42] -- Implementing module 'matrix_mul_Pipeline_initC_initC_inner' 
INFO: [HLS 200-10] ----------------------------------------------------------------
INFO: [SCHED 204-11] Starting scheduling ...
INFO: [SCHED 204-61] Pipelining loop 'initC_initC_inner'.
INFO: [HLS 200-1470] Pipelining result : Target II = 1, Final II = 1, Depth = 3, loop 'initC_initC_inner'
INFO: [SCHED 204-11] Finished scheduling.
INFO: [HLS 200-111] Finished Scheduling: CPU user time: 0.41 seconds. CPU system time: 0 seconds. Elapsed time: 0.41 seconds; current allocated memory: 619.242 MB.
INFO: [BIND 205-100] Starting micro-architecture generation ...
INFO: [BIND 205-101] Performing variable lifetime analysis.
INFO: [BIND 205-101] Exploring resource sharing.
INFO: [BIND 205-101] Binding ...
INFO: [BIND 205-100] Finished micro-architecture generation.
INFO: [HLS 200-111] Finished Binding: CPU user time: 0.03 seconds. CPU system time: 0 seconds. Elapsed time: 0.03 seconds; current allocated memory: 619.242 MB.
INFO: [HLS 200-10] ----------------------------------------------------------------
INFO: [HLS 200-42] -- Implementing module 'matrix_mul_Pipeline_writeC_inner' 
INFO: [HLS 200-10] ----------------------------------------------------------------
INFO: [SCHED 204-11] Starting scheduling ...
INFO: [SCHED 204-61] Pipelining loop 'writeC_inner'.
INFO: [HLS 200-1470] Pipelining result : Target II = 1, Final II = 1, Depth = 3, loop 'writeC_inner'
INFO: [SCHED 204-11] Finished scheduling.
INFO: [HLS 200-111] Finished Scheduling: CPU user time: 0.04 seconds. CPU system time: 0 seconds. Elapsed time: 0.04 seconds; current allocated memory: 619.242 MB.
INFO: [BIND 205-100] Starting micro-architecture generation ...
INFO: [BIND 205-101] Performing variable lifetime analysis.
INFO: [BIND 205-101] Exploring resource sharing.
INFO: [BIND 205-101] Binding ...
INFO: [BIND 205-100] Finished micro-architecture generation.
INFO: [HLS 200-111] Finished Binding: CPU user time: 0.03 seconds. CPU system time: 0 seconds. Elapsed time: 0.02 seconds; current allocated memory: 619.242 MB.
INFO: [HLS 200-10] ----------------------------------------------------------------
INFO: [HLS 200-42] -- Implementing module 'matrix_mul' 
INFO: [HLS 200-10] ----------------------------------------------------------------
INFO: [SCHED 204-11] Starting scheduling ...
WARNING: [SCHED 204-65] Unable to satisfy pipeline directive for loop 'mmult_mmult_j': contains subloop(s) that are not unrolled or flattened.
INFO: [SCHED 204-11] Finished scheduling.
INFO: [HLS 200-111] Finished Scheduling: CPU user time: 1.65 seconds. CPU system time: 0 seconds. Elapsed time: 1.66 seconds; current allocated memory: 637.551 MB.
INFO: [BIND 205-100] Starting micro-architecture generation ...
INFO: [BIND 205-101] Performing variable lifetime analysis.
INFO: [BIND 205-101] Exploring resource sharing.
INFO: [BIND 205-101] Binding ...
INFO: [BIND 205-100] Finished micro-architecture generation.
INFO: [HLS 200-111] Finished Binding: CPU user time: 4.08 seconds. CPU system time: 0 seconds. Elapsed time: 4.07 seconds; current allocated memory: 637.551 MB.
INFO: [HLS 200-10] ----------------------------------------------------------------
INFO: [HLS 200-10] -- Generating RTL for module 'matrix_mul_Pipeline_readA_inner' 
INFO: [HLS 200-10] ----------------------------------------------------------------
INFO: [HLS 200-1030] Apply Unified Pipeline Control on module 'matrix_mul_Pipeline_readA_inner' pipeline 'readA_inner' pipeline type 'loop pipeline'
WARNING: [RTGEN 206-101] Setting dangling out port 'matrix_mul_Pipeline_readA_inner/m_axi_gmem0_ARVALID' to 0.
WARNING: [RTGEN 206-101] Setting dangling out port 'matrix_mul_Pipeline_readA_inner/m_axi_gmem0_ARADDR' to 0.
WARNING: [RTGEN 206-101] Setting dangling out port 'matrix_mul_Pipeline_readA_inner/m_axi_gmem0_ARID' to 0.
WARNING: [RTGEN 206-101] Setting dangling out port 'matrix_mul_Pipeline_readA_inner/m_axi_gmem0_ARLEN' to 0.
WARNING: [RTGEN 206-101] Setting dangling out port 'matrix_mul_Pipeline_readA_inner/m_axi_gmem0_ARSIZE' to 0.
WARNING: [RTGEN 206-101] Setting dangling out port 'matrix_mul_Pipeline_readA_inner/m_axi_gmem0_ARBURST' to 0.
WARNING: [RTGEN 206-101] Setting dangling out port 'matrix_mul_Pipeline_readA_inner/m_axi_gmem0_ARLOCK' to 0.
WARNING: [RTGEN 206-101] Setting dangling out port 'matrix_mul_Pipeline_readA_inner/m_axi_gmem0_ARCACHE' to 0.
WARNING: [RTGEN 206-101] Setting dangling out port 'matrix_mul_Pipeline_readA_inner/m_axi_gmem0_ARPROT' to 0.
WARNING: [RTGEN 206-101] Setting dangling out port 'matrix_mul_Pipeline_readA_inner/m_axi_gmem0_ARQOS' to 0.
WARNING: [RTGEN 206-101] Setting dangling out port 'matrix_mul_Pipeline_readA_inner/m_axi_gmem0_ARREGION' to 0.
WARNING: [RTGEN 206-101] Setting dangling out port 'matrix_mul_Pipeline_readA_inner/m_axi_gmem0_ARUSER' to 0.
INFO: [RTGEN 206-104] Estimated max fanout for 'matrix_mul_Pipeline_readA_inner' is 10240 from HDL expression: ((1'b0 == ap_block_pp0_stage0) & (ap_enable_reg_pp0_iter2 == 1'b1))
INFO: [RTGEN 206-100] Finished creating RTL model for 'matrix_mul_Pipeline_readA_inner'.
INFO: [HLS 200-111] Finished Creating RTL model: CPU user time: 3.45 seconds. CPU system time: 0 seconds. Elapsed time: 3.46 seconds; current allocated memory: 637.551 MB.
INFO: [HLS 200-10] ----------------------------------------------------------------
INFO: [HLS 200-10] -- Generating RTL for module 'matrix_mul_Pipeline_readB_inner' 
INFO: [HLS 200-10] ----------------------------------------------------------------
INFO: [HLS 200-1030] Apply Unified Pipeline Control on module 'matrix_mul_Pipeline_readB_inner' pipeline 'readB_inner' pipeline type 'loop pipeline'
WARNING: [RTGEN 206-101] Setting dangling out port 'matrix_mul_Pipeline_readB_inner/m_axi_gmem1_ARVALID' to 0.
WARNING: [RTGEN 206-101] Setting dangling out port 'matrix_mul_Pipeline_readB_inner/m_axi_gmem1_ARADDR' to 0.
WARNING: [RTGEN 206-101] Setting dangling out port 'matrix_mul_Pipeline_readB_inner/m_axi_gmem1_ARID' to 0.
WARNING: [RTGEN 206-101] Setting dangling out port 'matrix_mul_Pipeline_readB_inner/m_axi_gmem1_ARLEN' to 0.
WARNING: [RTGEN 206-101] Setting dangling out port 'matrix_mul_Pipeline_readB_inner/m_axi_gmem1_ARSIZE' to 0.
WARNING: [RTGEN 206-101] Setting dangling out port 'matrix_mul_Pipeline_readB_inner/m_axi_gmem1_ARBURST' to 0.
WARNING: [RTGEN 206-101] Setting dangling out port 'matrix_mul_Pipeline_readB_inner/m_axi_gmem1_ARLOCK' to 0.
WARNING: [RTGEN 206-101] Setting dangling out port 'matrix_mul_Pipeline_readB_inner/m_axi_gmem1_ARCACHE' to 0.
WARNING: [RTGEN 206-101] Setting dangling out port 'matrix_mul_Pipeline_readB_inner/m_axi_gmem1_ARPROT' to 0.
WARNING: [RTGEN 206-101] Setting dangling out port 'matrix_mul_Pipeline_readB_inner/m_axi_gmem1_ARQOS' to 0.
WARNING: [RTGEN 206-101] Setting dangling out port 'matrix_mul_Pipeline_readB_inner/m_axi_gmem1_ARREGION' to 0.
WARNING: [RTGEN 206-101] Setting dangling out port 'matrix_mul_Pipeline_readB_inner/m_axi_gmem1_ARUSER' to 0.
INFO: [RTGEN 206-104] Estimated max fanout for 'matrix_mul_Pipeline_readB_inner' is 10240 from HDL expression: ((1'b0 == ap_block_pp0_stage0) & (ap_enable_reg_pp0_iter2 == 1'b1))
INFO: [RTGEN 206-100] Finished creating RTL model for 'matrix_mul_Pipeline_readB_inner'.
INFO: [HLS 200-111] Finished Creating RTL model: CPU user time: 0.8 seconds. CPU system time: 0 seconds. Elapsed time: 1.05 seconds; current allocated memory: 654.008 MB.
INFO: [HLS 200-10] ----------------------------------------------------------------
INFO: [HLS 200-10] -- Generating RTL for module 'matrix_mul_Pipeline_initC_initC_inner' 
INFO: [HLS 200-10] ----------------------------------------------------------------
INFO: [HLS 200-1030] Apply Unified Pipeline Control on module 'matrix_mul_Pipeline_initC_initC_inner' pipeline 'initC_initC_inner' pipeline type 'loop pipeline'
INFO: [RTGEN 206-100] Finished creating RTL model for 'matrix_mul_Pipeline_initC_initC_inner'.
INFO: [HLS 200-111] Finished Creating RTL model: CPU user time: 0.67 seconds. CPU system time: 0 seconds. Elapsed time: 0.66 seconds; current allocated memory: 672.176 MB.
INFO: [HLS 200-10] ----------------------------------------------------------------
INFO: [HLS 200-10] -- Generating RTL for module 'matrix_mul_Pipeline_writeC_inner' 
