Wed Nov 13 11:38:19 2024: Running xcd server. This server was built by gradle.
Wed Nov 13 11:38:19 2024: Server was asked to start on port: '38127'
Wed Nov 13 11:38:19 2024: Server is using token UUID: '50f5c0be-fdc6-4f34-9940-74afea439c64'
Wed Nov 13 11:38:19 2024: SESSION_MGR: creating session with session uuid: '6d04a3e9-ade5-4ab9-8d63-1f78fcd2ec76' and name 'default'
Wed Nov 13 11:38:19 2024: Attempting to start server on port '38127'
Wed Nov 13 11:38:19 2024: XCD main fifo: created main fifo '/tmp/xcdmain50f5c0be-fdc6-4f34-9940-74afea439c64', fd read = 13
Wed Nov 13 11:38:19 2024: Running Dispatch Server
Wed Nov 13 11:38:19 2024: Version 2.2.0
Wed Nov 13 11:38:28 2024: Dispatch Server: Accepted socket connection from client
Wed Nov 13 11:38:28 2024: Starting Socket connection
Wed Nov 13 11:38:28 2024: EXCHANGE_TOKEN received, server token: 50f5c0be-fdc6-4f34-9940-74afea439c64, passed token: 50f5c0be-fdc6-4f34-9940-74afea439c64
Wed Nov 13 11:38:28 2024: DISPATCH_HANDLER: Adding handler from function makeHandler in library libxv_system_diagram
Wed Nov 13 11:38:28 2024: SESSION_MGR: creating session with session uuid: 'c0de6fe6-0b2c-4562-ad0e-825d5efa17c3' and name 'v++_compile_matrix_mul'
Wed Nov 13 11:38:28 2024: KERNEL_SVC: creating session with uuid: 'c0de6fe6-0b2c-4562-ad0e-825d5efa17c3' and name 'v++_compile_matrix_mul'
Wed Nov 13 11:38:28 2024: GUIDANCE_SMGR: creating guidance session with uuid: 'c0de6fe6-0b2c-4562-ad0e-825d5efa17c3' and name 'v++_compile_matrix_mul'
Wed Nov 13 11:38:28 2024: SYSTEM_DIAGRAM: creating session with uuid: 'c0de6fe6-0b2c-4562-ad0e-825d5efa17c3' and name 'v++_compile_matrix_mul'
Wed Nov 13 11:38:30 2024: SESSION_MGR: closing session for UUID 'c0de6fe6-0b2c-4562-ad0e-825d5efa17c3' with name 'v++_compile_matrix_mul'
Wed Nov 13 11:38:30 2024: KERNEL_SVC: closing session for UUID 'c0de6fe6-0b2c-4562-ad0e-825d5efa17c3' with name 'v++_compile_matrix_mul'
Wed Nov 13 11:38:30 2024: GUIDANCE_SMGR: closing session for UUID 'c0de6fe6-0b2c-4562-ad0e-825d5efa17c3' with name 'v++_compile_matrix_mul'
Wed Nov 13 11:38:30 2024: SYSTEM_DIAGRAM: closing session for UUID 'c0de6fe6-0b2c-4562-ad0e-825d5efa17c3' with name 'v++_compile_matrix_mul'
Wed Nov 13 11:38:30 2024: STOP_SERVER received, server token: 50f5c0be-fdc6-4f34-9940-74afea439c64, passed token: 50f5c0be-fdc6-4f34-9940-74afea439c64
Wed Nov 13 11:38:30 2024: Socket received request to stop server.
Wed Nov 13 11:38:30 2024: Dispatch Server: do_await_stop
Wed Nov 13 11:38:30 2024: Dispatch Server: stopping mainFifo_
Wed Nov 13 11:38:30 2024: XCD main fifo: Stopping
Wed Nov 13 11:38:30 2024: XCD main fifo: do_read error code: Operation canceled
Wed Nov 13 11:38:30 2024: XCD main fifo: bytes_transferred: 0
Wed Nov 13 11:38:30 2024: SERVER: destructor for server bound to port 38127
Wed Nov 13 11:38:30 2024: XCD main fifo: Good unlink of /tmp/xcdmain50f5c0be-fdc6-4f34-9940-74afea439c64
Wed Nov 13 11:38:30 2024: Server exiting with status 0.
Wed Nov 13 11:38:30 2024: Closing log file.
